<html>
<head>
<title>TestNG:  Test</title>
<link href="../testng.css" rel="stylesheet" type="text/css" />
<link href="../my-testng.css" rel="stylesheet" type="text/css" />

<style type="text/css">
.log { display: none;} 
.stack-trace { display: none;} 
</style>
<script type="text/javascript">
<!--
function flip(e) {
  current = e.style.display;
  if (current == 'block') {
    e.style.display = 'none';
    return 0;
  }
  else {
    e.style.display = 'block';
    return 1;
  }
}

function toggleBox(szDivId, elem, msg1, msg2)
{
  var res = -1;  if (document.getElementById) {
    res = flip(document.getElementById(szDivId));
  }
  else if (document.all) {
    // this is the way old msie versions work
    res = flip(document.all[szDivId]);
  }
  if(elem) {
    if(res == 0) elem.innerHTML = msg1; else elem.innerHTML = msg2;
  }

}

function toggleAllBoxes() {
  if (document.getElementsByTagName) {
    d = document.getElementsByTagName('div');
    for (i = 0; i < d.length; i++) {
      if (d[i].className == 'log') {
        flip(d[i]);
      }
    }
  }
}

// -->
</script>

</head>
<body>
<h2 align='center'>Test</h2><table border='1' align="center">
<tr>
<td>Tests passed/Failed/Skipped:</td><td>116/27/0</td>
</tr><tr>
<td>Started on:</td><td>Thu Aug 21 08:01:49 IST 2025</td>
</tr>
<tr><td>Total time:</td><td>7934 seconds (7934413 ms)</td>
</tr><tr>
<td>Included groups:</td><td></td>
</tr><tr>
<td>Excluded groups:</td><td></td>
</tr>
</table><p/>
<small><i>(Hover the method name to see the test class name)</i></small><p/>
<table width='100%' border='1' class='invocation-failed'>
<tr><td colspan='4' align='center'><b>FAILED TESTS</b></td></tr>
<tr><td><b>Test method</b></td>
<td><b>Attribute(s)</b></td>
<td width="30%"><b>Exception</b></td>
<td width="10%"><b>Time (seconds)</b></td>
<td><b>Instance</b></td>
</tr>
<tr>
<td title='com.Capium365.RunnerFiles.Capium365_Receipts_Suppliers_Runner.runScenario()'><b>runScenario</b><br>Test class: com.Capium365.RunnerFiles.Capium365_Receipts_Suppliers_Runner<br>Test method: Runs Cucumber Scenarios<br>Parameters: "Validate Payment Account Dropdown in Edit Supplier Page", "Verify Suppliers in Receipts tab"</td>
<td><div><pre>org.openqa.selenium.TimeoutException: Expected condition failed: waiting for element to be clickable: By.xpath: //div[contains(@class,&apos;cdk-overlay&apos;)]//span[normalize-space(text())=&apos;HDFC (3344)&apos;] | //div[contains(@class,&apos;ng-dropdown-panel&apos;)]//span[normalize-space(text())=&apos;HDFC (3344)&apos;] (tried for 15 second(s) with 500 milliseconds interval)
Build info: version: &apos;4.23.0&apos;, revision: &apos;4df0a231af&apos;
System info: os.name: &apos;Windows 10&apos;, os.arch: &apos;amd64&apos;, os.version: &apos;10.0&apos;, java.version: &apos;17.0.12&apos;
Driver info: org.openqa.selenium.chrome.ChromeDriver
Capabilities {acceptInsecureCerts: false, browserName: chrome, browserVersion: 139.0.7258.128, chrome: {chromedriverVersion: 139.0.7258.138 (884e54ea8d4..., userDataDir: C:\Users\user\AppData\Local...}, fedcm:accounts: true, goog:chromeOptions: {debuggerAddress: localhost:57425}, networkConnectionEnabled: false, pageLoadStrategy: normal, platformName: windows, proxy: Proxy(), se:cdp: ws://localhost:57425/devtoo..., se:cdpVersion: 139.0.7258.128, setWindowRect: true, strictFileInteractability: false, timeouts: {implicit: 0, pageLoad: 300000, script: 30000}, unhandledPromptBehavior: dismiss and notify, webauthn:extension:credBlob: true, webauthn:extension:largeBlob: true, webauthn:extension:minPinLength: true, webauthn:extension:prf: true, webauthn:virtualAuthenticators: true}
Session ID: 16d83a7e543686abacc1b7888d00c888
	at org.openqa.selenium.support.ui.WebDriverWait.timeoutException(WebDriverWait.java:84)
	at org.openqa.selenium.support.ui.FluentWait.until(FluentWait.java:228)
	at com.Capium.Utilites.HelperClass.selectFromStatusDropdown(HelperClass.java:799)
	at com.Capium365.Actions.Capium365_Receipts_Supplier_Actions.ValidatePaymentAccountDropdown(Capium365_Receipts_Supplier_Actions.java:91)
	at com.Capium365.StepDefination.Capium365_Receipts_Supplier_StepDefination.validate_payment_account_dropdown(Capium365_Receipts_Supplier_StepDefination.java:43)
	at ✽.Validate Payment Account dropdown(file:///D:/Core%20Modules/Capium365/src/test/resources/Capium365FeatureFiles/Capium365_Receipts_Supplier.feature:229)
</pre></div><a href='#' onClick='toggleBox("stack-trace252116102", this, "Click to show all stack frames", "Click to hide stack frames")'>Click to show all stack frames</a>
<div class='stack-trace' id='stack-trace252116102'><pre>org.openqa.selenium.TimeoutException: Expected condition failed: waiting for element to be clickable: By.xpath: //div[contains(@class,&apos;cdk-overlay&apos;)]//span[normalize-space(text())=&apos;HDFC (3344)&apos;] | //div[contains(@class,&apos;ng-dropdown-panel&apos;)]//span[normalize-space(text())=&apos;HDFC (3344)&apos;] (tried for 15 second(s) with 500 milliseconds interval)
Build info: version: &apos;4.23.0&apos;, revision: &apos;4df0a231af&apos;
System info: os.name: &apos;Windows 10&apos;, os.arch: &apos;amd64&apos;, os.version: &apos;10.0&apos;, java.version: &apos;17.0.12&apos;
Driver info: org.openqa.selenium.chrome.ChromeDriver
Capabilities {acceptInsecureCerts: false, browserName: chrome, browserVersion: 139.0.7258.128, chrome: {chromedriverVersion: 139.0.7258.138 (884e54ea8d4..., userDataDir: C:\Users\user\AppData\Local...}, fedcm:accounts: true, goog:chromeOptions: {debuggerAddress: localhost:57425}, networkConnectionEnabled: false, pageLoadStrategy: normal, platformName: windows, proxy: Proxy(), se:cdp: ws://localhost:57425/devtoo..., se:cdpVersion: 139.0.7258.128, setWindowRect: true, strictFileInteractability: false, timeouts: {implicit: 0, pageLoad: 300000, script: 30000}, unhandledPromptBehavior: dismiss and notify, webauthn:extension:credBlob: true, webauthn:extension:largeBlob: true, webauthn:extension:minPinLength: true, webauthn:extension:prf: true, webauthn:virtualAuthenticators: true}
Session ID: 16d83a7e543686abacc1b7888d00c888
	at org.openqa.selenium.support.ui.WebDriverWait.timeoutException(WebDriverWait.java:84)
	at org.openqa.selenium.support.ui.FluentWait.until(FluentWait.java:228)
	at com.Capium.Utilites.HelperClass.selectFromStatusDropdown(HelperClass.java:799)
	at com.Capium365.Actions.Capium365_Receipts_Supplier_Actions.ValidatePaymentAccountDropdown(Capium365_Receipts_Supplier_Actions.java:91)
	at com.Capium365.StepDefination.Capium365_Receipts_Supplier_StepDefination.validate_payment_account_dropdown(Capium365_Receipts_Supplier_StepDefination.java:43)
	at ✽.Validate Payment Account dropdown(file:///D:/Core%20Modules/Capium365/src/test/resources/Capium365FeatureFiles/Capium365_Receipts_Supplier.feature:229)
</pre></div></td>
<td>63</td>
<td>com.Capium365.RunnerFiles.Capium365_Receipts_Suppliers_Runner@1757cd72</td></tr>
<tr>
<td title='com.Capium365.RunnerFiles.Capium365_Receipts_Suppliers_Runner.runScenario()'><b>runScenario</b><br>Test class: com.Capium365.RunnerFiles.Capium365_Receipts_Suppliers_Runner<br>Test method: Runs Cucumber Scenarios<br>Parameters: "Validate PaymentAccountDropdown In Add New Supplier Page", "Verify Suppliers in Receipts tab"</td>
<td><div><pre>org.openqa.selenium.TimeoutException: Expected condition failed: waiting for element to be clickable: By.xpath: //div[contains(@class,&apos;cdk-overlay&apos;)]//span[normalize-space(text())=&apos;HDFC (3344)&apos;] | //div[contains(@class,&apos;ng-dropdown-panel&apos;)]//span[normalize-space(text())=&apos;HDFC (3344)&apos;] (tried for 15 second(s) with 500 milliseconds interval)
Build info: version: &apos;4.23.0&apos;, revision: &apos;4df0a231af&apos;
System info: os.name: &apos;Windows 10&apos;, os.arch: &apos;amd64&apos;, os.version: &apos;10.0&apos;, java.version: &apos;17.0.12&apos;
Driver info: org.openqa.selenium.chrome.ChromeDriver
Capabilities {acceptInsecureCerts: false, browserName: chrome, browserVersion: 139.0.7258.128, chrome: {chromedriverVersion: 139.0.7258.138 (884e54ea8d4..., userDataDir: C:\Users\user\AppData\Local...}, fedcm:accounts: true, goog:chromeOptions: {debuggerAddress: localhost:57425}, networkConnectionEnabled: false, pageLoadStrategy: normal, platformName: windows, proxy: Proxy(), se:cdp: ws://localhost:57425/devtoo..., se:cdpVersion: 139.0.7258.128, setWindowRect: true, strictFileInteractability: false, timeouts: {implicit: 0, pageLoad: 300000, script: 30000}, unhandledPromptBehavior: dismiss and notify, webauthn:extension:credBlob: true, webauthn:extension:largeBlob: true, webauthn:extension:minPinLength: true, webauthn:extension:prf: true, webauthn:virtualAuthenticators: true}
Session ID: 16d83a7e543686abacc1b7888d00c888
	at org.openqa.selenium.support.ui.WebDriverWait.timeoutException(WebDriverWait.java:84)
	at org.openqa.selenium.support.ui.FluentWait.until(FluentWait.java:228)
	at com.Capium.Utilites.HelperClass.selectFromStatusDropdown(HelperClass.java:799)
	at com.Capium365.Actions.Capium365_Receipts_Supplier_Actions.ValidatePaymentAccountDropdown(Capium365_Receipts_Supplier_Actions.java:91)
	at com.Capium365.StepDefination.Capium365_Receipts_Supplier_StepDefination.validate_payment_account_dropdown(Capium365_Receipts_Supplier_StepDefination.java:43)
	at ✽.Validate Payment Account dropdown(file:///D:/Core%20Modules/Capium365/src/test/resources/Capium365FeatureFiles/Capium365_Receipts_Supplier.feature:73)
</pre></div><a href='#' onClick='toggleBox("stack-trace786626208", this, "Click to show all stack frames", "Click to hide stack frames")'>Click to show all stack frames</a>
<div class='stack-trace' id='stack-trace786626208'><pre>org.openqa.selenium.TimeoutException: Expected condition failed: waiting for element to be clickable: By.xpath: //div[contains(@class,&apos;cdk-overlay&apos;)]//span[normalize-space(text())=&apos;HDFC (3344)&apos;] | //div[contains(@class,&apos;ng-dropdown-panel&apos;)]//span[normalize-space(text())=&apos;HDFC (3344)&apos;] (tried for 15 second(s) with 500 milliseconds interval)
Build info: version: &apos;4.23.0&apos;, revision: &apos;4df0a231af&apos;
System info: os.name: &apos;Windows 10&apos;, os.arch: &apos;amd64&apos;, os.version: &apos;10.0&apos;, java.version: &apos;17.0.12&apos;
Driver info: org.openqa.selenium.chrome.ChromeDriver
Capabilities {acceptInsecureCerts: false, browserName: chrome, browserVersion: 139.0.7258.128, chrome: {chromedriverVersion: 139.0.7258.138 (884e54ea8d4..., userDataDir: C:\Users\user\AppData\Local...}, fedcm:accounts: true, goog:chromeOptions: {debuggerAddress: localhost:57425}, networkConnectionEnabled: false, pageLoadStrategy: normal, platformName: windows, proxy: Proxy(), se:cdp: ws://localhost:57425/devtoo..., se:cdpVersion: 139.0.7258.128, setWindowRect: true, strictFileInteractability: false, timeouts: {implicit: 0, pageLoad: 300000, script: 30000}, unhandledPromptBehavior: dismiss and notify, webauthn:extension:credBlob: true, webauthn:extension:largeBlob: true, webauthn:extension:minPinLength: true, webauthn:extension:prf: true, webauthn:virtualAuthenticators: true}
Session ID: 16d83a7e543686abacc1b7888d00c888
	at org.openqa.selenium.support.ui.WebDriverWait.timeoutException(WebDriverWait.java:84)
	at org.openqa.selenium.support.ui.FluentWait.until(FluentWait.java:228)
	at com.Capium.Utilites.HelperClass.selectFromStatusDropdown(HelperClass.java:799)
	at com.Capium365.Actions.Capium365_Receipts_Supplier_Actions.ValidatePaymentAccountDropdown(Capium365_Receipts_Supplier_Actions.java:91)
	at com.Capium365.StepDefination.Capium365_Receipts_Supplier_StepDefination.validate_payment_account_dropdown(Capium365_Receipts_Supplier_StepDefination.java:43)
	at ✽.Validate Payment Account dropdown(file:///D:/Core%20Modules/Capium365/src/test/resources/Capium365FeatureFiles/Capium365_Receipts_Supplier.feature:73)
</pre></div></td>
<td>64</td>
<td>com.Capium365.RunnerFiles.Capium365_Receipts_Suppliers_Runner@1757cd72</td></tr>
<tr>
<td title='com.Capium365.RunnerFiles.Capium365_Users_Runner.runScenario()'><b>runScenario</b><br>Test class: com.Capium365.RunnerFiles.Capium365_Users_Runner<br>Test method: Runs Cucumber Scenarios<br>Parameters: "Validate the excel export by clicking the check box", "Validate users tab"</td>
<td><div><pre>org.openqa.selenium.NoSuchElementException: no such element: Unable to locate element: {&quot;method&quot;:&quot;xpath&quot;,&quot;selector&quot;:&quot;//h6[normalize-space()=&apos;365&apos;]&quot;}
  (Session info: chrome=139.0.7258.128)
For documentation on this error, please visit: https://www.selenium.dev/documentation/webdriver/troubleshooting/errors#no-such-element-exception
Build info: version: &apos;4.23.0&apos;, revision: &apos;4df0a231af&apos;
System info: os.name: &apos;Windows 10&apos;, os.arch: &apos;amd64&apos;, os.version: &apos;10.0&apos;, java.version: &apos;17.0.12&apos;
Driver info: org.openqa.selenium.chrome.ChromeDriver
Command: [963544a3aa16e33439f9a31f2e03e67c, findElement {value=//h6[normalize-space()=&apos;365&apos;], using=xpath}]
Capabilities {acceptInsecureCerts: false, browserName: chrome, browserVersion: 139.0.7258.128, chrome: {chromedriverVersion: 139.0.7258.138 (884e54ea8d4..., userDataDir: C:\Users\user\AppData\Local...}, fedcm:accounts: true, goog:chromeOptions: {debuggerAddress: localhost:54557}, networkConnectionEnabled: false, pageLoadStrategy: normal, platformName: windows, proxy: Proxy(), se:cdp: ws://localhost:54557/devtoo..., se:cdpVersion: 139.0.7258.128, setWindowRect: true, strictFileInteractability: false, timeouts: {implicit: 0, pageLoad: 300000, script: 30000}, unhandledPromptBehavior: dismiss and notify, webauthn:extension:credBlob: true, webauthn:extension:largeBlob: true, webauthn:extension:minPinLength: true, webauthn:extension:prf: true, webauthn:virtualAuthenticators: true}
Session ID: 963544a3aa16e33439f9a31f2e03e67c
	at org.openqa.selenium.remote.ErrorCodec.decode(ErrorCodec.java:167)
	at org.openqa.selenium.remote.codec.w3c.W3CHttpResponseCodec.decode(W3CHttpResponseCodec.java:138)
	at org.openqa.selenium.remote.codec.w3c.W3CHttpResponseCodec.decode(W3CHttpResponseCodec.java:50)
	at org.openqa.selenium.remote.HttpCommandExecutor.execute(HttpCommandExecutor.java:190)
	at org.openqa.selenium.remote.service.DriverCommandExecutor.invokeExecute(DriverCommandExecutor.java:216)
	at org.openqa.selenium.remote.service.DriverCommandExecutor.execute(DriverCommandExecutor.java:174)
	at org.openqa.selenium.remote.RemoteWebDriver.execute(RemoteWebDriver.java:527)
	at org.openqa.selenium.remote.ElementLocation$ElementFinder$2.findElement(ElementLocation.java:165)
	at org.openqa.selenium.remote.ElementLocation.findElement(ElementLocation.java:59)
	at org.openqa.selenium.remote.RemoteWebDriver.findElement(RemoteWebDriver.java:357)
	at org.openqa.selenium.remote.RemoteWebDriver.findElement(RemoteWebDriver.java:351)
	at com.Capium.Utilites.HelperClass.isElementPresent(HelperClass.java:237)
	at com.Capium365.Actions.LoginActions.clickCapium365ClientLogin(LoginActions.java:97)
	at com.Capium365.StepDefination.LoginStepDefination.click_on_capium365_client_login(LoginStepDefination.java:34)
	at ✽.Click on Capium365 Client login(file:///D:/Core%20Modules/Capium365/src/test/resources/Capium365FeatureFiles/Capium365_Users.feature:6)
... Removed 4 stack frames</pre></div><a href='#' onClick='toggleBox("stack-trace1793982829", this, "Click to show all stack frames", "Click to hide stack frames")'>Click to show all stack frames</a>
<div class='stack-trace' id='stack-trace1793982829'><pre>org.openqa.selenium.NoSuchElementException: no such element: Unable to locate element: {&quot;method&quot;:&quot;xpath&quot;,&quot;selector&quot;:&quot;//h6[normalize-space()=&apos;365&apos;]&quot;}
  (Session info: chrome=139.0.7258.128)
For documentation on this error, please visit: https://www.selenium.dev/documentation/webdriver/troubleshooting/errors#no-such-element-exception
Build info: version: &apos;4.23.0&apos;, revision: &apos;4df0a231af&apos;
System info: os.name: &apos;Windows 10&apos;, os.arch: &apos;amd64&apos;, os.version: &apos;10.0&apos;, java.version: &apos;17.0.12&apos;
Driver info: org.openqa.selenium.chrome.ChromeDriver
Command: [963544a3aa16e33439f9a31f2e03e67c, findElement {value=//h6[normalize-space()=&apos;365&apos;], using=xpath}]
Capabilities {acceptInsecureCerts: false, browserName: chrome, browserVersion: 139.0.7258.128, chrome: {chromedriverVersion: 139.0.7258.138 (884e54ea8d4..., userDataDir: C:\Users\user\AppData\Local...}, fedcm:accounts: true, goog:chromeOptions: {debuggerAddress: localhost:54557}, networkConnectionEnabled: false, pageLoadStrategy: normal, platformName: windows, proxy: Proxy(), se:cdp: ws://localhost:54557/devtoo..., se:cdpVersion: 139.0.7258.128, setWindowRect: true, strictFileInteractability: false, timeouts: {implicit: 0, pageLoad: 300000, script: 30000}, unhandledPromptBehavior: dismiss and notify, webauthn:extension:credBlob: true, webauthn:extension:largeBlob: true, webauthn:extension:minPinLength: true, webauthn:extension:prf: true, webauthn:virtualAuthenticators: true}
Session ID: 963544a3aa16e33439f9a31f2e03e67c
	at jdk.internal.reflect.GeneratedConstructorAccessor28.newInstance(Unknown Source)
	at java.base/jdk.internal.reflect.DelegatingConstructorAccessorImpl.newInstance(DelegatingConstructorAccessorImpl.java:45)
	at java.base/java.lang.reflect.Constructor.newInstanceWithCaller(Constructor.java:499)
	at java.base/java.lang.reflect.Constructor.newInstance(Constructor.java:480)
	at org.openqa.selenium.remote.ErrorCodec.decode(ErrorCodec.java:167)
	at org.openqa.selenium.remote.codec.w3c.W3CHttpResponseCodec.decode(W3CHttpResponseCodec.java:138)
	at org.openqa.selenium.remote.codec.w3c.W3CHttpResponseCodec.decode(W3CHttpResponseCodec.java:50)
	at org.openqa.selenium.remote.HttpCommandExecutor.execute(HttpCommandExecutor.java:190)
	at org.openqa.selenium.remote.service.DriverCommandExecutor.invokeExecute(DriverCommandExecutor.java:216)
	at org.openqa.selenium.remote.service.DriverCommandExecutor.execute(DriverCommandExecutor.java:174)
	at org.openqa.selenium.remote.RemoteWebDriver.execute(RemoteWebDriver.java:527)
	at org.openqa.selenium.remote.ElementLocation$ElementFinder$2.findElement(ElementLocation.java:165)
	at org.openqa.selenium.remote.ElementLocation.findElement(ElementLocation.java:59)
	at org.openqa.selenium.remote.RemoteWebDriver.findElement(RemoteWebDriver.java:357)
	at org.openqa.selenium.remote.RemoteWebDriver.findElement(RemoteWebDriver.java:351)
	at com.Capium.Utilites.HelperClass.isElementPresent(HelperClass.java:237)
	at com.Capium365.Actions.LoginActions.clickCapium365ClientLogin(LoginActions.java:97)
	at com.Capium365.StepDefination.LoginStepDefination.click_on_capium365_client_login(LoginStepDefination.java:34)
	at ✽.Click on Capium365 Client login(file:///D:/Core%20Modules/Capium365/src/test/resources/Capium365FeatureFiles/Capium365_Users.feature:6)
</pre></div></td>
<td>71</td>
<td>com.Capium365.RunnerFiles.Capium365_Users_Runner@26b3fd41</td></tr>
<tr>
<td title='com.Capium365.RunnerFiles.Capium365_BankTab_Runner.runScenario()'><b>runScenario</b><br>Test class: com.Capium365.RunnerFiles.Capium365_BankTab_Runner<br>Test method: Runs Cucumber Scenarios<br>Parameters: "Validate delete bank account", "Validate bank tab"</td>
<td><div><pre>org.openqa.selenium.TimeoutException: Expected condition failed: waiting for visibility of [[ChromeDriver: chrome on windows (78e524eba0bce0154796eb4ef43f0572)] -&gt; xpath: //button[contains(@class, &apos;delete-button&apos;) and .//mat-icon[text()=&apos;delete_outline&apos;]]] (tried for 10 second(s) with 500 milliseconds interval)
Build info: version: &apos;4.23.0&apos;, revision: &apos;4df0a231af&apos;
System info: os.name: &apos;Windows 10&apos;, os.arch: &apos;amd64&apos;, os.version: &apos;10.0&apos;, java.version: &apos;17.0.12&apos;
Driver info: org.openqa.selenium.chrome.ChromeDriver
Capabilities {acceptInsecureCerts: false, browserName: chrome, browserVersion: 139.0.7258.128, chrome: {chromedriverVersion: 139.0.7258.138 (884e54ea8d4..., userDataDir: C:\Users\user\AppData\Local...}, fedcm:accounts: true, goog:chromeOptions: {debuggerAddress: localhost:53564}, networkConnectionEnabled: false, pageLoadStrategy: normal, platformName: windows, proxy: Proxy(), se:cdp: ws://localhost:53564/devtoo..., se:cdpVersion: 139.0.7258.128, setWindowRect: true, strictFileInteractability: false, timeouts: {implicit: 0, pageLoad: 300000, script: 30000}, unhandledPromptBehavior: dismiss and notify, webauthn:extension:credBlob: true, webauthn:extension:largeBlob: true, webauthn:extension:minPinLength: true, webauthn:extension:prf: true, webauthn:virtualAuthenticators: true}
Session ID: 78e524eba0bce0154796eb4ef43f0572
	at org.openqa.selenium.support.ui.WebDriverWait.timeoutException(WebDriverWait.java:84)
	at org.openqa.selenium.support.ui.FluentWait.until(FluentWait.java:228)
	at com.Capium365.Actions.Capium365_BankTab_Actions.Deleteaccount(Capium365_BankTab_Actions.java:71)
	at com.Capium365.StepDefination.Capium365_BankTab_Stepdefination.select_bank_account(Capium365_BankTab_Stepdefination.java:52)
	at ✽.Delete account(file:///D:/Core%20Modules/Capium365/src/test/resources/Capium365FeatureFiles/Capium365_BankTab.feature:113)
</pre></div><a href='#' onClick='toggleBox("stack-trace1922841304", this, "Click to show all stack frames", "Click to hide stack frames")'>Click to show all stack frames</a>
<div class='stack-trace' id='stack-trace1922841304'><pre>org.openqa.selenium.TimeoutException: Expected condition failed: waiting for visibility of [[ChromeDriver: chrome on windows (78e524eba0bce0154796eb4ef43f0572)] -&gt; xpath: //button[contains(@class, &apos;delete-button&apos;) and .//mat-icon[text()=&apos;delete_outline&apos;]]] (tried for 10 second(s) with 500 milliseconds interval)
Build info: version: &apos;4.23.0&apos;, revision: &apos;4df0a231af&apos;
System info: os.name: &apos;Windows 10&apos;, os.arch: &apos;amd64&apos;, os.version: &apos;10.0&apos;, java.version: &apos;17.0.12&apos;
Driver info: org.openqa.selenium.chrome.ChromeDriver
Capabilities {acceptInsecureCerts: false, browserName: chrome, browserVersion: 139.0.7258.128, chrome: {chromedriverVersion: 139.0.7258.138 (884e54ea8d4..., userDataDir: C:\Users\user\AppData\Local...}, fedcm:accounts: true, goog:chromeOptions: {debuggerAddress: localhost:53564}, networkConnectionEnabled: false, pageLoadStrategy: normal, platformName: windows, proxy: Proxy(), se:cdp: ws://localhost:53564/devtoo..., se:cdpVersion: 139.0.7258.128, setWindowRect: true, strictFileInteractability: false, timeouts: {implicit: 0, pageLoad: 300000, script: 30000}, unhandledPromptBehavior: dismiss and notify, webauthn:extension:credBlob: true, webauthn:extension:largeBlob: true, webauthn:extension:minPinLength: true, webauthn:extension:prf: true, webauthn:virtualAuthenticators: true}
Session ID: 78e524eba0bce0154796eb4ef43f0572
	at org.openqa.selenium.support.ui.WebDriverWait.timeoutException(WebDriverWait.java:84)
	at org.openqa.selenium.support.ui.FluentWait.until(FluentWait.java:228)
	at com.Capium365.Actions.Capium365_BankTab_Actions.Deleteaccount(Capium365_BankTab_Actions.java:71)
	at com.Capium365.StepDefination.Capium365_BankTab_Stepdefination.select_bank_account(Capium365_BankTab_Stepdefination.java:52)
	at ✽.Delete account(file:///D:/Core%20Modules/Capium365/src/test/resources/Capium365FeatureFiles/Capium365_BankTab.feature:113)
</pre></div></td>
<td>42</td>
<td>com.Capium365.RunnerFiles.Capium365_BankTab_Runner@192c3f1e</td></tr>
<tr>
<td title='com.Capium365.RunnerFiles.Capium365_Users_Runner.runScenario()'><b>runScenario</b><br>Test class: com.Capium365.RunnerFiles.Capium365_Users_Runner<br>Test method: Runs Cucumber Scenarios<br>Parameters: "Validate the edit user page", "Validate users tab"</td>
<td><div><pre>org.openqa.selenium.TimeoutException: Expected condition failed: waiting for element to be clickable: Proxy element for: DefaultElementLocator &apos;By.xpath: //mat-icon[@role=&apos;img&apos; and text()=&apos;group&apos;]&apos; (tried for 10 second(s) with 500 milliseconds interval)
	at org.openqa.selenium.support.ui.WebDriverWait.timeoutException(WebDriverWait.java:84)
	at org.openqa.selenium.support.ui.FluentWait.until(FluentWait.java:228)
	at com.Capium.Utilites.HelperClass.waitUntilVisible(HelperClass.java:273)
	at com.Capium365.Actions.Capium365_Users_Actions.Clickonuserstab(Capium365_Users_Actions.java:37)
	at com.Capium365.StepDefination.Capium365_Users_Stepdefination.click_on_users_tab(Capium365_Users_Stepdefination.java:21)
	at ✽.Click on users tab(file:///D:/Core%20Modules/Capium365/src/test/resources/Capium365FeatureFiles/Capium365_Users.feature:61)
Caused by: org.openqa.selenium.NoSuchElementException: no such element: Unable to locate element: {&quot;method&quot;:&quot;xpath&quot;,&quot;selector&quot;:&quot;//mat-icon[@role=&apos;img&apos; and text()=&apos;group&apos;]&quot;}
  (Session info: chrome=139.0.7258.128)
For documentation on this error, please visit: https://www.selenium.dev/documentation/webdriver/troubleshooting/errors#no-such-element-exception
Build info: version: &apos;4.23.0&apos;, revision: &apos;4df0a231af&apos;
System info: os.name: &apos;Windows 10&apos;, os.arch: &apos;amd64&apos;, os.version: &apos;10.0&apos;, java.version: &apos;17.0.12&apos;
Driver info: org.openqa.selenium.chrome.ChromeDriver
Command: [963544a3aa16e33439f9a31f2e03e67c, findElement {value=//mat-icon[@role=&apos;img&apos; and text()=&apos;group&apos;], using=xpath}]
Capabilities {acceptInsecureCerts: false, browserName: chrome, browserVersion: 139.0.7258.128, chrome: {chromedriverVersion: 139.0.7258.138 (884e54ea8d4..., userDataDir: C:\Users\user\AppData\Local...}, fedcm:accounts: true, goog:chromeOptions: {debuggerAddress: localhost:54557}, networkConnectionEnabled: false, pageLoadStrategy: normal, platformName: windows, proxy: Proxy(), se:cdp: ws://localhost:54557/devtoo..., se:cdpVersion: 139.0.7258.128, setWindowRect: true, strictFileInteractability: false, timeouts: {implicit: 0, pageLoad: 300000, script: 30000}, unhandledPromptBehavior: dismiss and notify, webauthn:extension:credBlob: true, webauthn:extension:largeBlob: true, webauthn:extension:minPinLength: true, webauthn:extension:prf: true, webauthn:virtualAuthenticators: true}
Session ID: 963544a3aa16e33439f9a31f2e03e67c
	at org.openqa.selenium.remote.ErrorCodec.decode(ErrorCodec.java:167)
	at org.openqa.selenium.remote.codec.w3c.W3CHttpResponseCodec.decode(W3CHttpResponseCodec.java:138)
	at org.openqa.selenium.remote.codec.w3c.W3CHttpResponseCodec.decode(W3CHttpResponseCodec.java:50)
	at org.openqa.selenium.remote.HttpCommandExecutor.execute(HttpCommandExecutor.java:190)
	at org.openqa.selenium.remote.service.DriverCommandExecutor.invokeExecute(DriverCommandExecutor.java:216)
	at org.openqa.selenium.remote.service.DriverCommandExecutor.execute(DriverCommandExecutor.java:174)
	at org.openqa.selenium.remote.RemoteWebDriver.execute(RemoteWebDriver.java:527)
	at org.openqa.selenium.remote.ElementLocation$ElementFinder$2.findElement(ElementLocation.java:165)
	at org.openqa.selenium.remote.ElementLocation.findElement(ElementLocation.java:59)
	at org.openqa.selenium.remote.RemoteWebDriver.findElement(RemoteWebDriver.java:357)
	at org.openqa.selenium.remote.RemoteWebDriver.findElement(RemoteWebDriver.java:351)
	at org.openqa.selenium.support.pagefactory.DefaultElementLocator.findElement(DefaultElementLocator.java:68)
	at org.openqa.selenium.support.pagefactory.internal.LocatingElementHandler.invoke(LocatingElementHandler.java:38)
	at jdk.proxy2/jdk.proxy2.$Proxy43.isDisplayed(Unknown Source)
	at org.openqa.selenium.support.ui.ExpectedConditions.elementIfVisible(ExpectedConditions.java:304)
	at org.openqa.selenium.support.ui.ExpectedConditions$10.apply(ExpectedConditions.java:290)
	at org.openqa.selenium.support.ui.ExpectedConditions$10.apply(ExpectedConditions.java:287)
	at org.openqa.selenium.support.ui.ExpectedConditions$23.apply(ExpectedConditions.java:656)
	at org.openqa.selenium.support.ui.ExpectedConditions$23.apply(ExpectedConditions.java:652)
	at org.openqa.selenium.support.ui.FluentWait.until(FluentWait.java:203)
	at com.Capium.Utilites.HelperClass.waitUntilVisible(HelperClass.java:273)
	at com.Capium365.Actions.Capium365_Users_Actions.Clickonuserstab(Capium365_Users_Actions.java:37)
	at com.Capium365.StepDefination.Capium365_Users_Stepdefination.click_on_users_tab(Capium365_Users_Stepdefination.java:21)
	at io.cucumber.java.Invoker.doInvoke(Invoker.java:66)
	at io.cucumber.java.Invoker.invoke(Invoker.java:24)
	at io.cucumber.java.AbstractGlueDefinition.invokeMethod(AbstractGlueDefinition.java:47)
	at io.cucumber.java.JavaStepDefinition.execute(JavaStepDefinition.java:29)
	at io.cucumber.core.runner.CoreStepDefinition.execute(CoreStepDefinition.java:66)
	at io.cucumber.core.runner.PickleStepDefinitionMatch.runStep(PickleStepDefinitionMatch.java:63)
	at io.cucumber.core.runner.ExecutionMode$1.execute(ExecutionMode.java:10)
	at io.cucumber.core.runner.TestStep.executeStep(TestStep.java:81)
	at io.cucumber.core.runner.TestStep.run(TestStep.java:53)
	at io.cucumber.core.runner.PickleStepTestStep.run(PickleStepTestStep.java:51)
	at io.cucumber.core.runner.TestCase.run(TestCase.java:84)
	at io.cucumber.core.runner.Runner.runPickle(Runner.java:75)
	at io.cucumber.testng.TestNGCucumberRunner.lambda$runScenario$1(TestNGCucumberRunner.java:132)
	at io.cucumber.core.runtime.CucumberExecutionContext.lambda$runTestCase$5(CucumberExecutionContext.java:136)
	at io.cucumber.core.runtime.RethrowingThrowableCollector.executeAndThrow(RethrowingThrowableCollector.java:23)
	at io.cucumber.core.runtime.CucumberExecutionContext.runTestCase(CucumberExecutionContext.java:136)
	at io.cucumber.testng.TestNGCucumberRunner.runScenario(TestNGCucumberRunner.java:129)
	at io.cucumber.testng.AbstractTestNGCucumberTests.runScenario(AbstractTestNGCucumberTests.java:35)
	at java.base/java.util.ArrayList.forEach(ArrayList.java:1511)
... Removed 34 stack frames</pre></div><a href='#' onClick='toggleBox("stack-trace1691416215", this, "Click to show all stack frames", "Click to hide stack frames")'>Click to show all stack frames</a>
<div class='stack-trace' id='stack-trace1691416215'><pre>org.openqa.selenium.TimeoutException: Expected condition failed: waiting for element to be clickable: Proxy element for: DefaultElementLocator &apos;By.xpath: //mat-icon[@role=&apos;img&apos; and text()=&apos;group&apos;]&apos; (tried for 10 second(s) with 500 milliseconds interval)
	at org.openqa.selenium.support.ui.WebDriverWait.timeoutException(WebDriverWait.java:84)
	at org.openqa.selenium.support.ui.FluentWait.until(FluentWait.java:228)
	at com.Capium.Utilites.HelperClass.waitUntilVisible(HelperClass.java:273)
	at com.Capium365.Actions.Capium365_Users_Actions.Clickonuserstab(Capium365_Users_Actions.java:37)
	at com.Capium365.StepDefination.Capium365_Users_Stepdefination.click_on_users_tab(Capium365_Users_Stepdefination.java:21)
	at ✽.Click on users tab(file:///D:/Core%20Modules/Capium365/src/test/resources/Capium365FeatureFiles/Capium365_Users.feature:61)
Caused by: org.openqa.selenium.NoSuchElementException: no such element: Unable to locate element: {&quot;method&quot;:&quot;xpath&quot;,&quot;selector&quot;:&quot;//mat-icon[@role=&apos;img&apos; and text()=&apos;group&apos;]&quot;}
  (Session info: chrome=139.0.7258.128)
For documentation on this error, please visit: https://www.selenium.dev/documentation/webdriver/troubleshooting/errors#no-such-element-exception
Build info: version: &apos;4.23.0&apos;, revision: &apos;4df0a231af&apos;
System info: os.name: &apos;Windows 10&apos;, os.arch: &apos;amd64&apos;, os.version: &apos;10.0&apos;, java.version: &apos;17.0.12&apos;
Driver info: org.openqa.selenium.chrome.ChromeDriver
Command: [963544a3aa16e33439f9a31f2e03e67c, findElement {value=//mat-icon[@role=&apos;img&apos; and text()=&apos;group&apos;], using=xpath}]
Capabilities {acceptInsecureCerts: false, browserName: chrome, browserVersion: 139.0.7258.128, chrome: {chromedriverVersion: 139.0.7258.138 (884e54ea8d4..., userDataDir: C:\Users\user\AppData\Local...}, fedcm:accounts: true, goog:chromeOptions: {debuggerAddress: localhost:54557}, networkConnectionEnabled: false, pageLoadStrategy: normal, platformName: windows, proxy: Proxy(), se:cdp: ws://localhost:54557/devtoo..., se:cdpVersion: 139.0.7258.128, setWindowRect: true, strictFileInteractability: false, timeouts: {implicit: 0, pageLoad: 300000, script: 30000}, unhandledPromptBehavior: dismiss and notify, webauthn:extension:credBlob: true, webauthn:extension:largeBlob: true, webauthn:extension:minPinLength: true, webauthn:extension:prf: true, webauthn:virtualAuthenticators: true}
Session ID: 963544a3aa16e33439f9a31f2e03e67c
	at jdk.internal.reflect.GeneratedConstructorAccessor28.newInstance(Unknown Source)
	at java.base/jdk.internal.reflect.DelegatingConstructorAccessorImpl.newInstance(DelegatingConstructorAccessorImpl.java:45)
	at java.base/java.lang.reflect.Constructor.newInstanceWithCaller(Constructor.java:499)
	at java.base/java.lang.reflect.Constructor.newInstance(Constructor.java:480)
	at org.openqa.selenium.remote.ErrorCodec.decode(ErrorCodec.java:167)
	at org.openqa.selenium.remote.codec.w3c.W3CHttpResponseCodec.decode(W3CHttpResponseCodec.java:138)
	at org.openqa.selenium.remote.codec.w3c.W3CHttpResponseCodec.decode(W3CHttpResponseCodec.java:50)
	at org.openqa.selenium.remote.HttpCommandExecutor.execute(HttpCommandExecutor.java:190)
	at org.openqa.selenium.remote.service.DriverCommandExecutor.invokeExecute(DriverCommandExecutor.java:216)
	at org.openqa.selenium.remote.service.DriverCommandExecutor.execute(DriverCommandExecutor.java:174)
	at org.openqa.selenium.remote.RemoteWebDriver.execute(RemoteWebDriver.java:527)
	at org.openqa.selenium.remote.ElementLocation$ElementFinder$2.findElement(ElementLocation.java:165)
	at org.openqa.selenium.remote.ElementLocation.findElement(ElementLocation.java:59)
	at org.openqa.selenium.remote.RemoteWebDriver.findElement(RemoteWebDriver.java:357)
	at org.openqa.selenium.remote.RemoteWebDriver.findElement(RemoteWebDriver.java:351)
	at org.openqa.selenium.support.pagefactory.DefaultElementLocator.findElement(DefaultElementLocator.java:68)
	at org.openqa.selenium.support.pagefactory.internal.LocatingElementHandler.invoke(LocatingElementHandler.java:38)
	at jdk.proxy2/jdk.proxy2.$Proxy43.isDisplayed(Unknown Source)
	at org.openqa.selenium.support.ui.ExpectedConditions.elementIfVisible(ExpectedConditions.java:304)
	at org.openqa.selenium.support.ui.ExpectedConditions$10.apply(ExpectedConditions.java:290)
	at org.openqa.selenium.support.ui.ExpectedConditions$10.apply(ExpectedConditions.java:287)
	at org.openqa.selenium.support.ui.ExpectedConditions$23.apply(ExpectedConditions.java:656)
	at org.openqa.selenium.support.ui.ExpectedConditions$23.apply(ExpectedConditions.java:652)
	at org.openqa.selenium.support.ui.FluentWait.until(FluentWait.java:203)
	at com.Capium.Utilites.HelperClass.waitUntilVisible(HelperClass.java:273)
	at com.Capium365.Actions.Capium365_Users_Actions.Clickonuserstab(Capium365_Users_Actions.java:37)
	at com.Capium365.StepDefination.Capium365_Users_Stepdefination.click_on_users_tab(Capium365_Users_Stepdefination.java:21)
	at java.base/jdk.internal.reflect.NativeMethodAccessorImpl.invoke0(Native Method)
	at java.base/jdk.internal.reflect.NativeMethodAccessorImpl.invoke(NativeMethodAccessorImpl.java:77)
	at java.base/jdk.internal.reflect.DelegatingMethodAccessorImpl.invoke(DelegatingMethodAccessorImpl.java:43)
	at java.base/java.lang.reflect.Method.invoke(Method.java:568)
	at io.cucumber.java.Invoker.doInvoke(Invoker.java:66)
	at io.cucumber.java.Invoker.invoke(Invoker.java:24)
	at io.cucumber.java.AbstractGlueDefinition.invokeMethod(AbstractGlueDefinition.java:47)
	at io.cucumber.java.JavaStepDefinition.execute(JavaStepDefinition.java:29)
	at io.cucumber.core.runner.CoreStepDefinition.execute(CoreStepDefinition.java:66)
	at io.cucumber.core.runner.PickleStepDefinitionMatch.runStep(PickleStepDefinitionMatch.java:63)
	at io.cucumber.core.runner.ExecutionMode$1.execute(ExecutionMode.java:10)
	at io.cucumber.core.runner.TestStep.executeStep(TestStep.java:81)
	at io.cucumber.core.runner.TestStep.run(TestStep.java:53)
	at io.cucumber.core.runner.PickleStepTestStep.run(PickleStepTestStep.java:51)
	at io.cucumber.core.runner.TestCase.run(TestCase.java:84)
	at io.cucumber.core.runner.Runner.runPickle(Runner.java:75)
	at io.cucumber.testng.TestNGCucumberRunner.lambda$runScenario$1(TestNGCucumberRunner.java:132)
	at io.cucumber.core.runtime.CucumberExecutionContext.lambda$runTestCase$5(CucumberExecutionContext.java:136)
	at io.cucumber.core.runtime.RethrowingThrowableCollector.executeAndThrow(RethrowingThrowableCollector.java:23)
	at io.cucumber.core.runtime.CucumberExecutionContext.runTestCase(CucumberExecutionContext.java:136)
	at io.cucumber.testng.TestNGCucumberRunner.runScenario(TestNGCucumberRunner.java:129)
	at io.cucumber.testng.AbstractTestNGCucumberTests.runScenario(AbstractTestNGCucumberTests.java:35)
	at jdk.internal.reflect.GeneratedMethodAccessor94.invoke(Unknown Source)
	at java.base/jdk.internal.reflect.DelegatingMethodAccessorImpl.invoke(DelegatingMethodAccessorImpl.java:43)
	at java.base/java.lang.reflect.Method.invoke(Method.java:568)
	at org.testng.internal.invokers.MethodInvocationHelper.invokeMethod(MethodInvocationHelper.java:141)
	at org.testng.internal.invokers.TestInvoker.invokeMethod(TestInvoker.java:686)
	at org.testng.internal.invokers.TestInvoker.invokeTestMethod(TestInvoker.java:230)
	at org.testng.internal.invokers.MethodRunner.runInSequence(MethodRunner.java:63)
	at org.testng.internal.invokers.TestInvoker$MethodInvocationAgent.invoke(TestInvoker.java:992)
	at org.testng.internal.invokers.TestInvoker.invokeTestMethods(TestInvoker.java:203)
	at org.testng.internal.invokers.TestMethodWorker.invokeTestMethods(TestMethodWorker.java:154)
	at org.testng.internal.invokers.TestMethodWorker.run(TestMethodWorker.java:134)
	at java.base/java.util.ArrayList.forEach(ArrayList.java:1511)
	at org.testng.TestRunner.privateRun(TestRunner.java:739)
	at org.testng.TestRunner.run(TestRunner.java:614)
	at org.testng.SuiteRunner.runTest(SuiteRunner.java:421)
	at org.testng.SuiteRunner.runSequentially(SuiteRunner.java:413)
	at org.testng.SuiteRunner.privateRun(SuiteRunner.java:373)
	at org.testng.SuiteRunner.run(SuiteRunner.java:312)
	at org.testng.SuiteRunnerWorker.runSuite(SuiteRunnerWorker.java:52)
	at org.testng.SuiteRunnerWorker.run(SuiteRunnerWorker.java:95)
	at org.testng.TestNG.runSuitesSequentially(TestNG.java:1274)
	at org.testng.TestNG.runSuitesLocally(TestNG.java:1208)
	at org.testng.TestNG.runSuites(TestNG.java:1112)
	at org.testng.TestNG.run(TestNG.java:1079)
	at org.testng.remote.AbstractRemoteTestNG.run(AbstractRemoteTestNG.java:115)
	at org.testng.remote.RemoteTestNG.initAndRun(RemoteTestNG.java:293)
	at org.testng.remote.RemoteTestNG.main(RemoteTestNG.java:91)
</pre></div></td>
<td>113</td>
<td>com.Capium365.RunnerFiles.Capium365_Users_Runner@26b3fd41</td></tr>
<tr>
<td title='com.Capium365.RunnerFiles.Capium365_BankTab_Runner.runScenario()'><b>runScenario</b><br>Test class: com.Capium365.RunnerFiles.Capium365_BankTab_Runner<br>Test method: Runs Cucumber Scenarios<br>Parameters: "Validate pagination", "Validate bank tab"</td>
<td><div><pre>org.openqa.selenium.ElementClickInterceptedException: element click intercepted: Element &lt;th _ngcontent-txa-c371=&quot;&quot; role=&quot;columnheader&quot; mat-header-cell=&quot;&quot; class=&quot;mat-header-cell cdk-header-cell w-15 cdk-column-action mat-column-action ng-star-inserted mat-table-sticky mat-table-sticky-border-elem-top&quot; style=&quot;top: 0px; z-index: 100;&quot;&gt;...&lt;/th&gt; is not clickable at point (80, 185). Other element would receive the click: &lt;div _ngcontent-txa-c77=&quot;&quot; class=&quot;ngx-spinner-overlay ng-tns-c77-0 ng-trigger ng-trigger-fadeIn ng-star-inserted&quot; style=&quot;background-color: rgba(51, 51, 51, 0.8); z-index: 99999; position: fixed; opacity: 1;&quot;&gt;...&lt;/div&gt;
  (Session info: chrome=139.0.7258.128)
Build info: version: &apos;4.23.0&apos;, revision: &apos;4df0a231af&apos;
System info: os.name: &apos;Windows 10&apos;, os.arch: &apos;amd64&apos;, os.version: &apos;10.0&apos;, java.version: &apos;17.0.12&apos;
Driver info: org.openqa.selenium.chrome.ChromeDriver
Command: [78e524eba0bce0154796eb4ef43f0572, clickElement {id=f.E060FAB1EF95C892C8BA69A76D7677B0.d.BA22AE27A2D9BFFF9C65EA93AEA3D9D0.e.718}]
Capabilities {acceptInsecureCerts: false, browserName: chrome, browserVersion: 139.0.7258.128, chrome: {chromedriverVersion: 139.0.7258.138 (884e54ea8d4..., userDataDir: C:\Users\user\AppData\Local...}, fedcm:accounts: true, goog:chromeOptions: {debuggerAddress: localhost:53564}, networkConnectionEnabled: false, pageLoadStrategy: normal, platformName: windows, proxy: Proxy(), se:cdp: ws://localhost:53564/devtoo..., se:cdpVersion: 139.0.7258.128, setWindowRect: true, strictFileInteractability: false, timeouts: {implicit: 0, pageLoad: 300000, script: 30000}, unhandledPromptBehavior: dismiss and notify, webauthn:extension:credBlob: true, webauthn:extension:largeBlob: true, webauthn:extension:minPinLength: true, webauthn:extension:prf: true, webauthn:virtualAuthenticators: true}
Element: [[ChromeDriver: chrome on windows (78e524eba0bce0154796eb4ef43f0572)] -&gt; xpath: (//th[@style=&apos;top: 0px; z-index: 100;&apos;])[1]]
Session ID: 78e524eba0bce0154796eb4ef43f0572
	at org.openqa.selenium.remote.ErrorCodec.decode(ErrorCodec.java:167)
	at org.openqa.selenium.remote.codec.w3c.W3CHttpResponseCodec.decode(W3CHttpResponseCodec.java:138)
	at org.openqa.selenium.remote.codec.w3c.W3CHttpResponseCodec.decode(W3CHttpResponseCodec.java:50)
	at org.openqa.selenium.remote.HttpCommandExecutor.execute(HttpCommandExecutor.java:190)
	at org.openqa.selenium.remote.service.DriverCommandExecutor.invokeExecute(DriverCommandExecutor.java:216)
	at org.openqa.selenium.remote.service.DriverCommandExecutor.execute(DriverCommandExecutor.java:174)
	at org.openqa.selenium.remote.RemoteWebDriver.execute(RemoteWebDriver.java:527)
	at org.openqa.selenium.remote.RemoteWebElement.execute(RemoteWebElement.java:223)
	at org.openqa.selenium.remote.RemoteWebElement.click(RemoteWebElement.java:76)
	at org.openqa.selenium.support.pagefactory.internal.LocatingElementHandler.invoke(LocatingElementHandler.java:51)
	at jdk.proxy2/jdk.proxy2.$Proxy43.click(Unknown Source)
	at com.Capium365.Actions.Capium365_BankTab_Actions.Clickonpaginationdropdownandverifytherecordsbasedondropdownvalue(Capium365_BankTab_Actions.java:136)
	at com.Capium365.StepDefination.Capium365_BankTab_Stepdefination.click_on_pagination_dropdown(Capium365_BankTab_Stepdefination.java:108)
	at ✽.Click on pagination dropdown and verify the records based on dropdown value(file:///D:/Core%20Modules/Capium365/src/test/resources/Capium365FeatureFiles/Capium365_BankTab.feature:53)
... Removed 8 stack frames</pre></div><a href='#' onClick='toggleBox("stack-trace1397978526", this, "Click to show all stack frames", "Click to hide stack frames")'>Click to show all stack frames</a>
<div class='stack-trace' id='stack-trace1397978526'><pre>org.openqa.selenium.ElementClickInterceptedException: element click intercepted: Element &lt;th _ngcontent-txa-c371=&quot;&quot; role=&quot;columnheader&quot; mat-header-cell=&quot;&quot; class=&quot;mat-header-cell cdk-header-cell w-15 cdk-column-action mat-column-action ng-star-inserted mat-table-sticky mat-table-sticky-border-elem-top&quot; style=&quot;top: 0px; z-index: 100;&quot;&gt;...&lt;/th&gt; is not clickable at point (80, 185). Other element would receive the click: &lt;div _ngcontent-txa-c77=&quot;&quot; class=&quot;ngx-spinner-overlay ng-tns-c77-0 ng-trigger ng-trigger-fadeIn ng-star-inserted&quot; style=&quot;background-color: rgba(51, 51, 51, 0.8); z-index: 99999; position: fixed; opacity: 1;&quot;&gt;...&lt;/div&gt;
  (Session info: chrome=139.0.7258.128)
Build info: version: &apos;4.23.0&apos;, revision: &apos;4df0a231af&apos;
System info: os.name: &apos;Windows 10&apos;, os.arch: &apos;amd64&apos;, os.version: &apos;10.0&apos;, java.version: &apos;17.0.12&apos;
Driver info: org.openqa.selenium.chrome.ChromeDriver
Command: [78e524eba0bce0154796eb4ef43f0572, clickElement {id=f.E060FAB1EF95C892C8BA69A76D7677B0.d.BA22AE27A2D9BFFF9C65EA93AEA3D9D0.e.718}]
Capabilities {acceptInsecureCerts: false, browserName: chrome, browserVersion: 139.0.7258.128, chrome: {chromedriverVersion: 139.0.7258.138 (884e54ea8d4..., userDataDir: C:\Users\user\AppData\Local...}, fedcm:accounts: true, goog:chromeOptions: {debuggerAddress: localhost:53564}, networkConnectionEnabled: false, pageLoadStrategy: normal, platformName: windows, proxy: Proxy(), se:cdp: ws://localhost:53564/devtoo..., se:cdpVersion: 139.0.7258.128, setWindowRect: true, strictFileInteractability: false, timeouts: {implicit: 0, pageLoad: 300000, script: 30000}, unhandledPromptBehavior: dismiss and notify, webauthn:extension:credBlob: true, webauthn:extension:largeBlob: true, webauthn:extension:minPinLength: true, webauthn:extension:prf: true, webauthn:virtualAuthenticators: true}
Element: [[ChromeDriver: chrome on windows (78e524eba0bce0154796eb4ef43f0572)] -&gt; xpath: (//th[@style=&apos;top: 0px; z-index: 100;&apos;])[1]]
Session ID: 78e524eba0bce0154796eb4ef43f0572
	at java.base/jdk.internal.reflect.NativeConstructorAccessorImpl.newInstance0(Native Method)
	at java.base/jdk.internal.reflect.NativeConstructorAccessorImpl.newInstance(NativeConstructorAccessorImpl.java:77)
	at java.base/jdk.internal.reflect.DelegatingConstructorAccessorImpl.newInstance(DelegatingConstructorAccessorImpl.java:45)
	at java.base/java.lang.reflect.Constructor.newInstanceWithCaller(Constructor.java:499)
	at java.base/java.lang.reflect.Constructor.newInstance(Constructor.java:480)
	at org.openqa.selenium.remote.ErrorCodec.decode(ErrorCodec.java:167)
	at org.openqa.selenium.remote.codec.w3c.W3CHttpResponseCodec.decode(W3CHttpResponseCodec.java:138)
	at org.openqa.selenium.remote.codec.w3c.W3CHttpResponseCodec.decode(W3CHttpResponseCodec.java:50)
	at org.openqa.selenium.remote.HttpCommandExecutor.execute(HttpCommandExecutor.java:190)
	at org.openqa.selenium.remote.service.DriverCommandExecutor.invokeExecute(DriverCommandExecutor.java:216)
	at org.openqa.selenium.remote.service.DriverCommandExecutor.execute(DriverCommandExecutor.java:174)
	at org.openqa.selenium.remote.RemoteWebDriver.execute(RemoteWebDriver.java:527)
	at org.openqa.selenium.remote.RemoteWebElement.execute(RemoteWebElement.java:223)
	at org.openqa.selenium.remote.RemoteWebElement.click(RemoteWebElement.java:76)
	at jdk.internal.reflect.GeneratedMethodAccessor91.invoke(Unknown Source)
	at java.base/jdk.internal.reflect.DelegatingMethodAccessorImpl.invoke(DelegatingMethodAccessorImpl.java:43)
	at java.base/java.lang.reflect.Method.invoke(Method.java:568)
	at org.openqa.selenium.support.pagefactory.internal.LocatingElementHandler.invoke(LocatingElementHandler.java:51)
	at jdk.proxy2/jdk.proxy2.$Proxy43.click(Unknown Source)
	at com.Capium365.Actions.Capium365_BankTab_Actions.Clickonpaginationdropdownandverifytherecordsbasedondropdownvalue(Capium365_BankTab_Actions.java:136)
	at com.Capium365.StepDefination.Capium365_BankTab_Stepdefination.click_on_pagination_dropdown(Capium365_BankTab_Stepdefination.java:108)
	at ✽.Click on pagination dropdown and verify the records based on dropdown value(file:///D:/Core%20Modules/Capium365/src/test/resources/Capium365FeatureFiles/Capium365_BankTab.feature:53)
</pre></div></td>
<td>37</td>
<td>com.Capium365.RunnerFiles.Capium365_BankTab_Runner@192c3f1e</td></tr>
<tr>
<td title='com.Capium365.RunnerFiles.Capium365_BankTab_Runner.runScenario()'><b>runScenario</b><br>Test class: com.Capium365.RunnerFiles.Capium365_BankTab_Runner<br>Test method: Runs Cucumber Scenarios<br>Parameters: "Verify cross mark on down right side after clicking on ID check box", "Validate bank tab"</td>
<td><div><pre>org.openqa.selenium.TimeoutException: Expected condition failed: waiting for visibility of Proxy element for: DefaultElementLocator &apos;By.xpath: //mat-icon[normalize-space(text())=&apos;highlight_off&apos;]&apos; (tried for 10 second(s) with 500 milliseconds interval)
	at org.openqa.selenium.support.ui.WebDriverWait.timeoutException(WebDriverWait.java:84)
	at org.openqa.selenium.support.ui.FluentWait.until(FluentWait.java:228)
	at com.Capium365.Actions.Capium365_BankTab_Actions.Clickoncheckboxandclcikoncrossmark(Capium365_BankTab_Actions.java:398)
	at com.Capium365.StepDefination.Capium365_BankTab_Stepdefination.click_on_check_box_and_clcik_on_cross_mark(Capium365_BankTab_Stepdefination.java:169)
	at ✽.Click on check box and clcik on cross mark(file:///D:/Core%20Modules/Capium365/src/test/resources/Capium365FeatureFiles/Capium365_BankTab.feature:100)
Caused by: org.openqa.selenium.NoSuchElementException: no such element: Unable to locate element: {&quot;method&quot;:&quot;xpath&quot;,&quot;selector&quot;:&quot;//mat-icon[normalize-space(text())=&apos;highlight_off&apos;]&quot;}
  (Session info: chrome=139.0.7258.128)
For documentation on this error, please visit: https://www.selenium.dev/documentation/webdriver/troubleshooting/errors#no-such-element-exception
Build info: version: &apos;4.23.0&apos;, revision: &apos;4df0a231af&apos;
System info: os.name: &apos;Windows 10&apos;, os.arch: &apos;amd64&apos;, os.version: &apos;10.0&apos;, java.version: &apos;17.0.12&apos;
Driver info: org.openqa.selenium.chrome.ChromeDriver
Command: [78e524eba0bce0154796eb4ef43f0572, findElement {value=//mat-icon[normalize-space(text())=&apos;highlight_off&apos;], using=xpath}]
Capabilities {acceptInsecureCerts: false, browserName: chrome, browserVersion: 139.0.7258.128, chrome: {chromedriverVersion: 139.0.7258.138 (884e54ea8d4..., userDataDir: C:\Users\user\AppData\Local...}, fedcm:accounts: true, goog:chromeOptions: {debuggerAddress: localhost:53564}, networkConnectionEnabled: false, pageLoadStrategy: normal, platformName: windows, proxy: Proxy(), se:cdp: ws://localhost:53564/devtoo..., se:cdpVersion: 139.0.7258.128, setWindowRect: true, strictFileInteractability: false, timeouts: {implicit: 0, pageLoad: 300000, script: 30000}, unhandledPromptBehavior: dismiss and notify, webauthn:extension:credBlob: true, webauthn:extension:largeBlob: true, webauthn:extension:minPinLength: true, webauthn:extension:prf: true, webauthn:virtualAuthenticators: true}
Session ID: 78e524eba0bce0154796eb4ef43f0572
	at org.openqa.selenium.remote.ErrorCodec.decode(ErrorCodec.java:167)
	at org.openqa.selenium.remote.codec.w3c.W3CHttpResponseCodec.decode(W3CHttpResponseCodec.java:138)
	at org.openqa.selenium.remote.codec.w3c.W3CHttpResponseCodec.decode(W3CHttpResponseCodec.java:50)
	at org.openqa.selenium.remote.HttpCommandExecutor.execute(HttpCommandExecutor.java:190)
	at org.openqa.selenium.remote.service.DriverCommandExecutor.invokeExecute(DriverCommandExecutor.java:216)
	at org.openqa.selenium.remote.service.DriverCommandExecutor.execute(DriverCommandExecutor.java:174)
	at org.openqa.selenium.remote.RemoteWebDriver.execute(RemoteWebDriver.java:527)
	at org.openqa.selenium.remote.ElementLocation$ElementFinder$2.findElement(ElementLocation.java:165)
	at org.openqa.selenium.remote.ElementLocation.findElement(ElementLocation.java:59)
	at org.openqa.selenium.remote.RemoteWebDriver.findElement(RemoteWebDriver.java:357)
	at org.openqa.selenium.remote.RemoteWebDriver.findElement(RemoteWebDriver.java:351)
	at org.openqa.selenium.support.pagefactory.DefaultElementLocator.findElement(DefaultElementLocator.java:68)
	at org.openqa.selenium.support.pagefactory.internal.LocatingElementHandler.invoke(LocatingElementHandler.java:38)
	at jdk.proxy2/jdk.proxy2.$Proxy43.isDisplayed(Unknown Source)
	at org.openqa.selenium.support.ui.ExpectedConditions.elementIfVisible(ExpectedConditions.java:304)
	at org.openqa.selenium.support.ui.ExpectedConditions$10.apply(ExpectedConditions.java:290)
	at org.openqa.selenium.support.ui.ExpectedConditions$10.apply(ExpectedConditions.java:287)
	at org.openqa.selenium.support.ui.FluentWait.until(FluentWait.java:203)
	at com.Capium365.Actions.Capium365_BankTab_Actions.Clickoncheckboxandclcikoncrossmark(Capium365_BankTab_Actions.java:398)
	at com.Capium365.StepDefination.Capium365_BankTab_Stepdefination.click_on_check_box_and_clcik_on_cross_mark(Capium365_BankTab_Stepdefination.java:169)
	at io.cucumber.java.Invoker.doInvoke(Invoker.java:66)
	at io.cucumber.java.Invoker.invoke(Invoker.java:24)
	at io.cucumber.java.AbstractGlueDefinition.invokeMethod(AbstractGlueDefinition.java:47)
	at io.cucumber.java.JavaStepDefinition.execute(JavaStepDefinition.java:29)
	at io.cucumber.core.runner.CoreStepDefinition.execute(CoreStepDefinition.java:66)
	at io.cucumber.core.runner.PickleStepDefinitionMatch.runStep(PickleStepDefinitionMatch.java:63)
	at io.cucumber.core.runner.ExecutionMode$1.execute(ExecutionMode.java:10)
	at io.cucumber.core.runner.TestStep.executeStep(TestStep.java:81)
	at io.cucumber.core.runner.TestStep.run(TestStep.java:53)
	at io.cucumber.core.runner.PickleStepTestStep.run(PickleStepTestStep.java:51)
	at io.cucumber.core.runner.TestCase.run(TestCase.java:84)
	at io.cucumber.core.runner.Runner.runPickle(Runner.java:75)
	at io.cucumber.testng.TestNGCucumberRunner.lambda$runScenario$1(TestNGCucumberRunner.java:132)
	at io.cucumber.core.runtime.CucumberExecutionContext.lambda$runTestCase$5(CucumberExecutionContext.java:136)
	at io.cucumber.core.runtime.RethrowingThrowableCollector.executeAndThrow(RethrowingThrowableCollector.java:23)
	at io.cucumber.core.runtime.CucumberExecutionContext.runTestCase(CucumberExecutionContext.java:136)
	at io.cucumber.testng.TestNGCucumberRunner.runScenario(TestNGCucumberRunner.java:129)
	at io.cucumber.testng.AbstractTestNGCucumberTests.runScenario(AbstractTestNGCucumberTests.java:35)
	at java.base/java.util.ArrayList.forEach(ArrayList.java:1511)
... Removed 34 stack frames</pre></div><a href='#' onClick='toggleBox("stack-trace392269298", this, "Click to show all stack frames", "Click to hide stack frames")'>Click to show all stack frames</a>
<div class='stack-trace' id='stack-trace392269298'><pre>org.openqa.selenium.TimeoutException: Expected condition failed: waiting for visibility of Proxy element for: DefaultElementLocator &apos;By.xpath: //mat-icon[normalize-space(text())=&apos;highlight_off&apos;]&apos; (tried for 10 second(s) with 500 milliseconds interval)
	at org.openqa.selenium.support.ui.WebDriverWait.timeoutException(WebDriverWait.java:84)
	at org.openqa.selenium.support.ui.FluentWait.until(FluentWait.java:228)
	at com.Capium365.Actions.Capium365_BankTab_Actions.Clickoncheckboxandclcikoncrossmark(Capium365_BankTab_Actions.java:398)
	at com.Capium365.StepDefination.Capium365_BankTab_Stepdefination.click_on_check_box_and_clcik_on_cross_mark(Capium365_BankTab_Stepdefination.java:169)
	at ✽.Click on check box and clcik on cross mark(file:///D:/Core%20Modules/Capium365/src/test/resources/Capium365FeatureFiles/Capium365_BankTab.feature:100)
Caused by: org.openqa.selenium.NoSuchElementException: no such element: Unable to locate element: {&quot;method&quot;:&quot;xpath&quot;,&quot;selector&quot;:&quot;//mat-icon[normalize-space(text())=&apos;highlight_off&apos;]&quot;}
  (Session info: chrome=139.0.7258.128)
For documentation on this error, please visit: https://www.selenium.dev/documentation/webdriver/troubleshooting/errors#no-such-element-exception
Build info: version: &apos;4.23.0&apos;, revision: &apos;4df0a231af&apos;
System info: os.name: &apos;Windows 10&apos;, os.arch: &apos;amd64&apos;, os.version: &apos;10.0&apos;, java.version: &apos;17.0.12&apos;
Driver info: org.openqa.selenium.chrome.ChromeDriver
Command: [78e524eba0bce0154796eb4ef43f0572, findElement {value=//mat-icon[normalize-space(text())=&apos;highlight_off&apos;], using=xpath}]
Capabilities {acceptInsecureCerts: false, browserName: chrome, browserVersion: 139.0.7258.128, chrome: {chromedriverVersion: 139.0.7258.138 (884e54ea8d4..., userDataDir: C:\Users\user\AppData\Local...}, fedcm:accounts: true, goog:chromeOptions: {debuggerAddress: localhost:53564}, networkConnectionEnabled: false, pageLoadStrategy: normal, platformName: windows, proxy: Proxy(), se:cdp: ws://localhost:53564/devtoo..., se:cdpVersion: 139.0.7258.128, setWindowRect: true, strictFileInteractability: false, timeouts: {implicit: 0, pageLoad: 300000, script: 30000}, unhandledPromptBehavior: dismiss and notify, webauthn:extension:credBlob: true, webauthn:extension:largeBlob: true, webauthn:extension:minPinLength: true, webauthn:extension:prf: true, webauthn:virtualAuthenticators: true}
Session ID: 78e524eba0bce0154796eb4ef43f0572
	at jdk.internal.reflect.GeneratedConstructorAccessor28.newInstance(Unknown Source)
	at java.base/jdk.internal.reflect.DelegatingConstructorAccessorImpl.newInstance(DelegatingConstructorAccessorImpl.java:45)
	at java.base/java.lang.reflect.Constructor.newInstanceWithCaller(Constructor.java:499)
	at java.base/java.lang.reflect.Constructor.newInstance(Constructor.java:480)
	at org.openqa.selenium.remote.ErrorCodec.decode(ErrorCodec.java:167)
	at org.openqa.selenium.remote.codec.w3c.W3CHttpResponseCodec.decode(W3CHttpResponseCodec.java:138)
	at org.openqa.selenium.remote.codec.w3c.W3CHttpResponseCodec.decode(W3CHttpResponseCodec.java:50)
	at org.openqa.selenium.remote.HttpCommandExecutor.execute(HttpCommandExecutor.java:190)
	at org.openqa.selenium.remote.service.DriverCommandExecutor.invokeExecute(DriverCommandExecutor.java:216)
	at org.openqa.selenium.remote.service.DriverCommandExecutor.execute(DriverCommandExecutor.java:174)
	at org.openqa.selenium.remote.RemoteWebDriver.execute(RemoteWebDriver.java:527)
	at org.openqa.selenium.remote.ElementLocation$ElementFinder$2.findElement(ElementLocation.java:165)
	at org.openqa.selenium.remote.ElementLocation.findElement(ElementLocation.java:59)
	at org.openqa.selenium.remote.RemoteWebDriver.findElement(RemoteWebDriver.java:357)
	at org.openqa.selenium.remote.RemoteWebDriver.findElement(RemoteWebDriver.java:351)
	at org.openqa.selenium.support.pagefactory.DefaultElementLocator.findElement(DefaultElementLocator.java:68)
	at org.openqa.selenium.support.pagefactory.internal.LocatingElementHandler.invoke(LocatingElementHandler.java:38)
	at jdk.proxy2/jdk.proxy2.$Proxy43.isDisplayed(Unknown Source)
	at org.openqa.selenium.support.ui.ExpectedConditions.elementIfVisible(ExpectedConditions.java:304)
	at org.openqa.selenium.support.ui.ExpectedConditions$10.apply(ExpectedConditions.java:290)
	at org.openqa.selenium.support.ui.ExpectedConditions$10.apply(ExpectedConditions.java:287)
	at org.openqa.selenium.support.ui.FluentWait.until(FluentWait.java:203)
	at com.Capium365.Actions.Capium365_BankTab_Actions.Clickoncheckboxandclcikoncrossmark(Capium365_BankTab_Actions.java:398)
	at com.Capium365.StepDefination.Capium365_BankTab_Stepdefination.click_on_check_box_and_clcik_on_cross_mark(Capium365_BankTab_Stepdefination.java:169)
	at java.base/jdk.internal.reflect.NativeMethodAccessorImpl.invoke0(Native Method)
	at java.base/jdk.internal.reflect.NativeMethodAccessorImpl.invoke(NativeMethodAccessorImpl.java:77)
	at java.base/jdk.internal.reflect.DelegatingMethodAccessorImpl.invoke(DelegatingMethodAccessorImpl.java:43)
	at java.base/java.lang.reflect.Method.invoke(Method.java:568)
	at io.cucumber.java.Invoker.doInvoke(Invoker.java:66)
	at io.cucumber.java.Invoker.invoke(Invoker.java:24)
	at io.cucumber.java.AbstractGlueDefinition.invokeMethod(AbstractGlueDefinition.java:47)
	at io.cucumber.java.JavaStepDefinition.execute(JavaStepDefinition.java:29)
	at io.cucumber.core.runner.CoreStepDefinition.execute(CoreStepDefinition.java:66)
	at io.cucumber.core.runner.PickleStepDefinitionMatch.runStep(PickleStepDefinitionMatch.java:63)
	at io.cucumber.core.runner.ExecutionMode$1.execute(ExecutionMode.java:10)
	at io.cucumber.core.runner.TestStep.executeStep(TestStep.java:81)
	at io.cucumber.core.runner.TestStep.run(TestStep.java:53)
	at io.cucumber.core.runner.PickleStepTestStep.run(PickleStepTestStep.java:51)
	at io.cucumber.core.runner.TestCase.run(TestCase.java:84)
	at io.cucumber.core.runner.Runner.runPickle(Runner.java:75)
	at io.cucumber.testng.TestNGCucumberRunner.lambda$runScenario$1(TestNGCucumberRunner.java:132)
	at io.cucumber.core.runtime.CucumberExecutionContext.lambda$runTestCase$5(CucumberExecutionContext.java:136)
	at io.cucumber.core.runtime.RethrowingThrowableCollector.executeAndThrow(RethrowingThrowableCollector.java:23)
	at io.cucumber.core.runtime.CucumberExecutionContext.runTestCase(CucumberExecutionContext.java:136)
	at io.cucumber.testng.TestNGCucumberRunner.runScenario(TestNGCucumberRunner.java:129)
	at io.cucumber.testng.AbstractTestNGCucumberTests.runScenario(AbstractTestNGCucumberTests.java:35)
	at jdk.internal.reflect.GeneratedMethodAccessor94.invoke(Unknown Source)
	at java.base/jdk.internal.reflect.DelegatingMethodAccessorImpl.invoke(DelegatingMethodAccessorImpl.java:43)
	at java.base/java.lang.reflect.Method.invoke(Method.java:568)
	at org.testng.internal.invokers.MethodInvocationHelper.invokeMethod(MethodInvocationHelper.java:141)
	at org.testng.internal.invokers.TestInvoker.invokeMethod(TestInvoker.java:686)
	at org.testng.internal.invokers.TestInvoker.invokeTestMethod(TestInvoker.java:230)
	at org.testng.internal.invokers.MethodRunner.runInSequence(MethodRunner.java:63)
	at org.testng.internal.invokers.TestInvoker$MethodInvocationAgent.invoke(TestInvoker.java:992)
	at org.testng.internal.invokers.TestInvoker.invokeTestMethods(TestInvoker.java:203)
	at org.testng.internal.invokers.TestMethodWorker.invokeTestMethods(TestMethodWorker.java:154)
	at org.testng.internal.invokers.TestMethodWorker.run(TestMethodWorker.java:134)
	at java.base/java.util.ArrayList.forEach(ArrayList.java:1511)
	at org.testng.TestRunner.privateRun(TestRunner.java:739)
	at org.testng.TestRunner.run(TestRunner.java:614)
	at org.testng.SuiteRunner.runTest(SuiteRunner.java:421)
	at org.testng.SuiteRunner.runSequentially(SuiteRunner.java:413)
	at org.testng.SuiteRunner.privateRun(SuiteRunner.java:373)
	at org.testng.SuiteRunner.run(SuiteRunner.java:312)
	at org.testng.SuiteRunnerWorker.runSuite(SuiteRunnerWorker.java:52)
	at org.testng.SuiteRunnerWorker.run(SuiteRunnerWorker.java:95)
	at org.testng.TestNG.runSuitesSequentially(TestNG.java:1274)
	at org.testng.TestNG.runSuitesLocally(TestNG.java:1208)
	at org.testng.TestNG.runSuites(TestNG.java:1112)
	at org.testng.TestNG.run(TestNG.java:1079)
	at org.testng.remote.AbstractRemoteTestNG.run(AbstractRemoteTestNG.java:115)
	at org.testng.remote.RemoteTestNG.initAndRun(RemoteTestNG.java:293)
	at org.testng.remote.RemoteTestNG.main(RemoteTestNG.java:91)
</pre></div></td>
<td>54</td>
<td>com.Capium365.RunnerFiles.Capium365_BankTab_Runner@192c3f1e</td></tr>
<tr>
<td title='com.Capium365.RunnerFiles.Capium365_Receipts_Receipts_Runner.runScenario()'><b>runScenario</b><br>Test class: com.Capium365.RunnerFiles.Capium365_Receipts_Receipts_Runner<br>Test method: Runs Cucumber Scenarios<br>Parameters: "Export selected invoice data to "<Format>"", "Receipts"</td>
<td><div><pre>org.openqa.selenium.NoSuchElementException: no such element: Unable to locate element: {&quot;method&quot;:&quot;xpath&quot;,&quot;selector&quot;:&quot;//h6[normalize-space()=&apos;365&apos;]&quot;}
  (Session info: chrome=139.0.7258.128)
For documentation on this error, please visit: https://www.selenium.dev/documentation/webdriver/troubleshooting/errors#no-such-element-exception
Build info: version: &apos;4.23.0&apos;, revision: &apos;4df0a231af&apos;
System info: os.name: &apos;Windows 10&apos;, os.arch: &apos;amd64&apos;, os.version: &apos;10.0&apos;, java.version: &apos;17.0.12&apos;
Driver info: org.openqa.selenium.chrome.ChromeDriver
Command: [0dc45c2ba806a896787a2bdb01a3e028, findElement {value=//h6[normalize-space()=&apos;365&apos;], using=xpath}]
Capabilities {acceptInsecureCerts: false, browserName: chrome, browserVersion: 139.0.7258.128, chrome: {chromedriverVersion: 139.0.7258.138 (884e54ea8d4..., userDataDir: C:\Users\user\AppData\Local...}, fedcm:accounts: true, goog:chromeOptions: {debuggerAddress: localhost:55009}, networkConnectionEnabled: false, pageLoadStrategy: normal, platformName: windows, proxy: Proxy(), se:cdp: ws://localhost:55009/devtoo..., se:cdpVersion: 139.0.7258.128, setWindowRect: true, strictFileInteractability: false, timeouts: {implicit: 0, pageLoad: 300000, script: 30000}, unhandledPromptBehavior: dismiss and notify, webauthn:extension:credBlob: true, webauthn:extension:largeBlob: true, webauthn:extension:minPinLength: true, webauthn:extension:prf: true, webauthn:virtualAuthenticators: true}
Session ID: 0dc45c2ba806a896787a2bdb01a3e028
	at org.openqa.selenium.remote.ErrorCodec.decode(ErrorCodec.java:167)
	at org.openqa.selenium.remote.codec.w3c.W3CHttpResponseCodec.decode(W3CHttpResponseCodec.java:138)
	at org.openqa.selenium.remote.codec.w3c.W3CHttpResponseCodec.decode(W3CHttpResponseCodec.java:50)
	at org.openqa.selenium.remote.HttpCommandExecutor.execute(HttpCommandExecutor.java:190)
	at org.openqa.selenium.remote.service.DriverCommandExecutor.invokeExecute(DriverCommandExecutor.java:216)
	at org.openqa.selenium.remote.service.DriverCommandExecutor.execute(DriverCommandExecutor.java:174)
	at org.openqa.selenium.remote.RemoteWebDriver.execute(RemoteWebDriver.java:527)
	at org.openqa.selenium.remote.ElementLocation$ElementFinder$2.findElement(ElementLocation.java:165)
	at org.openqa.selenium.remote.ElementLocation.findElement(ElementLocation.java:59)
	at org.openqa.selenium.remote.RemoteWebDriver.findElement(RemoteWebDriver.java:357)
	at org.openqa.selenium.remote.RemoteWebDriver.findElement(RemoteWebDriver.java:351)
	at com.Capium.Utilites.HelperClass.isElementPresent(HelperClass.java:237)
	at com.Capium365.Actions.LoginActions.clickCapium365ClientLogin(LoginActions.java:97)
	at com.Capium365.StepDefination.LoginStepDefination.click_on_capium365_client_login(LoginStepDefination.java:34)
	at ✽.Click on Capium365 Client login(file:///D:/Core%20Modules/Capium365/src/test/resources/Capium365FeatureFiles/Capium365_Recepits_Receipts.feature:6)
... Removed 4 stack frames</pre></div><a href='#' onClick='toggleBox("stack-trace1608585266", this, "Click to show all stack frames", "Click to hide stack frames")'>Click to show all stack frames</a>
<div class='stack-trace' id='stack-trace1608585266'><pre>org.openqa.selenium.NoSuchElementException: no such element: Unable to locate element: {&quot;method&quot;:&quot;xpath&quot;,&quot;selector&quot;:&quot;//h6[normalize-space()=&apos;365&apos;]&quot;}
  (Session info: chrome=139.0.7258.128)
For documentation on this error, please visit: https://www.selenium.dev/documentation/webdriver/troubleshooting/errors#no-such-element-exception
Build info: version: &apos;4.23.0&apos;, revision: &apos;4df0a231af&apos;
System info: os.name: &apos;Windows 10&apos;, os.arch: &apos;amd64&apos;, os.version: &apos;10.0&apos;, java.version: &apos;17.0.12&apos;
Driver info: org.openqa.selenium.chrome.ChromeDriver
Command: [0dc45c2ba806a896787a2bdb01a3e028, findElement {value=//h6[normalize-space()=&apos;365&apos;], using=xpath}]
Capabilities {acceptInsecureCerts: false, browserName: chrome, browserVersion: 139.0.7258.128, chrome: {chromedriverVersion: 139.0.7258.138 (884e54ea8d4..., userDataDir: C:\Users\user\AppData\Local...}, fedcm:accounts: true, goog:chromeOptions: {debuggerAddress: localhost:55009}, networkConnectionEnabled: false, pageLoadStrategy: normal, platformName: windows, proxy: Proxy(), se:cdp: ws://localhost:55009/devtoo..., se:cdpVersion: 139.0.7258.128, setWindowRect: true, strictFileInteractability: false, timeouts: {implicit: 0, pageLoad: 300000, script: 30000}, unhandledPromptBehavior: dismiss and notify, webauthn:extension:credBlob: true, webauthn:extension:largeBlob: true, webauthn:extension:minPinLength: true, webauthn:extension:prf: true, webauthn:virtualAuthenticators: true}
Session ID: 0dc45c2ba806a896787a2bdb01a3e028
	at jdk.internal.reflect.GeneratedConstructorAccessor28.newInstance(Unknown Source)
	at java.base/jdk.internal.reflect.DelegatingConstructorAccessorImpl.newInstance(DelegatingConstructorAccessorImpl.java:45)
	at java.base/java.lang.reflect.Constructor.newInstanceWithCaller(Constructor.java:499)
	at java.base/java.lang.reflect.Constructor.newInstance(Constructor.java:480)
	at org.openqa.selenium.remote.ErrorCodec.decode(ErrorCodec.java:167)
	at org.openqa.selenium.remote.codec.w3c.W3CHttpResponseCodec.decode(W3CHttpResponseCodec.java:138)
	at org.openqa.selenium.remote.codec.w3c.W3CHttpResponseCodec.decode(W3CHttpResponseCodec.java:50)
	at org.openqa.selenium.remote.HttpCommandExecutor.execute(HttpCommandExecutor.java:190)
	at org.openqa.selenium.remote.service.DriverCommandExecutor.invokeExecute(DriverCommandExecutor.java:216)
	at org.openqa.selenium.remote.service.DriverCommandExecutor.execute(DriverCommandExecutor.java:174)
	at org.openqa.selenium.remote.RemoteWebDriver.execute(RemoteWebDriver.java:527)
	at org.openqa.selenium.remote.ElementLocation$ElementFinder$2.findElement(ElementLocation.java:165)
	at org.openqa.selenium.remote.ElementLocation.findElement(ElementLocation.java:59)
	at org.openqa.selenium.remote.RemoteWebDriver.findElement(RemoteWebDriver.java:357)
	at org.openqa.selenium.remote.RemoteWebDriver.findElement(RemoteWebDriver.java:351)
	at com.Capium.Utilites.HelperClass.isElementPresent(HelperClass.java:237)
	at com.Capium365.Actions.LoginActions.clickCapium365ClientLogin(LoginActions.java:97)
	at com.Capium365.StepDefination.LoginStepDefination.click_on_capium365_client_login(LoginStepDefination.java:34)
	at ✽.Click on Capium365 Client login(file:///D:/Core%20Modules/Capium365/src/test/resources/Capium365FeatureFiles/Capium365_Recepits_Receipts.feature:6)
</pre></div></td>
<td>71</td>
<td>com.Capium365.RunnerFiles.Capium365_Receipts_Receipts_Runner@561b6512</td></tr>
<tr>
<td title='com.Capium365.RunnerFiles.Capium365_BankTab_Runner.runScenario()'><b>runScenario</b><br>Test class: com.Capium365.RunnerFiles.Capium365_BankTab_Runner<br>Test method: Runs Cucumber Scenarios<br>Parameters: "Validate bank accounts from bussiness tab", "Validate bank tab"</td>
<td><div><pre>org.openqa.selenium.TimeoutException: Expected condition failed: waiting for visibility of element located by By.xpath: //span[@title=&apos;TRANSACTION ACCOUNT 1 (0000)&apos;] (tried for 10 second(s) with 500 milliseconds interval)
Build info: version: &apos;4.23.0&apos;, revision: &apos;4df0a231af&apos;
System info: os.name: &apos;Windows 10&apos;, os.arch: &apos;amd64&apos;, os.version: &apos;10.0&apos;, java.version: &apos;17.0.12&apos;
Driver info: org.openqa.selenium.chrome.ChromeDriver
Capabilities {acceptInsecureCerts: false, browserName: chrome, browserVersion: 139.0.7258.128, chrome: {chromedriverVersion: 139.0.7258.138 (884e54ea8d4..., userDataDir: C:\Users\user\AppData\Local...}, fedcm:accounts: true, goog:chromeOptions: {debuggerAddress: localhost:53564}, networkConnectionEnabled: false, pageLoadStrategy: normal, platformName: windows, proxy: Proxy(), se:cdp: ws://localhost:53564/devtoo..., se:cdpVersion: 139.0.7258.128, setWindowRect: true, strictFileInteractability: false, timeouts: {implicit: 0, pageLoad: 300000, script: 30000}, unhandledPromptBehavior: dismiss and notify, webauthn:extension:credBlob: true, webauthn:extension:largeBlob: true, webauthn:extension:minPinLength: true, webauthn:extension:prf: true, webauthn:virtualAuthenticators: true}
Session ID: 78e524eba0bce0154796eb4ef43f0572
	at org.openqa.selenium.support.ui.WebDriverWait.timeoutException(WebDriverWait.java:84)
	at org.openqa.selenium.support.ui.FluentWait.until(FluentWait.java:228)
	at com.Capium365.Actions.Capium365_BankTab_Actions.Comparethebankaccountsinbanktabandbussinesstab(Capium365_BankTab_Actions.java:280)
	at com.Capium365.StepDefination.Capium365_BankTab_Stepdefination.get_the_data_of_bank_account_and_store(Capium365_BankTab_Stepdefination.java:144)
	at ✽.Compare the bank accounts in bank tab and bussiness tab(file:///D:/Core%20Modules/Capium365/src/test/resources/Capium365FeatureFiles/Capium365_BankTab.feature:78)
</pre></div><a href='#' onClick='toggleBox("stack-trace1162177745", this, "Click to show all stack frames", "Click to hide stack frames")'>Click to show all stack frames</a>
<div class='stack-trace' id='stack-trace1162177745'><pre>org.openqa.selenium.TimeoutException: Expected condition failed: waiting for visibility of element located by By.xpath: //span[@title=&apos;TRANSACTION ACCOUNT 1 (0000)&apos;] (tried for 10 second(s) with 500 milliseconds interval)
Build info: version: &apos;4.23.0&apos;, revision: &apos;4df0a231af&apos;
System info: os.name: &apos;Windows 10&apos;, os.arch: &apos;amd64&apos;, os.version: &apos;10.0&apos;, java.version: &apos;17.0.12&apos;
Driver info: org.openqa.selenium.chrome.ChromeDriver
Capabilities {acceptInsecureCerts: false, browserName: chrome, browserVersion: 139.0.7258.128, chrome: {chromedriverVersion: 139.0.7258.138 (884e54ea8d4..., userDataDir: C:\Users\user\AppData\Local...}, fedcm:accounts: true, goog:chromeOptions: {debuggerAddress: localhost:53564}, networkConnectionEnabled: false, pageLoadStrategy: normal, platformName: windows, proxy: Proxy(), se:cdp: ws://localhost:53564/devtoo..., se:cdpVersion: 139.0.7258.128, setWindowRect: true, strictFileInteractability: false, timeouts: {implicit: 0, pageLoad: 300000, script: 30000}, unhandledPromptBehavior: dismiss and notify, webauthn:extension:credBlob: true, webauthn:extension:largeBlob: true, webauthn:extension:minPinLength: true, webauthn:extension:prf: true, webauthn:virtualAuthenticators: true}
Session ID: 78e524eba0bce0154796eb4ef43f0572
	at org.openqa.selenium.support.ui.WebDriverWait.timeoutException(WebDriverWait.java:84)
	at org.openqa.selenium.support.ui.FluentWait.until(FluentWait.java:228)
	at com.Capium365.Actions.Capium365_BankTab_Actions.Comparethebankaccountsinbanktabandbussinesstab(Capium365_BankTab_Actions.java:280)
	at com.Capium365.StepDefination.Capium365_BankTab_Stepdefination.get_the_data_of_bank_account_and_store(Capium365_BankTab_Stepdefination.java:144)
	at ✽.Compare the bank accounts in bank tab and bussiness tab(file:///D:/Core%20Modules/Capium365/src/test/resources/Capium365FeatureFiles/Capium365_BankTab.feature:78)
</pre></div></td>
<td>45</td>
<td>com.Capium365.RunnerFiles.Capium365_BankTab_Runner@192c3f1e</td></tr>
<tr>
<td title='com.Capium365.RunnerFiles.Capium365_Receipts_CreditNotes_Runner.runScenario()'><b>runScenario</b><br>Test class: com.Capium365.RunnerFiles.Capium365_Receipts_CreditNotes_Runner<br>Test method: Runs Cucumber Scenarios<br>Parameters: "Validate File Icon In CreditNote Main Grid", "Capium365 Receipts under Credit Notes"</td>
<td><div><pre>org.openqa.selenium.TimeoutException: Expected condition failed: waiting for visibility of element located by By.xpath: //span[contains(text(), &apos;Receipts&apos;)] (tried for 10 second(s) with 500 milliseconds interval)
Build info: version: &apos;4.23.0&apos;, revision: &apos;4df0a231af&apos;
System info: os.name: &apos;Windows 10&apos;, os.arch: &apos;amd64&apos;, os.version: &apos;10.0&apos;, java.version: &apos;17.0.12&apos;
Driver info: org.openqa.selenium.chrome.ChromeDriver
Capabilities {acceptInsecureCerts: false, browserName: chrome, browserVersion: 139.0.7258.128, chrome: {chromedriverVersion: 139.0.7258.138 (884e54ea8d4..., userDataDir: C:\Users\user\AppData\Local...}, fedcm:accounts: true, goog:chromeOptions: {debuggerAddress: localhost:55787}, networkConnectionEnabled: false, pageLoadStrategy: normal, platformName: windows, proxy: Proxy(), se:cdp: ws://localhost:55787/devtoo..., se:cdpVersion: 139.0.7258.128, setWindowRect: true, strictFileInteractability: false, timeouts: {implicit: 0, pageLoad: 300000, script: 30000}, unhandledPromptBehavior: dismiss and notify, webauthn:extension:credBlob: true, webauthn:extension:largeBlob: true, webauthn:extension:minPinLength: true, webauthn:extension:prf: true, webauthn:virtualAuthenticators: true}
Session ID: 266a3baf6bb8944658d371a91ba3d6b8
	at org.openqa.selenium.support.ui.WebDriverWait.timeoutException(WebDriverWait.java:84)
	at org.openqa.selenium.support.ui.FluentWait.until(FluentWait.java:228)
	at com.Capium365.Actions.Capium365_Receipts_PurchaseInvoice_Actions.clickOnReceiptsMenu(Capium365_Receipts_PurchaseInvoice_Actions.java:36)
	at com.Capium365.StepDefination.Capium365_Receipts_PurchaseInvoice_Stepdefination.click_on_receipts_menu(Capium365_Receipts_PurchaseInvoice_Stepdefination.java:21)
	at ✽.Click on Receipts Menu(file:///D:/Core%20Modules/Capium365/src/test/resources/Capium365FeatureFiles/Capium365_Receipts_CreditNotes.feature:124)
</pre></div><a href='#' onClick='toggleBox("stack-trace1839155977", this, "Click to show all stack frames", "Click to hide stack frames")'>Click to show all stack frames</a>
<div class='stack-trace' id='stack-trace1839155977'><pre>org.openqa.selenium.TimeoutException: Expected condition failed: waiting for visibility of element located by By.xpath: //span[contains(text(), &apos;Receipts&apos;)] (tried for 10 second(s) with 500 milliseconds interval)
Build info: version: &apos;4.23.0&apos;, revision: &apos;4df0a231af&apos;
System info: os.name: &apos;Windows 10&apos;, os.arch: &apos;amd64&apos;, os.version: &apos;10.0&apos;, java.version: &apos;17.0.12&apos;
Driver info: org.openqa.selenium.chrome.ChromeDriver
Capabilities {acceptInsecureCerts: false, browserName: chrome, browserVersion: 139.0.7258.128, chrome: {chromedriverVersion: 139.0.7258.138 (884e54ea8d4..., userDataDir: C:\Users\user\AppData\Local...}, fedcm:accounts: true, goog:chromeOptions: {debuggerAddress: localhost:55787}, networkConnectionEnabled: false, pageLoadStrategy: normal, platformName: windows, proxy: Proxy(), se:cdp: ws://localhost:55787/devtoo..., se:cdpVersion: 139.0.7258.128, setWindowRect: true, strictFileInteractability: false, timeouts: {implicit: 0, pageLoad: 300000, script: 30000}, unhandledPromptBehavior: dismiss and notify, webauthn:extension:credBlob: true, webauthn:extension:largeBlob: true, webauthn:extension:minPinLength: true, webauthn:extension:prf: true, webauthn:virtualAuthenticators: true}
Session ID: 266a3baf6bb8944658d371a91ba3d6b8
	at org.openqa.selenium.support.ui.WebDriverWait.timeoutException(WebDriverWait.java:84)
	at org.openqa.selenium.support.ui.FluentWait.until(FluentWait.java:228)
	at com.Capium365.Actions.Capium365_Receipts_PurchaseInvoice_Actions.clickOnReceiptsMenu(Capium365_Receipts_PurchaseInvoice_Actions.java:36)
	at com.Capium365.StepDefination.Capium365_Receipts_PurchaseInvoice_Stepdefination.click_on_receipts_menu(Capium365_Receipts_PurchaseInvoice_Stepdefination.java:21)
	at ✽.Click on Receipts Menu(file:///D:/Core%20Modules/Capium365/src/test/resources/Capium365FeatureFiles/Capium365_Receipts_CreditNotes.feature:124)
</pre></div></td>
<td>100</td>
<td>com.Capium365.RunnerFiles.Capium365_Receipts_CreditNotes_Runner@2e377400</td></tr>
<tr>
<td title='com.Capium365.RunnerFiles.Capium365_Receipts_CreditNotes_Runner.runScenario()'><b>runScenario</b><br>Test class: com.Capium365.RunnerFiles.Capium365_Receipts_CreditNotes_Runner<br>Test method: Runs Cucumber Scenarios<br>Parameters: "Validate plus Icon Edit Purchase CreditNote Page", "Capium365 Receipts under Credit Notes"</td>
<td><div><pre>org.openqa.selenium.TimeoutException: Expected condition failed: waiting for visibility of element located by By.xpath: //span[contains(text(), &apos;Receipts&apos;)] (tried for 10 second(s) with 500 milliseconds interval)
Build info: version: &apos;4.23.0&apos;, revision: &apos;4df0a231af&apos;
System info: os.name: &apos;Windows 10&apos;, os.arch: &apos;amd64&apos;, os.version: &apos;10.0&apos;, java.version: &apos;17.0.12&apos;
Driver info: org.openqa.selenium.chrome.ChromeDriver
Capabilities {acceptInsecureCerts: false, browserName: chrome, browserVersion: 139.0.7258.128, chrome: {chromedriverVersion: 139.0.7258.138 (884e54ea8d4..., userDataDir: C:\Users\user\AppData\Local...}, fedcm:accounts: true, goog:chromeOptions: {debuggerAddress: localhost:55787}, networkConnectionEnabled: false, pageLoadStrategy: normal, platformName: windows, proxy: Proxy(), se:cdp: ws://localhost:55787/devtoo..., se:cdpVersion: 139.0.7258.128, setWindowRect: true, strictFileInteractability: false, timeouts: {implicit: 0, pageLoad: 300000, script: 30000}, unhandledPromptBehavior: dismiss and notify, webauthn:extension:credBlob: true, webauthn:extension:largeBlob: true, webauthn:extension:minPinLength: true, webauthn:extension:prf: true, webauthn:virtualAuthenticators: true}
Session ID: 266a3baf6bb8944658d371a91ba3d6b8
	at org.openqa.selenium.support.ui.WebDriverWait.timeoutException(WebDriverWait.java:84)
	at org.openqa.selenium.support.ui.FluentWait.until(FluentWait.java:228)
	at com.Capium365.Actions.Capium365_Receipts_PurchaseInvoice_Actions.clickOnReceiptsMenu(Capium365_Receipts_PurchaseInvoice_Actions.java:36)
	at com.Capium365.StepDefination.Capium365_Receipts_PurchaseInvoice_Stepdefination.click_on_receipts_menu(Capium365_Receipts_PurchaseInvoice_Stepdefination.java:21)
	at ✽.Click on Receipts Menu(file:///D:/Core%20Modules/Capium365/src/test/resources/Capium365FeatureFiles/Capium365_Receipts_CreditNotes.feature:164)
</pre></div><a href='#' onClick='toggleBox("stack-trace1133797507", this, "Click to show all stack frames", "Click to hide stack frames")'>Click to show all stack frames</a>
<div class='stack-trace' id='stack-trace1133797507'><pre>org.openqa.selenium.TimeoutException: Expected condition failed: waiting for visibility of element located by By.xpath: //span[contains(text(), &apos;Receipts&apos;)] (tried for 10 second(s) with 500 milliseconds interval)
Build info: version: &apos;4.23.0&apos;, revision: &apos;4df0a231af&apos;
System info: os.name: &apos;Windows 10&apos;, os.arch: &apos;amd64&apos;, os.version: &apos;10.0&apos;, java.version: &apos;17.0.12&apos;
Driver info: org.openqa.selenium.chrome.ChromeDriver
Capabilities {acceptInsecureCerts: false, browserName: chrome, browserVersion: 139.0.7258.128, chrome: {chromedriverVersion: 139.0.7258.138 (884e54ea8d4..., userDataDir: C:\Users\user\AppData\Local...}, fedcm:accounts: true, goog:chromeOptions: {debuggerAddress: localhost:55787}, networkConnectionEnabled: false, pageLoadStrategy: normal, platformName: windows, proxy: Proxy(), se:cdp: ws://localhost:55787/devtoo..., se:cdpVersion: 139.0.7258.128, setWindowRect: true, strictFileInteractability: false, timeouts: {implicit: 0, pageLoad: 300000, script: 30000}, unhandledPromptBehavior: dismiss and notify, webauthn:extension:credBlob: true, webauthn:extension:largeBlob: true, webauthn:extension:minPinLength: true, webauthn:extension:prf: true, webauthn:virtualAuthenticators: true}
Session ID: 266a3baf6bb8944658d371a91ba3d6b8
	at org.openqa.selenium.support.ui.WebDriverWait.timeoutException(WebDriverWait.java:84)
	at org.openqa.selenium.support.ui.FluentWait.until(FluentWait.java:228)
	at com.Capium365.Actions.Capium365_Receipts_PurchaseInvoice_Actions.clickOnReceiptsMenu(Capium365_Receipts_PurchaseInvoice_Actions.java:36)
	at com.Capium365.StepDefination.Capium365_Receipts_PurchaseInvoice_Stepdefination.click_on_receipts_menu(Capium365_Receipts_PurchaseInvoice_Stepdefination.java:21)
	at ✽.Click on Receipts Menu(file:///D:/Core%20Modules/Capium365/src/test/resources/Capium365FeatureFiles/Capium365_Receipts_CreditNotes.feature:164)
</pre></div></td>
<td>100</td>
<td>com.Capium365.RunnerFiles.Capium365_Receipts_CreditNotes_Runner@2e377400</td></tr>
<tr>
<td title='com.Capium365.RunnerFiles.Capium365_BankTab_Runner.runScenario()'><b>runScenario</b><br>Test class: com.Capium365.RunnerFiles.Capium365_BankTab_Runner<br>Test method: Runs Cucumber Scenarios<br>Parameters: "Validate date dropdown", "Validate bank tab"</td>
<td><div><pre>org.openqa.selenium.NoSuchElementException: no such element: Unable to locate element: {&quot;method&quot;:&quot;xpath&quot;,&quot;selector&quot;:&quot;//h6[normalize-space()=&apos;365&apos;]&quot;}
  (Session info: chrome=139.0.7258.128)
For documentation on this error, please visit: https://www.selenium.dev/documentation/webdriver/troubleshooting/errors#no-such-element-exception
Build info: version: &apos;4.23.0&apos;, revision: &apos;4df0a231af&apos;
System info: os.name: &apos;Windows 10&apos;, os.arch: &apos;amd64&apos;, os.version: &apos;10.0&apos;, java.version: &apos;17.0.12&apos;
Driver info: org.openqa.selenium.chrome.ChromeDriver
Command: [78e524eba0bce0154796eb4ef43f0572, findElement {value=//h6[normalize-space()=&apos;365&apos;], using=xpath}]
Capabilities {acceptInsecureCerts: false, browserName: chrome, browserVersion: 139.0.7258.128, chrome: {chromedriverVersion: 139.0.7258.138 (884e54ea8d4..., userDataDir: C:\Users\user\AppData\Local...}, fedcm:accounts: true, goog:chromeOptions: {debuggerAddress: localhost:53564}, networkConnectionEnabled: false, pageLoadStrategy: normal, platformName: windows, proxy: Proxy(), se:cdp: ws://localhost:53564/devtoo..., se:cdpVersion: 139.0.7258.128, setWindowRect: true, strictFileInteractability: false, timeouts: {implicit: 0, pageLoad: 300000, script: 30000}, unhandledPromptBehavior: dismiss and notify, webauthn:extension:credBlob: true, webauthn:extension:largeBlob: true, webauthn:extension:minPinLength: true, webauthn:extension:prf: true, webauthn:virtualAuthenticators: true}
Session ID: 78e524eba0bce0154796eb4ef43f0572
	at org.openqa.selenium.remote.ErrorCodec.decode(ErrorCodec.java:167)
	at org.openqa.selenium.remote.codec.w3c.W3CHttpResponseCodec.decode(W3CHttpResponseCodec.java:138)
	at org.openqa.selenium.remote.codec.w3c.W3CHttpResponseCodec.decode(W3CHttpResponseCodec.java:50)
	at org.openqa.selenium.remote.HttpCommandExecutor.execute(HttpCommandExecutor.java:190)
	at org.openqa.selenium.remote.service.DriverCommandExecutor.invokeExecute(DriverCommandExecutor.java:216)
	at org.openqa.selenium.remote.service.DriverCommandExecutor.execute(DriverCommandExecutor.java:174)
	at org.openqa.selenium.remote.RemoteWebDriver.execute(RemoteWebDriver.java:527)
	at org.openqa.selenium.remote.ElementLocation$ElementFinder$2.findElement(ElementLocation.java:165)
	at org.openqa.selenium.remote.ElementLocation.findElement(ElementLocation.java:59)
	at org.openqa.selenium.remote.RemoteWebDriver.findElement(RemoteWebDriver.java:357)
	at org.openqa.selenium.remote.RemoteWebDriver.findElement(RemoteWebDriver.java:351)
	at com.Capium.Utilites.HelperClass.isElementPresent(HelperClass.java:237)
	at com.Capium365.Actions.LoginActions.clickCapium365ClientLogin(LoginActions.java:97)
	at com.Capium365.StepDefination.LoginStepDefination.click_on_capium365_client_login(LoginStepDefination.java:34)
	at ✽.Click on Capium365 Client login(file:///D:/Core%20Modules/Capium365/src/test/resources/Capium365FeatureFiles/Capium365_BankTab.feature:6)
... Removed 4 stack frames</pre></div><a href='#' onClick='toggleBox("stack-trace734050269", this, "Click to show all stack frames", "Click to hide stack frames")'>Click to show all stack frames</a>
<div class='stack-trace' id='stack-trace734050269'><pre>org.openqa.selenium.NoSuchElementException: no such element: Unable to locate element: {&quot;method&quot;:&quot;xpath&quot;,&quot;selector&quot;:&quot;//h6[normalize-space()=&apos;365&apos;]&quot;}
  (Session info: chrome=139.0.7258.128)
For documentation on this error, please visit: https://www.selenium.dev/documentation/webdriver/troubleshooting/errors#no-such-element-exception
Build info: version: &apos;4.23.0&apos;, revision: &apos;4df0a231af&apos;
System info: os.name: &apos;Windows 10&apos;, os.arch: &apos;amd64&apos;, os.version: &apos;10.0&apos;, java.version: &apos;17.0.12&apos;
Driver info: org.openqa.selenium.chrome.ChromeDriver
Command: [78e524eba0bce0154796eb4ef43f0572, findElement {value=//h6[normalize-space()=&apos;365&apos;], using=xpath}]
Capabilities {acceptInsecureCerts: false, browserName: chrome, browserVersion: 139.0.7258.128, chrome: {chromedriverVersion: 139.0.7258.138 (884e54ea8d4..., userDataDir: C:\Users\user\AppData\Local...}, fedcm:accounts: true, goog:chromeOptions: {debuggerAddress: localhost:53564}, networkConnectionEnabled: false, pageLoadStrategy: normal, platformName: windows, proxy: Proxy(), se:cdp: ws://localhost:53564/devtoo..., se:cdpVersion: 139.0.7258.128, setWindowRect: true, strictFileInteractability: false, timeouts: {implicit: 0, pageLoad: 300000, script: 30000}, unhandledPromptBehavior: dismiss and notify, webauthn:extension:credBlob: true, webauthn:extension:largeBlob: true, webauthn:extension:minPinLength: true, webauthn:extension:prf: true, webauthn:virtualAuthenticators: true}
Session ID: 78e524eba0bce0154796eb4ef43f0572
	at jdk.internal.reflect.GeneratedConstructorAccessor28.newInstance(Unknown Source)
	at java.base/jdk.internal.reflect.DelegatingConstructorAccessorImpl.newInstance(DelegatingConstructorAccessorImpl.java:45)
	at java.base/java.lang.reflect.Constructor.newInstanceWithCaller(Constructor.java:499)
	at java.base/java.lang.reflect.Constructor.newInstance(Constructor.java:480)
	at org.openqa.selenium.remote.ErrorCodec.decode(ErrorCodec.java:167)
	at org.openqa.selenium.remote.codec.w3c.W3CHttpResponseCodec.decode(W3CHttpResponseCodec.java:138)
	at org.openqa.selenium.remote.codec.w3c.W3CHttpResponseCodec.decode(W3CHttpResponseCodec.java:50)
	at org.openqa.selenium.remote.HttpCommandExecutor.execute(HttpCommandExecutor.java:190)
	at org.openqa.selenium.remote.service.DriverCommandExecutor.invokeExecute(DriverCommandExecutor.java:216)
	at org.openqa.selenium.remote.service.DriverCommandExecutor.execute(DriverCommandExecutor.java:174)
	at org.openqa.selenium.remote.RemoteWebDriver.execute(RemoteWebDriver.java:527)
	at org.openqa.selenium.remote.ElementLocation$ElementFinder$2.findElement(ElementLocation.java:165)
	at org.openqa.selenium.remote.ElementLocation.findElement(ElementLocation.java:59)
	at org.openqa.selenium.remote.RemoteWebDriver.findElement(RemoteWebDriver.java:357)
	at org.openqa.selenium.remote.RemoteWebDriver.findElement(RemoteWebDriver.java:351)
	at com.Capium.Utilites.HelperClass.isElementPresent(HelperClass.java:237)
	at com.Capium365.Actions.LoginActions.clickCapium365ClientLogin(LoginActions.java:97)
	at com.Capium365.StepDefination.LoginStepDefination.click_on_capium365_client_login(LoginStepDefination.java:34)
	at ✽.Click on Capium365 Client login(file:///D:/Core%20Modules/Capium365/src/test/resources/Capium365FeatureFiles/Capium365_BankTab.feature:6)
</pre></div></td>
<td>72</td>
<td>com.Capium365.RunnerFiles.Capium365_BankTab_Runner@192c3f1e</td></tr>
<tr>
<td title='com.Capium365.RunnerFiles.Capium365_Receipts_Suppliers_Runner.runScenario()'><b>runScenario</b><br>Test class: com.Capium365.RunnerFiles.Capium365_Receipts_Suppliers_Runner<br>Test method: Runs Cucumber Scenarios<br>Parameters: "Validate Paginationdropdownandvaldate", "Verify Suppliers in Receipts tab"</td>
<td><div><pre>org.openqa.selenium.NoSuchElementException: no such element: Unable to locate element: {&quot;method&quot;:&quot;xpath&quot;,&quot;selector&quot;:&quot;//a[text()=&apos;Verify Account&apos;]&quot;}
  (Session info: chrome=139.0.7258.128)
For documentation on this error, please visit: https://www.selenium.dev/documentation/webdriver/troubleshooting/errors#no-such-element-exception
Build info: version: &apos;4.23.0&apos;, revision: &apos;4df0a231af&apos;
System info: os.name: &apos;Windows 10&apos;, os.arch: &apos;amd64&apos;, os.version: &apos;10.0&apos;, java.version: &apos;17.0.12&apos;
Driver info: org.openqa.selenium.chrome.ChromeDriver
Command: [16d83a7e543686abacc1b7888d00c888, findElement {value=//a[text()=&apos;Verify Account&apos;], using=xpath}]
Capabilities {acceptInsecureCerts: false, browserName: chrome, browserVersion: 139.0.7258.128, chrome: {chromedriverVersion: 139.0.7258.138 (884e54ea8d4..., userDataDir: C:\Users\user\AppData\Local...}, fedcm:accounts: true, goog:chromeOptions: {debuggerAddress: localhost:57425}, networkConnectionEnabled: false, pageLoadStrategy: normal, platformName: windows, proxy: Proxy(), se:cdp: ws://localhost:57425/devtoo..., se:cdpVersion: 139.0.7258.128, setWindowRect: true, strictFileInteractability: false, timeouts: {implicit: 0, pageLoad: 300000, script: 30000}, unhandledPromptBehavior: dismiss and notify, webauthn:extension:credBlob: true, webauthn:extension:largeBlob: true, webauthn:extension:minPinLength: true, webauthn:extension:prf: true, webauthn:virtualAuthenticators: true}
Session ID: 16d83a7e543686abacc1b7888d00c888
	at org.openqa.selenium.remote.ErrorCodec.decode(ErrorCodec.java:167)
	at org.openqa.selenium.remote.codec.w3c.W3CHttpResponseCodec.decode(W3CHttpResponseCodec.java:138)
	at org.openqa.selenium.remote.codec.w3c.W3CHttpResponseCodec.decode(W3CHttpResponseCodec.java:50)
	at org.openqa.selenium.remote.HttpCommandExecutor.execute(HttpCommandExecutor.java:190)
	at org.openqa.selenium.remote.service.DriverCommandExecutor.invokeExecute(DriverCommandExecutor.java:216)
	at org.openqa.selenium.remote.service.DriverCommandExecutor.execute(DriverCommandExecutor.java:174)
	at org.openqa.selenium.remote.RemoteWebDriver.execute(RemoteWebDriver.java:527)
	at org.openqa.selenium.remote.ElementLocation$ElementFinder$2.findElement(ElementLocation.java:165)
	at org.openqa.selenium.remote.ElementLocation.findElement(ElementLocation.java:59)
	at org.openqa.selenium.remote.RemoteWebDriver.findElement(RemoteWebDriver.java:357)
	at org.openqa.selenium.remote.RemoteWebDriver.findElement(RemoteWebDriver.java:351)
	at com.Capium.Utilites.HelperClass.isElementPresent(HelperClass.java:237)
	at com.Capium365.Actions.LoginActions.Clickonverifyaccount(LoginActions.java:55)
	at com.Capium365.StepDefination.LoginStepDefination.click_on_verify_account(LoginStepDefination.java:66)
	at ✽.Click on verify account(file:///D:/Core%20Modules/Capium365/src/test/resources/Capium365FeatureFiles/Capium365_Receipts_Supplier.feature:10)
... Removed 4 stack frames</pre></div><a href='#' onClick='toggleBox("stack-trace1727476905", this, "Click to show all stack frames", "Click to hide stack frames")'>Click to show all stack frames</a>
<div class='stack-trace' id='stack-trace1727476905'><pre>org.openqa.selenium.NoSuchElementException: no such element: Unable to locate element: {&quot;method&quot;:&quot;xpath&quot;,&quot;selector&quot;:&quot;//a[text()=&apos;Verify Account&apos;]&quot;}
  (Session info: chrome=139.0.7258.128)
For documentation on this error, please visit: https://www.selenium.dev/documentation/webdriver/troubleshooting/errors#no-such-element-exception
Build info: version: &apos;4.23.0&apos;, revision: &apos;4df0a231af&apos;
System info: os.name: &apos;Windows 10&apos;, os.arch: &apos;amd64&apos;, os.version: &apos;10.0&apos;, java.version: &apos;17.0.12&apos;
Driver info: org.openqa.selenium.chrome.ChromeDriver
Command: [16d83a7e543686abacc1b7888d00c888, findElement {value=//a[text()=&apos;Verify Account&apos;], using=xpath}]
Capabilities {acceptInsecureCerts: false, browserName: chrome, browserVersion: 139.0.7258.128, chrome: {chromedriverVersion: 139.0.7258.138 (884e54ea8d4..., userDataDir: C:\Users\user\AppData\Local...}, fedcm:accounts: true, goog:chromeOptions: {debuggerAddress: localhost:57425}, networkConnectionEnabled: false, pageLoadStrategy: normal, platformName: windows, proxy: Proxy(), se:cdp: ws://localhost:57425/devtoo..., se:cdpVersion: 139.0.7258.128, setWindowRect: true, strictFileInteractability: false, timeouts: {implicit: 0, pageLoad: 300000, script: 30000}, unhandledPromptBehavior: dismiss and notify, webauthn:extension:credBlob: true, webauthn:extension:largeBlob: true, webauthn:extension:minPinLength: true, webauthn:extension:prf: true, webauthn:virtualAuthenticators: true}
Session ID: 16d83a7e543686abacc1b7888d00c888
	at jdk.internal.reflect.GeneratedConstructorAccessor28.newInstance(Unknown Source)
	at java.base/jdk.internal.reflect.DelegatingConstructorAccessorImpl.newInstance(DelegatingConstructorAccessorImpl.java:45)
	at java.base/java.lang.reflect.Constructor.newInstanceWithCaller(Constructor.java:499)
	at java.base/java.lang.reflect.Constructor.newInstance(Constructor.java:480)
	at org.openqa.selenium.remote.ErrorCodec.decode(ErrorCodec.java:167)
	at org.openqa.selenium.remote.codec.w3c.W3CHttpResponseCodec.decode(W3CHttpResponseCodec.java:138)
	at org.openqa.selenium.remote.codec.w3c.W3CHttpResponseCodec.decode(W3CHttpResponseCodec.java:50)
	at org.openqa.selenium.remote.HttpCommandExecutor.execute(HttpCommandExecutor.java:190)
	at org.openqa.selenium.remote.service.DriverCommandExecutor.invokeExecute(DriverCommandExecutor.java:216)
	at org.openqa.selenium.remote.service.DriverCommandExecutor.execute(DriverCommandExecutor.java:174)
	at org.openqa.selenium.remote.RemoteWebDriver.execute(RemoteWebDriver.java:527)
	at org.openqa.selenium.remote.ElementLocation$ElementFinder$2.findElement(ElementLocation.java:165)
	at org.openqa.selenium.remote.ElementLocation.findElement(ElementLocation.java:59)
	at org.openqa.selenium.remote.RemoteWebDriver.findElement(RemoteWebDriver.java:357)
	at org.openqa.selenium.remote.RemoteWebDriver.findElement(RemoteWebDriver.java:351)
	at com.Capium.Utilites.HelperClass.isElementPresent(HelperClass.java:237)
	at com.Capium365.Actions.LoginActions.Clickonverifyaccount(LoginActions.java:55)
	at com.Capium365.StepDefination.LoginStepDefination.click_on_verify_account(LoginStepDefination.java:66)
	at ✽.Click on verify account(file:///D:/Core%20Modules/Capium365/src/test/resources/Capium365FeatureFiles/Capium365_Receipts_Supplier.feature:10)
</pre></div></td>
<td>77</td>
<td>com.Capium365.RunnerFiles.Capium365_Receipts_Suppliers_Runner@1757cd72</td></tr>
<tr>
<td title='com.Capium365.RunnerFiles.Capium365_Receipts_Suppliers_Runner.runScenario()'><b>runScenario</b><br>Test class: com.Capium365.RunnerFiles.Capium365_Receipts_Suppliers_Runner<br>Test method: Runs Cucumber Scenarios<br>Parameters: "Validate Payment Account Dropdown in Edit Supplier Page", "Verify Suppliers in Receipts tab"</td>
<td><div><pre>org.openqa.selenium.NoSuchElementException: no such element: Unable to locate element: {&quot;method&quot;:&quot;xpath&quot;,&quot;selector&quot;:&quot;//h6[normalize-space()=&apos;365&apos;]&quot;}
  (Session info: chrome=139.0.7258.128)
For documentation on this error, please visit: https://www.selenium.dev/documentation/webdriver/troubleshooting/errors#no-such-element-exception
Build info: version: &apos;4.23.0&apos;, revision: &apos;4df0a231af&apos;
System info: os.name: &apos;Windows 10&apos;, os.arch: &apos;amd64&apos;, os.version: &apos;10.0&apos;, java.version: &apos;17.0.12&apos;
Driver info: org.openqa.selenium.chrome.ChromeDriver
Command: [16d83a7e543686abacc1b7888d00c888, findElement {value=//h6[normalize-space()=&apos;365&apos;], using=xpath}]
Capabilities {acceptInsecureCerts: false, browserName: chrome, browserVersion: 139.0.7258.128, chrome: {chromedriverVersion: 139.0.7258.138 (884e54ea8d4..., userDataDir: C:\Users\user\AppData\Local...}, fedcm:accounts: true, goog:chromeOptions: {debuggerAddress: localhost:57425}, networkConnectionEnabled: false, pageLoadStrategy: normal, platformName: windows, proxy: Proxy(), se:cdp: ws://localhost:57425/devtoo..., se:cdpVersion: 139.0.7258.128, setWindowRect: true, strictFileInteractability: false, timeouts: {implicit: 0, pageLoad: 300000, script: 30000}, unhandledPromptBehavior: dismiss and notify, webauthn:extension:credBlob: true, webauthn:extension:largeBlob: true, webauthn:extension:minPinLength: true, webauthn:extension:prf: true, webauthn:virtualAuthenticators: true}
Session ID: 16d83a7e543686abacc1b7888d00c888
	at org.openqa.selenium.remote.ErrorCodec.decode(ErrorCodec.java:167)
	at org.openqa.selenium.remote.codec.w3c.W3CHttpResponseCodec.decode(W3CHttpResponseCodec.java:138)
	at org.openqa.selenium.remote.codec.w3c.W3CHttpResponseCodec.decode(W3CHttpResponseCodec.java:50)
	at org.openqa.selenium.remote.HttpCommandExecutor.execute(HttpCommandExecutor.java:190)
	at org.openqa.selenium.remote.service.DriverCommandExecutor.invokeExecute(DriverCommandExecutor.java:216)
	at org.openqa.selenium.remote.service.DriverCommandExecutor.execute(DriverCommandExecutor.java:174)
	at org.openqa.selenium.remote.RemoteWebDriver.execute(RemoteWebDriver.java:527)
	at org.openqa.selenium.remote.ElementLocation$ElementFinder$2.findElement(ElementLocation.java:165)
	at org.openqa.selenium.remote.ElementLocation.findElement(ElementLocation.java:59)
	at org.openqa.selenium.remote.RemoteWebDriver.findElement(RemoteWebDriver.java:357)
	at org.openqa.selenium.remote.RemoteWebDriver.findElement(RemoteWebDriver.java:351)
	at com.Capium.Utilites.HelperClass.isElementPresent(HelperClass.java:237)
	at com.Capium365.Actions.LoginActions.clickCapium365ClientLogin(LoginActions.java:97)
	at com.Capium365.StepDefination.LoginStepDefination.click_on_capium365_client_login(LoginStepDefination.java:34)
	at ✽.Click on Capium365 Client login(file:///D:/Core%20Modules/Capium365/src/test/resources/Capium365FeatureFiles/Capium365_Receipts_Supplier.feature:6)
... Removed 4 stack frames</pre></div><a href='#' onClick='toggleBox("stack-trace574418396", this, "Click to show all stack frames", "Click to hide stack frames")'>Click to show all stack frames</a>
<div class='stack-trace' id='stack-trace574418396'><pre>org.openqa.selenium.NoSuchElementException: no such element: Unable to locate element: {&quot;method&quot;:&quot;xpath&quot;,&quot;selector&quot;:&quot;//h6[normalize-space()=&apos;365&apos;]&quot;}
  (Session info: chrome=139.0.7258.128)
For documentation on this error, please visit: https://www.selenium.dev/documentation/webdriver/troubleshooting/errors#no-such-element-exception
Build info: version: &apos;4.23.0&apos;, revision: &apos;4df0a231af&apos;
System info: os.name: &apos;Windows 10&apos;, os.arch: &apos;amd64&apos;, os.version: &apos;10.0&apos;, java.version: &apos;17.0.12&apos;
Driver info: org.openqa.selenium.chrome.ChromeDriver
Command: [16d83a7e543686abacc1b7888d00c888, findElement {value=//h6[normalize-space()=&apos;365&apos;], using=xpath}]
Capabilities {acceptInsecureCerts: false, browserName: chrome, browserVersion: 139.0.7258.128, chrome: {chromedriverVersion: 139.0.7258.138 (884e54ea8d4..., userDataDir: C:\Users\user\AppData\Local...}, fedcm:accounts: true, goog:chromeOptions: {debuggerAddress: localhost:57425}, networkConnectionEnabled: false, pageLoadStrategy: normal, platformName: windows, proxy: Proxy(), se:cdp: ws://localhost:57425/devtoo..., se:cdpVersion: 139.0.7258.128, setWindowRect: true, strictFileInteractability: false, timeouts: {implicit: 0, pageLoad: 300000, script: 30000}, unhandledPromptBehavior: dismiss and notify, webauthn:extension:credBlob: true, webauthn:extension:largeBlob: true, webauthn:extension:minPinLength: true, webauthn:extension:prf: true, webauthn:virtualAuthenticators: true}
Session ID: 16d83a7e543686abacc1b7888d00c888
	at jdk.internal.reflect.GeneratedConstructorAccessor28.newInstance(Unknown Source)
	at java.base/jdk.internal.reflect.DelegatingConstructorAccessorImpl.newInstance(DelegatingConstructorAccessorImpl.java:45)
	at java.base/java.lang.reflect.Constructor.newInstanceWithCaller(Constructor.java:499)
	at java.base/java.lang.reflect.Constructor.newInstance(Constructor.java:480)
	at org.openqa.selenium.remote.ErrorCodec.decode(ErrorCodec.java:167)
	at org.openqa.selenium.remote.codec.w3c.W3CHttpResponseCodec.decode(W3CHttpResponseCodec.java:138)
	at org.openqa.selenium.remote.codec.w3c.W3CHttpResponseCodec.decode(W3CHttpResponseCodec.java:50)
	at org.openqa.selenium.remote.HttpCommandExecutor.execute(HttpCommandExecutor.java:190)
	at org.openqa.selenium.remote.service.DriverCommandExecutor.invokeExecute(DriverCommandExecutor.java:216)
	at org.openqa.selenium.remote.service.DriverCommandExecutor.execute(DriverCommandExecutor.java:174)
	at org.openqa.selenium.remote.RemoteWebDriver.execute(RemoteWebDriver.java:527)
	at org.openqa.selenium.remote.ElementLocation$ElementFinder$2.findElement(ElementLocation.java:165)
	at org.openqa.selenium.remote.ElementLocation.findElement(ElementLocation.java:59)
	at org.openqa.selenium.remote.RemoteWebDriver.findElement(RemoteWebDriver.java:357)
	at org.openqa.selenium.remote.RemoteWebDriver.findElement(RemoteWebDriver.java:351)
	at com.Capium.Utilites.HelperClass.isElementPresent(HelperClass.java:237)
	at com.Capium365.Actions.LoginActions.clickCapium365ClientLogin(LoginActions.java:97)
	at com.Capium365.StepDefination.LoginStepDefination.click_on_capium365_client_login(LoginStepDefination.java:34)
	at ✽.Click on Capium365 Client login(file:///D:/Core%20Modules/Capium365/src/test/resources/Capium365FeatureFiles/Capium365_Receipts_Supplier.feature:6)
</pre></div></td>
<td>13</td>
<td>com.Capium365.RunnerFiles.Capium365_Receipts_Suppliers_Runner@1757cd72</td></tr>
<tr>
<td title='com.Capium365.RunnerFiles.Capium365_BankTab_Runner.runScenario()'><b>runScenario</b><br>Test class: com.Capium365.RunnerFiles.Capium365_BankTab_Runner<br>Test method: Runs Cucumber Scenarios<br>Parameters: "Validate search bar", "Validate bank tab"</td>
<td><div><pre>org.openqa.selenium.TimeoutException: Expected condition failed: waiting for element to be clickable: By.xpath: //span[text()=&apos;Bank&apos;]/ancestor::a (tried for 10 second(s) with 500 milliseconds interval)
Build info: version: &apos;4.23.0&apos;, revision: &apos;4df0a231af&apos;
System info: os.name: &apos;Windows 10&apos;, os.arch: &apos;amd64&apos;, os.version: &apos;10.0&apos;, java.version: &apos;17.0.12&apos;
Driver info: org.openqa.selenium.chrome.ChromeDriver
Capabilities {acceptInsecureCerts: false, browserName: chrome, browserVersion: 139.0.7258.128, chrome: {chromedriverVersion: 139.0.7258.138 (884e54ea8d4..., userDataDir: C:\Users\user\AppData\Local...}, fedcm:accounts: true, goog:chromeOptions: {debuggerAddress: localhost:53564}, networkConnectionEnabled: false, pageLoadStrategy: normal, platformName: windows, proxy: Proxy(), se:cdp: ws://localhost:53564/devtoo..., se:cdpVersion: 139.0.7258.128, setWindowRect: true, strictFileInteractability: false, timeouts: {implicit: 0, pageLoad: 300000, script: 30000}, unhandledPromptBehavior: dismiss and notify, webauthn:extension:credBlob: true, webauthn:extension:largeBlob: true, webauthn:extension:minPinLength: true, webauthn:extension:prf: true, webauthn:virtualAuthenticators: true}
Session ID: 78e524eba0bce0154796eb4ef43f0572
	at org.openqa.selenium.support.ui.WebDriverWait.timeoutException(WebDriverWait.java:84)
	at org.openqa.selenium.support.ui.FluentWait.until(FluentWait.java:228)
	at com.Capium.Utilites.HelperClass.waitUntilClickable(HelperClass.java:110)
	at com.Capium365.Actions.Capium365_BankTab_Actions.clickonbanktab(Capium365_BankTab_Actions.java:30)
	at com.Capium365.StepDefination.Capium365_BankTab_Stepdefination.click_on_bank_tab(Capium365_BankTab_Stepdefination.java:15)
	at ✽.Click on bank tab(file:///D:/Core%20Modules/Capium365/src/test/resources/Capium365FeatureFiles/Capium365_BankTab.feature:32)
</pre></div><a href='#' onClick='toggleBox("stack-trace2037881941", this, "Click to show all stack frames", "Click to hide stack frames")'>Click to show all stack frames</a>
<div class='stack-trace' id='stack-trace2037881941'><pre>org.openqa.selenium.TimeoutException: Expected condition failed: waiting for element to be clickable: By.xpath: //span[text()=&apos;Bank&apos;]/ancestor::a (tried for 10 second(s) with 500 milliseconds interval)
Build info: version: &apos;4.23.0&apos;, revision: &apos;4df0a231af&apos;
System info: os.name: &apos;Windows 10&apos;, os.arch: &apos;amd64&apos;, os.version: &apos;10.0&apos;, java.version: &apos;17.0.12&apos;
Driver info: org.openqa.selenium.chrome.ChromeDriver
Capabilities {acceptInsecureCerts: false, browserName: chrome, browserVersion: 139.0.7258.128, chrome: {chromedriverVersion: 139.0.7258.138 (884e54ea8d4..., userDataDir: C:\Users\user\AppData\Local...}, fedcm:accounts: true, goog:chromeOptions: {debuggerAddress: localhost:53564}, networkConnectionEnabled: false, pageLoadStrategy: normal, platformName: windows, proxy: Proxy(), se:cdp: ws://localhost:53564/devtoo..., se:cdpVersion: 139.0.7258.128, setWindowRect: true, strictFileInteractability: false, timeouts: {implicit: 0, pageLoad: 300000, script: 30000}, unhandledPromptBehavior: dismiss and notify, webauthn:extension:credBlob: true, webauthn:extension:largeBlob: true, webauthn:extension:minPinLength: true, webauthn:extension:prf: true, webauthn:virtualAuthenticators: true}
Session ID: 78e524eba0bce0154796eb4ef43f0572
	at org.openqa.selenium.support.ui.WebDriverWait.timeoutException(WebDriverWait.java:84)
	at org.openqa.selenium.support.ui.FluentWait.until(FluentWait.java:228)
	at com.Capium.Utilites.HelperClass.waitUntilClickable(HelperClass.java:110)
	at com.Capium365.Actions.Capium365_BankTab_Actions.clickonbanktab(Capium365_BankTab_Actions.java:30)
	at com.Capium365.StepDefination.Capium365_BankTab_Stepdefination.click_on_bank_tab(Capium365_BankTab_Stepdefination.java:15)
	at ✽.Click on bank tab(file:///D:/Core%20Modules/Capium365/src/test/resources/Capium365FeatureFiles/Capium365_BankTab.feature:32)
</pre></div></td>
<td>100</td>
<td>com.Capium365.RunnerFiles.Capium365_BankTab_Runner@192c3f1e</td></tr>
<tr>
<td title='com.Capium365.RunnerFiles.Capium365_BankTab_Runner.runScenario()'><b>runScenario</b><br>Test class: com.Capium365.RunnerFiles.Capium365_BankTab_Runner<br>Test method: Runs Cucumber Scenarios<br>Parameters: "Validate page numbers", "Validate bank tab"</td>
<td><div><pre>org.openqa.selenium.ElementClickInterceptedException: element click intercepted: Element &lt;span class=&quot;mat-button-wrapper&quot;&gt;...&lt;/span&gt; is not clickable at point (948, 504). Other element would receive the click: &lt;div _ngcontent-nuq-c77=&quot;&quot; class=&quot;ngx-spinner-overlay ng-tns-c77-0 ng-trigger ng-trigger-fadeIn ng-star-inserted&quot; style=&quot;background-color: rgba(51, 51, 51, 0.8); z-index: 99999; position: fixed; opacity: 1;&quot;&gt;...&lt;/div&gt;
  (Session info: chrome=139.0.7258.128)
Build info: version: &apos;4.23.0&apos;, revision: &apos;4df0a231af&apos;
System info: os.name: &apos;Windows 10&apos;, os.arch: &apos;amd64&apos;, os.version: &apos;10.0&apos;, java.version: &apos;17.0.12&apos;
Driver info: org.openqa.selenium.chrome.ChromeDriver
Command: [78e524eba0bce0154796eb4ef43f0572, clickElement {id=f.E060FAB1EF95C892C8BA69A76D7677B0.d.81ABF63A39C86F017B0BE0E5DA735F25.e.991}]
Capabilities {acceptInsecureCerts: false, browserName: chrome, browserVersion: 139.0.7258.128, chrome: {chromedriverVersion: 139.0.7258.138 (884e54ea8d4..., userDataDir: C:\Users\user\AppData\Local...}, fedcm:accounts: true, goog:chromeOptions: {debuggerAddress: localhost:53564}, networkConnectionEnabled: false, pageLoadStrategy: normal, platformName: windows, proxy: Proxy(), se:cdp: ws://localhost:53564/devtoo..., se:cdpVersion: 139.0.7258.128, setWindowRect: true, strictFileInteractability: false, timeouts: {implicit: 0, pageLoad: 300000, script: 30000}, unhandledPromptBehavior: dismiss and notify, webauthn:extension:credBlob: true, webauthn:extension:largeBlob: true, webauthn:extension:minPinLength: true, webauthn:extension:prf: true, webauthn:virtualAuthenticators: true}
Element: [[ChromeDriver: chrome on windows (78e524eba0bce0154796eb4ef43f0572)] -&gt; xpath: //span[@class=&apos;mat-button-wrapper&apos; and text()=&apos; 3 &apos;]]
Session ID: 78e524eba0bce0154796eb4ef43f0572
	at org.openqa.selenium.remote.ErrorCodec.decode(ErrorCodec.java:167)
	at org.openqa.selenium.remote.codec.w3c.W3CHttpResponseCodec.decode(W3CHttpResponseCodec.java:138)
	at org.openqa.selenium.remote.codec.w3c.W3CHttpResponseCodec.decode(W3CHttpResponseCodec.java:50)
	at org.openqa.selenium.remote.HttpCommandExecutor.execute(HttpCommandExecutor.java:190)
	at org.openqa.selenium.remote.service.DriverCommandExecutor.invokeExecute(DriverCommandExecutor.java:216)
	at org.openqa.selenium.remote.service.DriverCommandExecutor.execute(DriverCommandExecutor.java:174)
	at org.openqa.selenium.remote.RemoteWebDriver.execute(RemoteWebDriver.java:527)
	at org.openqa.selenium.remote.RemoteWebElement.execute(RemoteWebElement.java:223)
	at org.openqa.selenium.remote.RemoteWebElement.click(RemoteWebElement.java:76)
	at org.openqa.selenium.support.pagefactory.internal.LocatingElementHandler.invoke(LocatingElementHandler.java:51)
	at jdk.proxy2/jdk.proxy2.$Proxy43.click(Unknown Source)
	at com.Capium365.Actions.Capium365_BankTab_Actions.Clickoneachpagenumber(Capium365_BankTab_Actions.java:189)
	at com.Capium365.StepDefination.Capium365_BankTab_Stepdefination.click_on_each_page_number(Capium365_BankTab_Stepdefination.java:114)
	at ✽.Click on each page number(file:///D:/Core%20Modules/Capium365/src/test/resources/Capium365FeatureFiles/Capium365_BankTab.feature:58)
... Removed 8 stack frames</pre></div><a href='#' onClick='toggleBox("stack-trace1700345533", this, "Click to show all stack frames", "Click to hide stack frames")'>Click to show all stack frames</a>
<div class='stack-trace' id='stack-trace1700345533'><pre>org.openqa.selenium.ElementClickInterceptedException: element click intercepted: Element &lt;span class=&quot;mat-button-wrapper&quot;&gt;...&lt;/span&gt; is not clickable at point (948, 504). Other element would receive the click: &lt;div _ngcontent-nuq-c77=&quot;&quot; class=&quot;ngx-spinner-overlay ng-tns-c77-0 ng-trigger ng-trigger-fadeIn ng-star-inserted&quot; style=&quot;background-color: rgba(51, 51, 51, 0.8); z-index: 99999; position: fixed; opacity: 1;&quot;&gt;...&lt;/div&gt;
  (Session info: chrome=139.0.7258.128)
Build info: version: &apos;4.23.0&apos;, revision: &apos;4df0a231af&apos;
System info: os.name: &apos;Windows 10&apos;, os.arch: &apos;amd64&apos;, os.version: &apos;10.0&apos;, java.version: &apos;17.0.12&apos;
Driver info: org.openqa.selenium.chrome.ChromeDriver
Command: [78e524eba0bce0154796eb4ef43f0572, clickElement {id=f.E060FAB1EF95C892C8BA69A76D7677B0.d.81ABF63A39C86F017B0BE0E5DA735F25.e.991}]
Capabilities {acceptInsecureCerts: false, browserName: chrome, browserVersion: 139.0.7258.128, chrome: {chromedriverVersion: 139.0.7258.138 (884e54ea8d4..., userDataDir: C:\Users\user\AppData\Local...}, fedcm:accounts: true, goog:chromeOptions: {debuggerAddress: localhost:53564}, networkConnectionEnabled: false, pageLoadStrategy: normal, platformName: windows, proxy: Proxy(), se:cdp: ws://localhost:53564/devtoo..., se:cdpVersion: 139.0.7258.128, setWindowRect: true, strictFileInteractability: false, timeouts: {implicit: 0, pageLoad: 300000, script: 30000}, unhandledPromptBehavior: dismiss and notify, webauthn:extension:credBlob: true, webauthn:extension:largeBlob: true, webauthn:extension:minPinLength: true, webauthn:extension:prf: true, webauthn:virtualAuthenticators: true}
Element: [[ChromeDriver: chrome on windows (78e524eba0bce0154796eb4ef43f0572)] -&gt; xpath: //span[@class=&apos;mat-button-wrapper&apos; and text()=&apos; 3 &apos;]]
Session ID: 78e524eba0bce0154796eb4ef43f0572
	at java.base/jdk.internal.reflect.NativeConstructorAccessorImpl.newInstance0(Native Method)
	at java.base/jdk.internal.reflect.NativeConstructorAccessorImpl.newInstance(NativeConstructorAccessorImpl.java:77)
	at java.base/jdk.internal.reflect.DelegatingConstructorAccessorImpl.newInstance(DelegatingConstructorAccessorImpl.java:45)
	at java.base/java.lang.reflect.Constructor.newInstanceWithCaller(Constructor.java:499)
	at java.base/java.lang.reflect.Constructor.newInstance(Constructor.java:480)
	at org.openqa.selenium.remote.ErrorCodec.decode(ErrorCodec.java:167)
	at org.openqa.selenium.remote.codec.w3c.W3CHttpResponseCodec.decode(W3CHttpResponseCodec.java:138)
	at org.openqa.selenium.remote.codec.w3c.W3CHttpResponseCodec.decode(W3CHttpResponseCodec.java:50)
	at org.openqa.selenium.remote.HttpCommandExecutor.execute(HttpCommandExecutor.java:190)
	at org.openqa.selenium.remote.service.DriverCommandExecutor.invokeExecute(DriverCommandExecutor.java:216)
	at org.openqa.selenium.remote.service.DriverCommandExecutor.execute(DriverCommandExecutor.java:174)
	at org.openqa.selenium.remote.RemoteWebDriver.execute(RemoteWebDriver.java:527)
	at org.openqa.selenium.remote.RemoteWebElement.execute(RemoteWebElement.java:223)
	at org.openqa.selenium.remote.RemoteWebElement.click(RemoteWebElement.java:76)
	at jdk.internal.reflect.GeneratedMethodAccessor91.invoke(Unknown Source)
	at java.base/jdk.internal.reflect.DelegatingMethodAccessorImpl.invoke(DelegatingMethodAccessorImpl.java:43)
	at java.base/java.lang.reflect.Method.invoke(Method.java:568)
	at org.openqa.selenium.support.pagefactory.internal.LocatingElementHandler.invoke(LocatingElementHandler.java:51)
	at jdk.proxy2/jdk.proxy2.$Proxy43.click(Unknown Source)
	at com.Capium365.Actions.Capium365_BankTab_Actions.Clickoneachpagenumber(Capium365_BankTab_Actions.java:189)
	at com.Capium365.StepDefination.Capium365_BankTab_Stepdefination.click_on_each_page_number(Capium365_BankTab_Stepdefination.java:114)
	at ✽.Click on each page number(file:///D:/Core%20Modules/Capium365/src/test/resources/Capium365FeatureFiles/Capium365_BankTab.feature:58)
</pre></div></td>
<td>37</td>
<td>com.Capium365.RunnerFiles.Capium365_BankTab_Runner@192c3f1e</td></tr>
<tr>
<td title='com.Capium365.RunnerFiles.Capium365_BankTab_Runner.runScenario()'><b>runScenario</b><br>Test class: com.Capium365.RunnerFiles.Capium365_BankTab_Runner<br>Test method: Runs Cucumber Scenarios<br>Parameters: "Validate export excel option in the down", "Validate bank tab"</td>
<td><div><pre>org.openqa.selenium.TimeoutException: Expected condition failed: waiting for visibility of Proxy element for: DefaultElementLocator &apos;By.xpath: //mat-icon[@aria-hidden=&apos;true&apos; and text()=&apos;border_all&apos;]&apos; (tried for 10 second(s) with 500 milliseconds interval)
	at org.openqa.selenium.support.ui.WebDriverWait.timeoutException(WebDriverWait.java:84)
	at org.openqa.selenium.support.ui.FluentWait.until(FluentWait.java:228)
	at com.Capium365.Actions.Capium365_BankTab_Actions.Clickoncheckboxforidandexporttoexcel(Capium365_BankTab_Actions.java:343)
	at com.Capium365.StepDefination.Capium365_BankTab_Stepdefination.click_on_check_box_for_id_and_export_to_excel(Capium365_BankTab_Stepdefination.java:151)
	at ✽.Click on check box for id and export to excel(file:///D:/Core%20Modules/Capium365/src/test/resources/Capium365FeatureFiles/Capium365_BankTab.feature:93)
Caused by: org.openqa.selenium.NoSuchElementException: no such element: Unable to locate element: {&quot;method&quot;:&quot;xpath&quot;,&quot;selector&quot;:&quot;//mat-icon[@aria-hidden=&apos;true&apos; and text()=&apos;border_all&apos;]&quot;}
  (Session info: chrome=139.0.7258.128)
For documentation on this error, please visit: https://www.selenium.dev/documentation/webdriver/troubleshooting/errors#no-such-element-exception
Build info: version: &apos;4.23.0&apos;, revision: &apos;4df0a231af&apos;
System info: os.name: &apos;Windows 10&apos;, os.arch: &apos;amd64&apos;, os.version: &apos;10.0&apos;, java.version: &apos;17.0.12&apos;
Driver info: org.openqa.selenium.chrome.ChromeDriver
Command: [78e524eba0bce0154796eb4ef43f0572, findElement {value=//mat-icon[@aria-hidden=&apos;true&apos; and text()=&apos;border_all&apos;], using=xpath}]
Capabilities {acceptInsecureCerts: false, browserName: chrome, browserVersion: 139.0.7258.128, chrome: {chromedriverVersion: 139.0.7258.138 (884e54ea8d4..., userDataDir: C:\Users\user\AppData\Local...}, fedcm:accounts: true, goog:chromeOptions: {debuggerAddress: localhost:53564}, networkConnectionEnabled: false, pageLoadStrategy: normal, platformName: windows, proxy: Proxy(), se:cdp: ws://localhost:53564/devtoo..., se:cdpVersion: 139.0.7258.128, setWindowRect: true, strictFileInteractability: false, timeouts: {implicit: 0, pageLoad: 300000, script: 30000}, unhandledPromptBehavior: dismiss and notify, webauthn:extension:credBlob: true, webauthn:extension:largeBlob: true, webauthn:extension:minPinLength: true, webauthn:extension:prf: true, webauthn:virtualAuthenticators: true}
Session ID: 78e524eba0bce0154796eb4ef43f0572
	at org.openqa.selenium.remote.ErrorCodec.decode(ErrorCodec.java:167)
	at org.openqa.selenium.remote.codec.w3c.W3CHttpResponseCodec.decode(W3CHttpResponseCodec.java:138)
	at org.openqa.selenium.remote.codec.w3c.W3CHttpResponseCodec.decode(W3CHttpResponseCodec.java:50)
	at org.openqa.selenium.remote.HttpCommandExecutor.execute(HttpCommandExecutor.java:190)
	at org.openqa.selenium.remote.service.DriverCommandExecutor.invokeExecute(DriverCommandExecutor.java:216)
	at org.openqa.selenium.remote.service.DriverCommandExecutor.execute(DriverCommandExecutor.java:174)
	at org.openqa.selenium.remote.RemoteWebDriver.execute(RemoteWebDriver.java:527)
	at org.openqa.selenium.remote.ElementLocation$ElementFinder$2.findElement(ElementLocation.java:165)
	at org.openqa.selenium.remote.ElementLocation.findElement(ElementLocation.java:59)
	at org.openqa.selenium.remote.RemoteWebDriver.findElement(RemoteWebDriver.java:357)
	at org.openqa.selenium.remote.RemoteWebDriver.findElement(RemoteWebDriver.java:351)
	at org.openqa.selenium.support.pagefactory.DefaultElementLocator.findElement(DefaultElementLocator.java:68)
	at org.openqa.selenium.support.pagefactory.internal.LocatingElementHandler.invoke(LocatingElementHandler.java:38)
	at jdk.proxy2/jdk.proxy2.$Proxy43.isDisplayed(Unknown Source)
	at org.openqa.selenium.support.ui.ExpectedConditions.elementIfVisible(ExpectedConditions.java:304)
	at org.openqa.selenium.support.ui.ExpectedConditions$10.apply(ExpectedConditions.java:290)
	at org.openqa.selenium.support.ui.ExpectedConditions$10.apply(ExpectedConditions.java:287)
	at org.openqa.selenium.support.ui.FluentWait.until(FluentWait.java:203)
	at com.Capium365.Actions.Capium365_BankTab_Actions.Clickoncheckboxforidandexporttoexcel(Capium365_BankTab_Actions.java:343)
	at com.Capium365.StepDefination.Capium365_BankTab_Stepdefination.click_on_check_box_for_id_and_export_to_excel(Capium365_BankTab_Stepdefination.java:151)
	at io.cucumber.java.Invoker.doInvoke(Invoker.java:66)
	at io.cucumber.java.Invoker.invoke(Invoker.java:24)
	at io.cucumber.java.AbstractGlueDefinition.invokeMethod(AbstractGlueDefinition.java:47)
	at io.cucumber.java.JavaStepDefinition.execute(JavaStepDefinition.java:29)
	at io.cucumber.core.runner.CoreStepDefinition.execute(CoreStepDefinition.java:66)
	at io.cucumber.core.runner.PickleStepDefinitionMatch.runStep(PickleStepDefinitionMatch.java:63)
	at io.cucumber.core.runner.ExecutionMode$1.execute(ExecutionMode.java:10)
	at io.cucumber.core.runner.TestStep.executeStep(TestStep.java:81)
	at io.cucumber.core.runner.TestStep.run(TestStep.java:53)
	at io.cucumber.core.runner.PickleStepTestStep.run(PickleStepTestStep.java:51)
	at io.cucumber.core.runner.TestCase.run(TestCase.java:84)
	at io.cucumber.core.runner.Runner.runPickle(Runner.java:75)
	at io.cucumber.testng.TestNGCucumberRunner.lambda$runScenario$1(TestNGCucumberRunner.java:132)
	at io.cucumber.core.runtime.CucumberExecutionContext.lambda$runTestCase$5(CucumberExecutionContext.java:136)
	at io.cucumber.core.runtime.RethrowingThrowableCollector.executeAndThrow(RethrowingThrowableCollector.java:23)
	at io.cucumber.core.runtime.CucumberExecutionContext.runTestCase(CucumberExecutionContext.java:136)
	at io.cucumber.testng.TestNGCucumberRunner.runScenario(TestNGCucumberRunner.java:129)
	at io.cucumber.testng.AbstractTestNGCucumberTests.runScenario(AbstractTestNGCucumberTests.java:35)
	at java.base/java.util.ArrayList.forEach(ArrayList.java:1511)
... Removed 34 stack frames</pre></div><a href='#' onClick='toggleBox("stack-trace905356126", this, "Click to show all stack frames", "Click to hide stack frames")'>Click to show all stack frames</a>
<div class='stack-trace' id='stack-trace905356126'><pre>org.openqa.selenium.TimeoutException: Expected condition failed: waiting for visibility of Proxy element for: DefaultElementLocator &apos;By.xpath: //mat-icon[@aria-hidden=&apos;true&apos; and text()=&apos;border_all&apos;]&apos; (tried for 10 second(s) with 500 milliseconds interval)
	at org.openqa.selenium.support.ui.WebDriverWait.timeoutException(WebDriverWait.java:84)
	at org.openqa.selenium.support.ui.FluentWait.until(FluentWait.java:228)
	at com.Capium365.Actions.Capium365_BankTab_Actions.Clickoncheckboxforidandexporttoexcel(Capium365_BankTab_Actions.java:343)
	at com.Capium365.StepDefination.Capium365_BankTab_Stepdefination.click_on_check_box_for_id_and_export_to_excel(Capium365_BankTab_Stepdefination.java:151)
	at ✽.Click on check box for id and export to excel(file:///D:/Core%20Modules/Capium365/src/test/resources/Capium365FeatureFiles/Capium365_BankTab.feature:93)
Caused by: org.openqa.selenium.NoSuchElementException: no such element: Unable to locate element: {&quot;method&quot;:&quot;xpath&quot;,&quot;selector&quot;:&quot;//mat-icon[@aria-hidden=&apos;true&apos; and text()=&apos;border_all&apos;]&quot;}
  (Session info: chrome=139.0.7258.128)
For documentation on this error, please visit: https://www.selenium.dev/documentation/webdriver/troubleshooting/errors#no-such-element-exception
Build info: version: &apos;4.23.0&apos;, revision: &apos;4df0a231af&apos;
System info: os.name: &apos;Windows 10&apos;, os.arch: &apos;amd64&apos;, os.version: &apos;10.0&apos;, java.version: &apos;17.0.12&apos;
Driver info: org.openqa.selenium.chrome.ChromeDriver
Command: [78e524eba0bce0154796eb4ef43f0572, findElement {value=//mat-icon[@aria-hidden=&apos;true&apos; and text()=&apos;border_all&apos;], using=xpath}]
Capabilities {acceptInsecureCerts: false, browserName: chrome, browserVersion: 139.0.7258.128, chrome: {chromedriverVersion: 139.0.7258.138 (884e54ea8d4..., userDataDir: C:\Users\user\AppData\Local...}, fedcm:accounts: true, goog:chromeOptions: {debuggerAddress: localhost:53564}, networkConnectionEnabled: false, pageLoadStrategy: normal, platformName: windows, proxy: Proxy(), se:cdp: ws://localhost:53564/devtoo..., se:cdpVersion: 139.0.7258.128, setWindowRect: true, strictFileInteractability: false, timeouts: {implicit: 0, pageLoad: 300000, script: 30000}, unhandledPromptBehavior: dismiss and notify, webauthn:extension:credBlob: true, webauthn:extension:largeBlob: true, webauthn:extension:minPinLength: true, webauthn:extension:prf: true, webauthn:virtualAuthenticators: true}
Session ID: 78e524eba0bce0154796eb4ef43f0572
	at jdk.internal.reflect.GeneratedConstructorAccessor28.newInstance(Unknown Source)
	at java.base/jdk.internal.reflect.DelegatingConstructorAccessorImpl.newInstance(DelegatingConstructorAccessorImpl.java:45)
	at java.base/java.lang.reflect.Constructor.newInstanceWithCaller(Constructor.java:499)
	at java.base/java.lang.reflect.Constructor.newInstance(Constructor.java:480)
	at org.openqa.selenium.remote.ErrorCodec.decode(ErrorCodec.java:167)
	at org.openqa.selenium.remote.codec.w3c.W3CHttpResponseCodec.decode(W3CHttpResponseCodec.java:138)
	at org.openqa.selenium.remote.codec.w3c.W3CHttpResponseCodec.decode(W3CHttpResponseCodec.java:50)
	at org.openqa.selenium.remote.HttpCommandExecutor.execute(HttpCommandExecutor.java:190)
	at org.openqa.selenium.remote.service.DriverCommandExecutor.invokeExecute(DriverCommandExecutor.java:216)
	at org.openqa.selenium.remote.service.DriverCommandExecutor.execute(DriverCommandExecutor.java:174)
	at org.openqa.selenium.remote.RemoteWebDriver.execute(RemoteWebDriver.java:527)
	at org.openqa.selenium.remote.ElementLocation$ElementFinder$2.findElement(ElementLocation.java:165)
	at org.openqa.selenium.remote.ElementLocation.findElement(ElementLocation.java:59)
	at org.openqa.selenium.remote.RemoteWebDriver.findElement(RemoteWebDriver.java:357)
	at org.openqa.selenium.remote.RemoteWebDriver.findElement(RemoteWebDriver.java:351)
	at org.openqa.selenium.support.pagefactory.DefaultElementLocator.findElement(DefaultElementLocator.java:68)
	at org.openqa.selenium.support.pagefactory.internal.LocatingElementHandler.invoke(LocatingElementHandler.java:38)
	at jdk.proxy2/jdk.proxy2.$Proxy43.isDisplayed(Unknown Source)
	at org.openqa.selenium.support.ui.ExpectedConditions.elementIfVisible(ExpectedConditions.java:304)
	at org.openqa.selenium.support.ui.ExpectedConditions$10.apply(ExpectedConditions.java:290)
	at org.openqa.selenium.support.ui.ExpectedConditions$10.apply(ExpectedConditions.java:287)
	at org.openqa.selenium.support.ui.FluentWait.until(FluentWait.java:203)
	at com.Capium365.Actions.Capium365_BankTab_Actions.Clickoncheckboxforidandexporttoexcel(Capium365_BankTab_Actions.java:343)
	at com.Capium365.StepDefination.Capium365_BankTab_Stepdefination.click_on_check_box_for_id_and_export_to_excel(Capium365_BankTab_Stepdefination.java:151)
	at java.base/jdk.internal.reflect.NativeMethodAccessorImpl.invoke0(Native Method)
	at java.base/jdk.internal.reflect.NativeMethodAccessorImpl.invoke(NativeMethodAccessorImpl.java:77)
	at java.base/jdk.internal.reflect.DelegatingMethodAccessorImpl.invoke(DelegatingMethodAccessorImpl.java:43)
	at java.base/java.lang.reflect.Method.invoke(Method.java:568)
	at io.cucumber.java.Invoker.doInvoke(Invoker.java:66)
	at io.cucumber.java.Invoker.invoke(Invoker.java:24)
	at io.cucumber.java.AbstractGlueDefinition.invokeMethod(AbstractGlueDefinition.java:47)
	at io.cucumber.java.JavaStepDefinition.execute(JavaStepDefinition.java:29)
	at io.cucumber.core.runner.CoreStepDefinition.execute(CoreStepDefinition.java:66)
	at io.cucumber.core.runner.PickleStepDefinitionMatch.runStep(PickleStepDefinitionMatch.java:63)
	at io.cucumber.core.runner.ExecutionMode$1.execute(ExecutionMode.java:10)
	at io.cucumber.core.runner.TestStep.executeStep(TestStep.java:81)
	at io.cucumber.core.runner.TestStep.run(TestStep.java:53)
	at io.cucumber.core.runner.PickleStepTestStep.run(PickleStepTestStep.java:51)
	at io.cucumber.core.runner.TestCase.run(TestCase.java:84)
	at io.cucumber.core.runner.Runner.runPickle(Runner.java:75)
	at io.cucumber.testng.TestNGCucumberRunner.lambda$runScenario$1(TestNGCucumberRunner.java:132)
	at io.cucumber.core.runtime.CucumberExecutionContext.lambda$runTestCase$5(CucumberExecutionContext.java:136)
	at io.cucumber.core.runtime.RethrowingThrowableCollector.executeAndThrow(RethrowingThrowableCollector.java:23)
	at io.cucumber.core.runtime.CucumberExecutionContext.runTestCase(CucumberExecutionContext.java:136)
	at io.cucumber.testng.TestNGCucumberRunner.runScenario(TestNGCucumberRunner.java:129)
	at io.cucumber.testng.AbstractTestNGCucumberTests.runScenario(AbstractTestNGCucumberTests.java:35)
	at jdk.internal.reflect.GeneratedMethodAccessor94.invoke(Unknown Source)
	at java.base/jdk.internal.reflect.DelegatingMethodAccessorImpl.invoke(DelegatingMethodAccessorImpl.java:43)
	at java.base/java.lang.reflect.Method.invoke(Method.java:568)
	at org.testng.internal.invokers.MethodInvocationHelper.invokeMethod(MethodInvocationHelper.java:141)
	at org.testng.internal.invokers.TestInvoker.invokeMethod(TestInvoker.java:686)
	at org.testng.internal.invokers.TestInvoker.invokeTestMethod(TestInvoker.java:230)
	at org.testng.internal.invokers.MethodRunner.runInSequence(MethodRunner.java:63)
	at org.testng.internal.invokers.TestInvoker$MethodInvocationAgent.invoke(TestInvoker.java:992)
	at org.testng.internal.invokers.TestInvoker.invokeTestMethods(TestInvoker.java:203)
	at org.testng.internal.invokers.TestMethodWorker.invokeTestMethods(TestMethodWorker.java:154)
	at org.testng.internal.invokers.TestMethodWorker.run(TestMethodWorker.java:134)
	at java.base/java.util.ArrayList.forEach(ArrayList.java:1511)
	at org.testng.TestRunner.privateRun(TestRunner.java:739)
	at org.testng.TestRunner.run(TestRunner.java:614)
	at org.testng.SuiteRunner.runTest(SuiteRunner.java:421)
	at org.testng.SuiteRunner.runSequentially(SuiteRunner.java:413)
	at org.testng.SuiteRunner.privateRun(SuiteRunner.java:373)
	at org.testng.SuiteRunner.run(SuiteRunner.java:312)
	at org.testng.SuiteRunnerWorker.runSuite(SuiteRunnerWorker.java:52)
	at org.testng.SuiteRunnerWorker.run(SuiteRunnerWorker.java:95)
	at org.testng.TestNG.runSuitesSequentially(TestNG.java:1274)
	at org.testng.TestNG.runSuitesLocally(TestNG.java:1208)
	at org.testng.TestNG.runSuites(TestNG.java:1112)
	at org.testng.TestNG.run(TestNG.java:1079)
	at org.testng.remote.AbstractRemoteTestNG.run(AbstractRemoteTestNG.java:115)
	at org.testng.remote.RemoteTestNG.initAndRun(RemoteTestNG.java:293)
	at org.testng.remote.RemoteTestNG.main(RemoteTestNG.java:91)
</pre></div></td>
<td>53</td>
<td>com.Capium365.RunnerFiles.Capium365_BankTab_Runner@192c3f1e</td></tr>
<tr>
<td title='com.Capium365.RunnerFiles.Capium365_BankTab_Runner.runScenario()'><b>runScenario</b><br>Test class: com.Capium365.RunnerFiles.Capium365_BankTab_Runner<br>Test method: Runs Cucumber Scenarios<br>Parameters: "Verify search bar in expand arrow", "Validate bank tab"</td>
<td><div><pre>org.openqa.selenium.TimeoutException: Expected condition failed: waiting for element to be clickable: [[ChromeDriver: chrome on windows (78e524eba0bce0154796eb4ef43f0572)] -&gt; xpath: //mat-icon[@class=&apos;mat-icon notranslate material-icons mat-ligature-font mat-icon-no-color&apos;][normalize-space()=&apos;search&apos;]] (tried for 10 second(s) with 500 milliseconds interval)
Build info: version: &apos;4.23.0&apos;, revision: &apos;4df0a231af&apos;
System info: os.name: &apos;Windows 10&apos;, os.arch: &apos;amd64&apos;, os.version: &apos;10.0&apos;, java.version: &apos;17.0.12&apos;
Driver info: org.openqa.selenium.chrome.ChromeDriver
Capabilities {acceptInsecureCerts: false, browserName: chrome, browserVersion: 139.0.7258.128, chrome: {chromedriverVersion: 139.0.7258.138 (884e54ea8d4..., userDataDir: C:\Users\user\AppData\Local...}, fedcm:accounts: true, goog:chromeOptions: {debuggerAddress: localhost:53564}, networkConnectionEnabled: false, pageLoadStrategy: normal, platformName: windows, proxy: Proxy(), se:cdp: ws://localhost:53564/devtoo..., se:cdpVersion: 139.0.7258.128, setWindowRect: true, strictFileInteractability: false, timeouts: {implicit: 0, pageLoad: 300000, script: 30000}, unhandledPromptBehavior: dismiss and notify, webauthn:extension:credBlob: true, webauthn:extension:largeBlob: true, webauthn:extension:minPinLength: true, webauthn:extension:prf: true, webauthn:virtualAuthenticators: true}
Session ID: 78e524eba0bce0154796eb4ef43f0572
	at org.openqa.selenium.support.ui.WebDriverWait.timeoutException(WebDriverWait.java:84)
	at org.openqa.selenium.support.ui.FluentWait.until(FluentWait.java:228)
	at com.Capium.Utilites.HelperClass.waitUntilVisible(HelperClass.java:273)
	at com.Capium365.Actions.Capium365_BankTab_Actions.entertextinsearchtextfieldandverify(Capium365_BankTab_Actions.java:361)
	at com.Capium365.StepDefination.Capium365_BankTab_Stepdefination.enter_in_text_in_search_text_field_and_verify(Capium365_BankTab_Stepdefination.java:175)
	at ✽.enter text in search text field and verify(file:///D:/Core%20Modules/Capium365/src/test/resources/Capium365FeatureFiles/Capium365_BankTab.feature:106)
</pre></div><a href='#' onClick='toggleBox("stack-trace1240536793", this, "Click to show all stack frames", "Click to hide stack frames")'>Click to show all stack frames</a>
<div class='stack-trace' id='stack-trace1240536793'><pre>org.openqa.selenium.TimeoutException: Expected condition failed: waiting for element to be clickable: [[ChromeDriver: chrome on windows (78e524eba0bce0154796eb4ef43f0572)] -&gt; xpath: //mat-icon[@class=&apos;mat-icon notranslate material-icons mat-ligature-font mat-icon-no-color&apos;][normalize-space()=&apos;search&apos;]] (tried for 10 second(s) with 500 milliseconds interval)
Build info: version: &apos;4.23.0&apos;, revision: &apos;4df0a231af&apos;
System info: os.name: &apos;Windows 10&apos;, os.arch: &apos;amd64&apos;, os.version: &apos;10.0&apos;, java.version: &apos;17.0.12&apos;
Driver info: org.openqa.selenium.chrome.ChromeDriver
Capabilities {acceptInsecureCerts: false, browserName: chrome, browserVersion: 139.0.7258.128, chrome: {chromedriverVersion: 139.0.7258.138 (884e54ea8d4..., userDataDir: C:\Users\user\AppData\Local...}, fedcm:accounts: true, goog:chromeOptions: {debuggerAddress: localhost:53564}, networkConnectionEnabled: false, pageLoadStrategy: normal, platformName: windows, proxy: Proxy(), se:cdp: ws://localhost:53564/devtoo..., se:cdpVersion: 139.0.7258.128, setWindowRect: true, strictFileInteractability: false, timeouts: {implicit: 0, pageLoad: 300000, script: 30000}, unhandledPromptBehavior: dismiss and notify, webauthn:extension:credBlob: true, webauthn:extension:largeBlob: true, webauthn:extension:minPinLength: true, webauthn:extension:prf: true, webauthn:virtualAuthenticators: true}
Session ID: 78e524eba0bce0154796eb4ef43f0572
	at org.openqa.selenium.support.ui.WebDriverWait.timeoutException(WebDriverWait.java:84)
	at org.openqa.selenium.support.ui.FluentWait.until(FluentWait.java:228)
	at com.Capium.Utilites.HelperClass.waitUntilVisible(HelperClass.java:273)
	at com.Capium365.Actions.Capium365_BankTab_Actions.entertextinsearchtextfieldandverify(Capium365_BankTab_Actions.java:361)
	at com.Capium365.StepDefination.Capium365_BankTab_Stepdefination.enter_in_text_in_search_text_field_and_verify(Capium365_BankTab_Stepdefination.java:175)
	at ✽.enter text in search text field and verify(file:///D:/Core%20Modules/Capium365/src/test/resources/Capium365FeatureFiles/Capium365_BankTab.feature:106)
</pre></div></td>
<td>44</td>
<td>com.Capium365.RunnerFiles.Capium365_BankTab_Runner@192c3f1e</td></tr>
<tr>
<td title='com.Capium365.RunnerFiles.Capium365_Receipts_Receipts_Runner.runScenario()'><b>runScenario</b><br>Test class: com.Capium365.RunnerFiles.Capium365_Receipts_Receipts_Runner<br>Test method: Runs Cucumber Scenarios<br>Parameters: "Delete selected invoice using Delete action", "Receipts"</td>
<td><div><pre>org.openqa.selenium.TimeoutException: Expected condition failed: waiting for visibility of element located by By.xpath: //span[text()=&apos;Receipts&apos;]//parent::a (tried for 10 second(s) with 500 milliseconds interval)
Build info: version: &apos;4.23.0&apos;, revision: &apos;4df0a231af&apos;
System info: os.name: &apos;Windows 10&apos;, os.arch: &apos;amd64&apos;, os.version: &apos;10.0&apos;, java.version: &apos;17.0.12&apos;
Driver info: org.openqa.selenium.chrome.ChromeDriver
Capabilities {acceptInsecureCerts: false, browserName: chrome, browserVersion: 139.0.7258.128, chrome: {chromedriverVersion: 139.0.7258.138 (884e54ea8d4..., userDataDir: C:\Users\user\AppData\Local...}, fedcm:accounts: true, goog:chromeOptions: {debuggerAddress: localhost:55009}, networkConnectionEnabled: false, pageLoadStrategy: normal, platformName: windows, proxy: Proxy(), se:cdp: ws://localhost:55009/devtoo..., se:cdpVersion: 139.0.7258.128, setWindowRect: true, strictFileInteractability: false, timeouts: {implicit: 0, pageLoad: 300000, script: 30000}, unhandledPromptBehavior: dismiss and notify, webauthn:extension:credBlob: true, webauthn:extension:largeBlob: true, webauthn:extension:minPinLength: true, webauthn:extension:prf: true, webauthn:virtualAuthenticators: true}
Session ID: 0dc45c2ba806a896787a2bdb01a3e028
	at org.openqa.selenium.support.ui.WebDriverWait.timeoutException(WebDriverWait.java:84)
	at org.openqa.selenium.support.ui.FluentWait.until(FluentWait.java:228)
	at com.Capium365.Actions.Capium365_Receipts_Receipts_Actions.ClickOnReceipts(Capium365_Receipts_Receipts_Actions.java:39)
	at com.Capium365.StepDefination.Capium365_Receipts_Receipts_Stepdefination.validate_click_on_receipts(Capium365_Receipts_Receipts_Stepdefination.java:30)
	at ✽.Validate click on Receipts(file:///D:/Core%20Modules/Capium365/src/test/resources/Capium365FeatureFiles/Capium365_Recepits_Receipts.feature:136)
</pre></div><a href='#' onClick='toggleBox("stack-trace787964767", this, "Click to show all stack frames", "Click to hide stack frames")'>Click to show all stack frames</a>
<div class='stack-trace' id='stack-trace787964767'><pre>org.openqa.selenium.TimeoutException: Expected condition failed: waiting for visibility of element located by By.xpath: //span[text()=&apos;Receipts&apos;]//parent::a (tried for 10 second(s) with 500 milliseconds interval)
Build info: version: &apos;4.23.0&apos;, revision: &apos;4df0a231af&apos;
System info: os.name: &apos;Windows 10&apos;, os.arch: &apos;amd64&apos;, os.version: &apos;10.0&apos;, java.version: &apos;17.0.12&apos;
Driver info: org.openqa.selenium.chrome.ChromeDriver
Capabilities {acceptInsecureCerts: false, browserName: chrome, browserVersion: 139.0.7258.128, chrome: {chromedriverVersion: 139.0.7258.138 (884e54ea8d4..., userDataDir: C:\Users\user\AppData\Local...}, fedcm:accounts: true, goog:chromeOptions: {debuggerAddress: localhost:55009}, networkConnectionEnabled: false, pageLoadStrategy: normal, platformName: windows, proxy: Proxy(), se:cdp: ws://localhost:55009/devtoo..., se:cdpVersion: 139.0.7258.128, setWindowRect: true, strictFileInteractability: false, timeouts: {implicit: 0, pageLoad: 300000, script: 30000}, unhandledPromptBehavior: dismiss and notify, webauthn:extension:credBlob: true, webauthn:extension:largeBlob: true, webauthn:extension:minPinLength: true, webauthn:extension:prf: true, webauthn:virtualAuthenticators: true}
Session ID: 0dc45c2ba806a896787a2bdb01a3e028
	at org.openqa.selenium.support.ui.WebDriverWait.timeoutException(WebDriverWait.java:84)
	at org.openqa.selenium.support.ui.FluentWait.until(FluentWait.java:228)
	at com.Capium365.Actions.Capium365_Receipts_Receipts_Actions.ClickOnReceipts(Capium365_Receipts_Receipts_Actions.java:39)
	at com.Capium365.StepDefination.Capium365_Receipts_Receipts_Stepdefination.validate_click_on_receipts(Capium365_Receipts_Receipts_Stepdefination.java:30)
	at ✽.Validate click on Receipts(file:///D:/Core%20Modules/Capium365/src/test/resources/Capium365FeatureFiles/Capium365_Recepits_Receipts.feature:136)
</pre></div></td>
<td>100</td>
<td>com.Capium365.RunnerFiles.Capium365_Receipts_Receipts_Runner@561b6512</td></tr>
<tr>
<td title='com.Capium365.RunnerFiles.Capium365_Receipts_Suppliers_Runner.runScenario()'><b>runScenario</b><br>Test class: com.Capium365.RunnerFiles.Capium365_Receipts_Suppliers_Runner<br>Test method: Runs Cucumber Scenarios<br>Parameters: "Validate Supplier CheckBox Inside the Suppliers CheckBox", "Verify Suppliers in Receipts tab"</td>
<td><div><pre>org.openqa.selenium.StaleElementReferenceException: stale element reference: stale element not found in the current frame
  (Session info: chrome=139.0.7258.128)
For documentation on this error, please visit: https://www.selenium.dev/documentation/webdriver/troubleshooting/errors#stale-element-reference-exception
Build info: version: &apos;4.23.0&apos;, revision: &apos;4df0a231af&apos;
System info: os.name: &apos;Windows 10&apos;, os.arch: &apos;amd64&apos;, os.version: &apos;10.0&apos;, java.version: &apos;17.0.12&apos;
Driver info: org.openqa.selenium.chrome.ChromeDriver
Command: [16d83a7e543686abacc1b7888d00c888, clickElement {id=f.7F9FDA200563CBF5B46701C64ADD31AE.d.87AD6C2605C89CA5A07FD665FDE1EF36.e.9991}]
Capabilities {acceptInsecureCerts: false, browserName: chrome, browserVersion: 139.0.7258.128, chrome: {chromedriverVersion: 139.0.7258.138 (884e54ea8d4..., userDataDir: C:\Users\user\AppData\Local...}, fedcm:accounts: true, goog:chromeOptions: {debuggerAddress: localhost:57425}, networkConnectionEnabled: false, pageLoadStrategy: normal, platformName: windows, proxy: Proxy(), se:cdp: ws://localhost:57425/devtoo..., se:cdpVersion: 139.0.7258.128, setWindowRect: true, strictFileInteractability: false, timeouts: {implicit: 0, pageLoad: 300000, script: 30000}, unhandledPromptBehavior: dismiss and notify, webauthn:extension:credBlob: true, webauthn:extension:largeBlob: true, webauthn:extension:minPinLength: true, webauthn:extension:prf: true, webauthn:virtualAuthenticators: true}
Element: [[ChromeDriver: chrome on windows (16d83a7e543686abacc1b7888d00c888)] -&gt; xpath: //span[@class=&apos;mat-checkbox-inner-container mat-checkbox-inner-container-no-side-margin&apos;]]
Session ID: 16d83a7e543686abacc1b7888d00c888
	at org.openqa.selenium.remote.ErrorCodec.decode(ErrorCodec.java:167)
	at org.openqa.selenium.remote.codec.w3c.W3CHttpResponseCodec.decode(W3CHttpResponseCodec.java:138)
	at org.openqa.selenium.remote.codec.w3c.W3CHttpResponseCodec.decode(W3CHttpResponseCodec.java:50)
	at org.openqa.selenium.remote.HttpCommandExecutor.execute(HttpCommandExecutor.java:190)
	at org.openqa.selenium.remote.service.DriverCommandExecutor.invokeExecute(DriverCommandExecutor.java:216)
	at org.openqa.selenium.remote.service.DriverCommandExecutor.execute(DriverCommandExecutor.java:174)
	at org.openqa.selenium.remote.RemoteWebDriver.execute(RemoteWebDriver.java:527)
	at org.openqa.selenium.remote.RemoteWebElement.execute(RemoteWebElement.java:223)
	at org.openqa.selenium.remote.RemoteWebElement.click(RemoteWebElement.java:76)
	at org.openqa.selenium.support.pagefactory.internal.LocatingElementHandler.invoke(LocatingElementHandler.java:51)
	at jdk.proxy2/jdk.proxy2.$Proxy43.click(Unknown Source)
	at com.Capium365.Actions.Capium365_Receipts_Supplier_Actions.ClickonInsideSupplierCheckBox(Capium365_Receipts_Supplier_Actions.java:487)
	at com.Capium365.StepDefination.Capium365_Receipts_Supplier_StepDefination.click_on_check_box(Capium365_Receipts_Supplier_StepDefination.java:159)
	at ✽.Click on Check Box(file:///D:/Core%20Modules/Capium365/src/test/resources/Capium365FeatureFiles/Capium365_Receipts_Supplier.feature:204)
... Removed 8 stack frames</pre></div><a href='#' onClick='toggleBox("stack-trace84111667", this, "Click to show all stack frames", "Click to hide stack frames")'>Click to show all stack frames</a>
<div class='stack-trace' id='stack-trace84111667'><pre>org.openqa.selenium.StaleElementReferenceException: stale element reference: stale element not found in the current frame
  (Session info: chrome=139.0.7258.128)
For documentation on this error, please visit: https://www.selenium.dev/documentation/webdriver/troubleshooting/errors#stale-element-reference-exception
Build info: version: &apos;4.23.0&apos;, revision: &apos;4df0a231af&apos;
System info: os.name: &apos;Windows 10&apos;, os.arch: &apos;amd64&apos;, os.version: &apos;10.0&apos;, java.version: &apos;17.0.12&apos;
Driver info: org.openqa.selenium.chrome.ChromeDriver
Command: [16d83a7e543686abacc1b7888d00c888, clickElement {id=f.7F9FDA200563CBF5B46701C64ADD31AE.d.87AD6C2605C89CA5A07FD665FDE1EF36.e.9991}]
Capabilities {acceptInsecureCerts: false, browserName: chrome, browserVersion: 139.0.7258.128, chrome: {chromedriverVersion: 139.0.7258.138 (884e54ea8d4..., userDataDir: C:\Users\user\AppData\Local...}, fedcm:accounts: true, goog:chromeOptions: {debuggerAddress: localhost:57425}, networkConnectionEnabled: false, pageLoadStrategy: normal, platformName: windows, proxy: Proxy(), se:cdp: ws://localhost:57425/devtoo..., se:cdpVersion: 139.0.7258.128, setWindowRect: true, strictFileInteractability: false, timeouts: {implicit: 0, pageLoad: 300000, script: 30000}, unhandledPromptBehavior: dismiss and notify, webauthn:extension:credBlob: true, webauthn:extension:largeBlob: true, webauthn:extension:minPinLength: true, webauthn:extension:prf: true, webauthn:virtualAuthenticators: true}
Element: [[ChromeDriver: chrome on windows (16d83a7e543686abacc1b7888d00c888)] -&gt; xpath: //span[@class=&apos;mat-checkbox-inner-container mat-checkbox-inner-container-no-side-margin&apos;]]
Session ID: 16d83a7e543686abacc1b7888d00c888
	at java.base/jdk.internal.reflect.NativeConstructorAccessorImpl.newInstance0(Native Method)
	at java.base/jdk.internal.reflect.NativeConstructorAccessorImpl.newInstance(NativeConstructorAccessorImpl.java:77)
	at java.base/jdk.internal.reflect.DelegatingConstructorAccessorImpl.newInstance(DelegatingConstructorAccessorImpl.java:45)
	at java.base/java.lang.reflect.Constructor.newInstanceWithCaller(Constructor.java:499)
	at java.base/java.lang.reflect.Constructor.newInstance(Constructor.java:480)
	at org.openqa.selenium.remote.ErrorCodec.decode(ErrorCodec.java:167)
	at org.openqa.selenium.remote.codec.w3c.W3CHttpResponseCodec.decode(W3CHttpResponseCodec.java:138)
	at org.openqa.selenium.remote.codec.w3c.W3CHttpResponseCodec.decode(W3CHttpResponseCodec.java:50)
	at org.openqa.selenium.remote.HttpCommandExecutor.execute(HttpCommandExecutor.java:190)
	at org.openqa.selenium.remote.service.DriverCommandExecutor.invokeExecute(DriverCommandExecutor.java:216)
	at org.openqa.selenium.remote.service.DriverCommandExecutor.execute(DriverCommandExecutor.java:174)
	at org.openqa.selenium.remote.RemoteWebDriver.execute(RemoteWebDriver.java:527)
	at org.openqa.selenium.remote.RemoteWebElement.execute(RemoteWebElement.java:223)
	at org.openqa.selenium.remote.RemoteWebElement.click(RemoteWebElement.java:76)
	at jdk.internal.reflect.GeneratedMethodAccessor91.invoke(Unknown Source)
	at java.base/jdk.internal.reflect.DelegatingMethodAccessorImpl.invoke(DelegatingMethodAccessorImpl.java:43)
	at java.base/java.lang.reflect.Method.invoke(Method.java:568)
	at org.openqa.selenium.support.pagefactory.internal.LocatingElementHandler.invoke(LocatingElementHandler.java:51)
	at jdk.proxy2/jdk.proxy2.$Proxy43.click(Unknown Source)
	at com.Capium365.Actions.Capium365_Receipts_Supplier_Actions.ClickonInsideSupplierCheckBox(Capium365_Receipts_Supplier_Actions.java:487)
	at com.Capium365.StepDefination.Capium365_Receipts_Supplier_StepDefination.click_on_check_box(Capium365_Receipts_Supplier_StepDefination.java:159)
	at ✽.Click on Check Box(file:///D:/Core%20Modules/Capium365/src/test/resources/Capium365FeatureFiles/Capium365_Receipts_Supplier.feature:204)
</pre></div></td>
<td>40</td>
<td>com.Capium365.RunnerFiles.Capium365_Receipts_Suppliers_Runner@1757cd72</td></tr>
<tr>
<td title='com.Capium365.RunnerFiles.Capium365_Receipts_CreditNotes_Runner.runScenario()'><b>runScenario</b><br>Test class: com.Capium365.RunnerFiles.Capium365_Receipts_CreditNotes_Runner<br>Test method: Runs Cucumber Scenarios<br>Parameters: "Validate Confirm Delete button in CreditNote", "Capium365 Receipts under Credit Notes"</td>
<td><div><pre>org.openqa.selenium.NoSuchElementException: no such element: Unable to locate element: {&quot;method&quot;:&quot;xpath&quot;,&quot;selector&quot;:&quot;//h6[normalize-space()=&apos;365&apos;]&quot;}
  (Session info: chrome=139.0.7258.128)
For documentation on this error, please visit: https://www.selenium.dev/documentation/webdriver/troubleshooting/errors#no-such-element-exception
Build info: version: &apos;4.23.0&apos;, revision: &apos;4df0a231af&apos;
System info: os.name: &apos;Windows 10&apos;, os.arch: &apos;amd64&apos;, os.version: &apos;10.0&apos;, java.version: &apos;17.0.12&apos;
Driver info: org.openqa.selenium.chrome.ChromeDriver
Command: [266a3baf6bb8944658d371a91ba3d6b8, findElement {value=//h6[normalize-space()=&apos;365&apos;], using=xpath}]
Capabilities {acceptInsecureCerts: false, browserName: chrome, browserVersion: 139.0.7258.128, chrome: {chromedriverVersion: 139.0.7258.138 (884e54ea8d4..., userDataDir: C:\Users\user\AppData\Local...}, fedcm:accounts: true, goog:chromeOptions: {debuggerAddress: localhost:55787}, networkConnectionEnabled: false, pageLoadStrategy: normal, platformName: windows, proxy: Proxy(), se:cdp: ws://localhost:55787/devtoo..., se:cdpVersion: 139.0.7258.128, setWindowRect: true, strictFileInteractability: false, timeouts: {implicit: 0, pageLoad: 300000, script: 30000}, unhandledPromptBehavior: dismiss and notify, webauthn:extension:credBlob: true, webauthn:extension:largeBlob: true, webauthn:extension:minPinLength: true, webauthn:extension:prf: true, webauthn:virtualAuthenticators: true}
Session ID: 266a3baf6bb8944658d371a91ba3d6b8
	at org.openqa.selenium.remote.ErrorCodec.decode(ErrorCodec.java:167)
	at org.openqa.selenium.remote.codec.w3c.W3CHttpResponseCodec.decode(W3CHttpResponseCodec.java:138)
	at org.openqa.selenium.remote.codec.w3c.W3CHttpResponseCodec.decode(W3CHttpResponseCodec.java:50)
	at org.openqa.selenium.remote.HttpCommandExecutor.execute(HttpCommandExecutor.java:190)
	at org.openqa.selenium.remote.service.DriverCommandExecutor.invokeExecute(DriverCommandExecutor.java:216)
	at org.openqa.selenium.remote.service.DriverCommandExecutor.execute(DriverCommandExecutor.java:174)
	at org.openqa.selenium.remote.RemoteWebDriver.execute(RemoteWebDriver.java:527)
	at org.openqa.selenium.remote.ElementLocation$ElementFinder$2.findElement(ElementLocation.java:165)
	at org.openqa.selenium.remote.ElementLocation.findElement(ElementLocation.java:59)
	at org.openqa.selenium.remote.RemoteWebDriver.findElement(RemoteWebDriver.java:357)
	at org.openqa.selenium.remote.RemoteWebDriver.findElement(RemoteWebDriver.java:351)
	at com.Capium.Utilites.HelperClass.isElementPresent(HelperClass.java:237)
	at com.Capium365.Actions.LoginActions.clickCapium365ClientLogin(LoginActions.java:97)
	at com.Capium365.StepDefination.LoginStepDefination.click_on_capium365_client_login(LoginStepDefination.java:34)
	at ✽.Click on Capium365 Client login(file:///D:/Core%20Modules/Capium365/src/test/resources/Capium365FeatureFiles/Capium365_Receipts_CreditNotes.feature:6)
... Removed 4 stack frames</pre></div><a href='#' onClick='toggleBox("stack-trace255670281", this, "Click to show all stack frames", "Click to hide stack frames")'>Click to show all stack frames</a>
<div class='stack-trace' id='stack-trace255670281'><pre>org.openqa.selenium.NoSuchElementException: no such element: Unable to locate element: {&quot;method&quot;:&quot;xpath&quot;,&quot;selector&quot;:&quot;//h6[normalize-space()=&apos;365&apos;]&quot;}
  (Session info: chrome=139.0.7258.128)
For documentation on this error, please visit: https://www.selenium.dev/documentation/webdriver/troubleshooting/errors#no-such-element-exception
Build info: version: &apos;4.23.0&apos;, revision: &apos;4df0a231af&apos;
System info: os.name: &apos;Windows 10&apos;, os.arch: &apos;amd64&apos;, os.version: &apos;10.0&apos;, java.version: &apos;17.0.12&apos;
Driver info: org.openqa.selenium.chrome.ChromeDriver
Command: [266a3baf6bb8944658d371a91ba3d6b8, findElement {value=//h6[normalize-space()=&apos;365&apos;], using=xpath}]
Capabilities {acceptInsecureCerts: false, browserName: chrome, browserVersion: 139.0.7258.128, chrome: {chromedriverVersion: 139.0.7258.138 (884e54ea8d4..., userDataDir: C:\Users\user\AppData\Local...}, fedcm:accounts: true, goog:chromeOptions: {debuggerAddress: localhost:55787}, networkConnectionEnabled: false, pageLoadStrategy: normal, platformName: windows, proxy: Proxy(), se:cdp: ws://localhost:55787/devtoo..., se:cdpVersion: 139.0.7258.128, setWindowRect: true, strictFileInteractability: false, timeouts: {implicit: 0, pageLoad: 300000, script: 30000}, unhandledPromptBehavior: dismiss and notify, webauthn:extension:credBlob: true, webauthn:extension:largeBlob: true, webauthn:extension:minPinLength: true, webauthn:extension:prf: true, webauthn:virtualAuthenticators: true}
Session ID: 266a3baf6bb8944658d371a91ba3d6b8
	at jdk.internal.reflect.GeneratedConstructorAccessor28.newInstance(Unknown Source)
	at java.base/jdk.internal.reflect.DelegatingConstructorAccessorImpl.newInstance(DelegatingConstructorAccessorImpl.java:45)
	at java.base/java.lang.reflect.Constructor.newInstanceWithCaller(Constructor.java:499)
	at java.base/java.lang.reflect.Constructor.newInstance(Constructor.java:480)
	at org.openqa.selenium.remote.ErrorCodec.decode(ErrorCodec.java:167)
	at org.openqa.selenium.remote.codec.w3c.W3CHttpResponseCodec.decode(W3CHttpResponseCodec.java:138)
	at org.openqa.selenium.remote.codec.w3c.W3CHttpResponseCodec.decode(W3CHttpResponseCodec.java:50)
	at org.openqa.selenium.remote.HttpCommandExecutor.execute(HttpCommandExecutor.java:190)
	at org.openqa.selenium.remote.service.DriverCommandExecutor.invokeExecute(DriverCommandExecutor.java:216)
	at org.openqa.selenium.remote.service.DriverCommandExecutor.execute(DriverCommandExecutor.java:174)
	at org.openqa.selenium.remote.RemoteWebDriver.execute(RemoteWebDriver.java:527)
	at org.openqa.selenium.remote.ElementLocation$ElementFinder$2.findElement(ElementLocation.java:165)
	at org.openqa.selenium.remote.ElementLocation.findElement(ElementLocation.java:59)
	at org.openqa.selenium.remote.RemoteWebDriver.findElement(RemoteWebDriver.java:357)
	at org.openqa.selenium.remote.RemoteWebDriver.findElement(RemoteWebDriver.java:351)
	at com.Capium.Utilites.HelperClass.isElementPresent(HelperClass.java:237)
	at com.Capium365.Actions.LoginActions.clickCapium365ClientLogin(LoginActions.java:97)
	at com.Capium365.StepDefination.LoginStepDefination.click_on_capium365_client_login(LoginStepDefination.java:34)
	at ✽.Click on Capium365 Client login(file:///D:/Core%20Modules/Capium365/src/test/resources/Capium365FeatureFiles/Capium365_Receipts_CreditNotes.feature:6)
</pre></div></td>
<td>71</td>
<td>com.Capium365.RunnerFiles.Capium365_Receipts_CreditNotes_Runner@2e377400</td></tr>
<tr>
<td title='com.Capium365.RunnerFiles.Capium365_Receipts_CreditNotes_Runner.runScenario()'><b>runScenario</b><br>Test class: com.Capium365.RunnerFiles.Capium365_Receipts_CreditNotes_Runner<br>Test method: Runs Cucumber Scenarios<br>Parameters: "Valiate Edit CreditNote Page", "Capium365 Receipts under Credit Notes"</td>
<td><div><pre>org.openqa.selenium.NoSuchElementException: no such element: Unable to locate element: {&quot;method&quot;:&quot;xpath&quot;,&quot;selector&quot;:&quot;//h6[normalize-space()=&apos;365&apos;]&quot;}
  (Session info: chrome=139.0.7258.128)
For documentation on this error, please visit: https://www.selenium.dev/documentation/webdriver/troubleshooting/errors#no-such-element-exception
Build info: version: &apos;4.23.0&apos;, revision: &apos;4df0a231af&apos;
System info: os.name: &apos;Windows 10&apos;, os.arch: &apos;amd64&apos;, os.version: &apos;10.0&apos;, java.version: &apos;17.0.12&apos;
Driver info: org.openqa.selenium.chrome.ChromeDriver
Command: [266a3baf6bb8944658d371a91ba3d6b8, findElement {value=//h6[normalize-space()=&apos;365&apos;], using=xpath}]
Capabilities {acceptInsecureCerts: false, browserName: chrome, browserVersion: 139.0.7258.128, chrome: {chromedriverVersion: 139.0.7258.138 (884e54ea8d4..., userDataDir: C:\Users\user\AppData\Local...}, fedcm:accounts: true, goog:chromeOptions: {debuggerAddress: localhost:55787}, networkConnectionEnabled: false, pageLoadStrategy: normal, platformName: windows, proxy: Proxy(), se:cdp: ws://localhost:55787/devtoo..., se:cdpVersion: 139.0.7258.128, setWindowRect: true, strictFileInteractability: false, timeouts: {implicit: 0, pageLoad: 300000, script: 30000}, unhandledPromptBehavior: dismiss and notify, webauthn:extension:credBlob: true, webauthn:extension:largeBlob: true, webauthn:extension:minPinLength: true, webauthn:extension:prf: true, webauthn:virtualAuthenticators: true}
Session ID: 266a3baf6bb8944658d371a91ba3d6b8
	at org.openqa.selenium.remote.ErrorCodec.decode(ErrorCodec.java:167)
	at org.openqa.selenium.remote.codec.w3c.W3CHttpResponseCodec.decode(W3CHttpResponseCodec.java:138)
	at org.openqa.selenium.remote.codec.w3c.W3CHttpResponseCodec.decode(W3CHttpResponseCodec.java:50)
	at org.openqa.selenium.remote.HttpCommandExecutor.execute(HttpCommandExecutor.java:190)
	at org.openqa.selenium.remote.service.DriverCommandExecutor.invokeExecute(DriverCommandExecutor.java:216)
	at org.openqa.selenium.remote.service.DriverCommandExecutor.execute(DriverCommandExecutor.java:174)
	at org.openqa.selenium.remote.RemoteWebDriver.execute(RemoteWebDriver.java:527)
	at org.openqa.selenium.remote.ElementLocation$ElementFinder$2.findElement(ElementLocation.java:165)
	at org.openqa.selenium.remote.ElementLocation.findElement(ElementLocation.java:59)
	at org.openqa.selenium.remote.RemoteWebDriver.findElement(RemoteWebDriver.java:357)
	at org.openqa.selenium.remote.RemoteWebDriver.findElement(RemoteWebDriver.java:351)
	at com.Capium.Utilites.HelperClass.isElementPresent(HelperClass.java:237)
	at com.Capium365.Actions.LoginActions.clickCapium365ClientLogin(LoginActions.java:97)
	at com.Capium365.StepDefination.LoginStepDefination.click_on_capium365_client_login(LoginStepDefination.java:34)
	at ✽.Click on Capium365 Client login(file:///D:/Core%20Modules/Capium365/src/test/resources/Capium365FeatureFiles/Capium365_Receipts_CreditNotes.feature:6)
... Removed 4 stack frames</pre></div><a href='#' onClick='toggleBox("stack-trace556428575", this, "Click to show all stack frames", "Click to hide stack frames")'>Click to show all stack frames</a>
<div class='stack-trace' id='stack-trace556428575'><pre>org.openqa.selenium.NoSuchElementException: no such element: Unable to locate element: {&quot;method&quot;:&quot;xpath&quot;,&quot;selector&quot;:&quot;//h6[normalize-space()=&apos;365&apos;]&quot;}
  (Session info: chrome=139.0.7258.128)
For documentation on this error, please visit: https://www.selenium.dev/documentation/webdriver/troubleshooting/errors#no-such-element-exception
Build info: version: &apos;4.23.0&apos;, revision: &apos;4df0a231af&apos;
System info: os.name: &apos;Windows 10&apos;, os.arch: &apos;amd64&apos;, os.version: &apos;10.0&apos;, java.version: &apos;17.0.12&apos;
Driver info: org.openqa.selenium.chrome.ChromeDriver
Command: [266a3baf6bb8944658d371a91ba3d6b8, findElement {value=//h6[normalize-space()=&apos;365&apos;], using=xpath}]
Capabilities {acceptInsecureCerts: false, browserName: chrome, browserVersion: 139.0.7258.128, chrome: {chromedriverVersion: 139.0.7258.138 (884e54ea8d4..., userDataDir: C:\Users\user\AppData\Local...}, fedcm:accounts: true, goog:chromeOptions: {debuggerAddress: localhost:55787}, networkConnectionEnabled: false, pageLoadStrategy: normal, platformName: windows, proxy: Proxy(), se:cdp: ws://localhost:55787/devtoo..., se:cdpVersion: 139.0.7258.128, setWindowRect: true, strictFileInteractability: false, timeouts: {implicit: 0, pageLoad: 300000, script: 30000}, unhandledPromptBehavior: dismiss and notify, webauthn:extension:credBlob: true, webauthn:extension:largeBlob: true, webauthn:extension:minPinLength: true, webauthn:extension:prf: true, webauthn:virtualAuthenticators: true}
Session ID: 266a3baf6bb8944658d371a91ba3d6b8
	at jdk.internal.reflect.GeneratedConstructorAccessor28.newInstance(Unknown Source)
	at java.base/jdk.internal.reflect.DelegatingConstructorAccessorImpl.newInstance(DelegatingConstructorAccessorImpl.java:45)
	at java.base/java.lang.reflect.Constructor.newInstanceWithCaller(Constructor.java:499)
	at java.base/java.lang.reflect.Constructor.newInstance(Constructor.java:480)
	at org.openqa.selenium.remote.ErrorCodec.decode(ErrorCodec.java:167)
	at org.openqa.selenium.remote.codec.w3c.W3CHttpResponseCodec.decode(W3CHttpResponseCodec.java:138)
	at org.openqa.selenium.remote.codec.w3c.W3CHttpResponseCodec.decode(W3CHttpResponseCodec.java:50)
	at org.openqa.selenium.remote.HttpCommandExecutor.execute(HttpCommandExecutor.java:190)
	at org.openqa.selenium.remote.service.DriverCommandExecutor.invokeExecute(DriverCommandExecutor.java:216)
	at org.openqa.selenium.remote.service.DriverCommandExecutor.execute(DriverCommandExecutor.java:174)
	at org.openqa.selenium.remote.RemoteWebDriver.execute(RemoteWebDriver.java:527)
	at org.openqa.selenium.remote.ElementLocation$ElementFinder$2.findElement(ElementLocation.java:165)
	at org.openqa.selenium.remote.ElementLocation.findElement(ElementLocation.java:59)
	at org.openqa.selenium.remote.RemoteWebDriver.findElement(RemoteWebDriver.java:357)
	at org.openqa.selenium.remote.RemoteWebDriver.findElement(RemoteWebDriver.java:351)
	at com.Capium.Utilites.HelperClass.isElementPresent(HelperClass.java:237)
	at com.Capium365.Actions.LoginActions.clickCapium365ClientLogin(LoginActions.java:97)
	at com.Capium365.StepDefination.LoginStepDefination.click_on_capium365_client_login(LoginStepDefination.java:34)
	at ✽.Click on Capium365 Client login(file:///D:/Core%20Modules/Capium365/src/test/resources/Capium365FeatureFiles/Capium365_Receipts_CreditNotes.feature:6)
</pre></div></td>
<td>72</td>
<td>com.Capium365.RunnerFiles.Capium365_Receipts_CreditNotes_Runner@2e377400</td></tr>
<tr>
<td title='com.Capium365.RunnerFiles.Capium365_BankTab_Runner.runScenario()'><b>runScenario</b><br>Test class: com.Capium365.RunnerFiles.Capium365_BankTab_Runner<br>Test method: Runs Cucumber Scenarios<br>Parameters: "Validate bank accounts tab", "Validate bank tab"</td>
<td><div><pre>org.openqa.selenium.StaleElementReferenceException: stale element reference: stale element not found in the current frame
  (Session info: chrome=139.0.7258.128)
For documentation on this error, please visit: https://www.selenium.dev/documentation/webdriver/troubleshooting/errors#stale-element-reference-exception
Build info: version: &apos;4.23.0&apos;, revision: &apos;4df0a231af&apos;
System info: os.name: &apos;Windows 10&apos;, os.arch: &apos;amd64&apos;, os.version: &apos;10.0&apos;, java.version: &apos;17.0.12&apos;
Driver info: org.openqa.selenium.chrome.ChromeDriver
Command: [78e524eba0bce0154796eb4ef43f0572, isElementDisplayed {id=f.E060FAB1EF95C892C8BA69A76D7677B0.d.8A1610595B8FC915996B10F397A02D92.e.422}]
Capabilities {acceptInsecureCerts: false, browserName: chrome, browserVersion: 139.0.7258.128, chrome: {chromedriverVersion: 139.0.7258.138 (884e54ea8d4..., userDataDir: C:\Users\user\AppData\Local...}, fedcm:accounts: true, goog:chromeOptions: {debuggerAddress: localhost:53564}, networkConnectionEnabled: false, pageLoadStrategy: normal, platformName: windows, proxy: Proxy(), se:cdp: ws://localhost:53564/devtoo..., se:cdpVersion: 139.0.7258.128, setWindowRect: true, strictFileInteractability: false, timeouts: {implicit: 0, pageLoad: 300000, script: 30000}, unhandledPromptBehavior: dismiss and notify, webauthn:extension:credBlob: true, webauthn:extension:largeBlob: true, webauthn:extension:minPinLength: true, webauthn:extension:prf: true, webauthn:virtualAuthenticators: true}
Element: [[ChromeDriver: chrome on windows (78e524eba0bce0154796eb4ef43f0572)] -&gt; xpath: (//mat-icon[@fontset=&apos;material-icons-outlined&apos;])[3]]
Session ID: 78e524eba0bce0154796eb4ef43f0572
	at org.openqa.selenium.remote.ErrorCodec.decode(ErrorCodec.java:167)
	at org.openqa.selenium.remote.codec.w3c.W3CHttpResponseCodec.decode(W3CHttpResponseCodec.java:138)
	at org.openqa.selenium.remote.codec.w3c.W3CHttpResponseCodec.decode(W3CHttpResponseCodec.java:50)
	at org.openqa.selenium.remote.HttpCommandExecutor.execute(HttpCommandExecutor.java:190)
	at org.openqa.selenium.remote.service.DriverCommandExecutor.invokeExecute(DriverCommandExecutor.java:216)
	at org.openqa.selenium.remote.service.DriverCommandExecutor.execute(DriverCommandExecutor.java:174)
	at org.openqa.selenium.remote.RemoteWebDriver.execute(RemoteWebDriver.java:527)
	at org.openqa.selenium.remote.RemoteWebElement.execute(RemoteWebElement.java:223)
	at org.openqa.selenium.remote.RemoteWebElement.isDisplayed(RemoteWebElement.java:282)
	at org.openqa.selenium.support.pagefactory.internal.LocatingElementHandler.invoke(LocatingElementHandler.java:51)
	at jdk.proxy2/jdk.proxy2.$Proxy43.isDisplayed(Unknown Source)
	at com.Capium365.Actions.Capium365_BankTab_Actions.Validatebankaccounts(Capium365_BankTab_Actions.java:47)
	at com.Capium365.StepDefination.Capium365_BankTab_Stepdefination.validate_bank_accounts(Capium365_BankTab_Stepdefination.java:33)
	at ✽.Validate bank accounts(file:///D:/Core%20Modules/Capium365/src/test/resources/Capium365FeatureFiles/Capium365_BankTab.feature:22)
... Removed 8 stack frames</pre></div><a href='#' onClick='toggleBox("stack-trace1862356474", this, "Click to show all stack frames", "Click to hide stack frames")'>Click to show all stack frames</a>
<div class='stack-trace' id='stack-trace1862356474'><pre>org.openqa.selenium.StaleElementReferenceException: stale element reference: stale element not found in the current frame
  (Session info: chrome=139.0.7258.128)
For documentation on this error, please visit: https://www.selenium.dev/documentation/webdriver/troubleshooting/errors#stale-element-reference-exception
Build info: version: &apos;4.23.0&apos;, revision: &apos;4df0a231af&apos;
System info: os.name: &apos;Windows 10&apos;, os.arch: &apos;amd64&apos;, os.version: &apos;10.0&apos;, java.version: &apos;17.0.12&apos;
Driver info: org.openqa.selenium.chrome.ChromeDriver
Command: [78e524eba0bce0154796eb4ef43f0572, isElementDisplayed {id=f.E060FAB1EF95C892C8BA69A76D7677B0.d.8A1610595B8FC915996B10F397A02D92.e.422}]
Capabilities {acceptInsecureCerts: false, browserName: chrome, browserVersion: 139.0.7258.128, chrome: {chromedriverVersion: 139.0.7258.138 (884e54ea8d4..., userDataDir: C:\Users\user\AppData\Local...}, fedcm:accounts: true, goog:chromeOptions: {debuggerAddress: localhost:53564}, networkConnectionEnabled: false, pageLoadStrategy: normal, platformName: windows, proxy: Proxy(), se:cdp: ws://localhost:53564/devtoo..., se:cdpVersion: 139.0.7258.128, setWindowRect: true, strictFileInteractability: false, timeouts: {implicit: 0, pageLoad: 300000, script: 30000}, unhandledPromptBehavior: dismiss and notify, webauthn:extension:credBlob: true, webauthn:extension:largeBlob: true, webauthn:extension:minPinLength: true, webauthn:extension:prf: true, webauthn:virtualAuthenticators: true}
Element: [[ChromeDriver: chrome on windows (78e524eba0bce0154796eb4ef43f0572)] -&gt; xpath: (//mat-icon[@fontset=&apos;material-icons-outlined&apos;])[3]]
Session ID: 78e524eba0bce0154796eb4ef43f0572
	at java.base/jdk.internal.reflect.NativeConstructorAccessorImpl.newInstance0(Native Method)
	at java.base/jdk.internal.reflect.NativeConstructorAccessorImpl.newInstance(NativeConstructorAccessorImpl.java:77)
	at java.base/jdk.internal.reflect.DelegatingConstructorAccessorImpl.newInstance(DelegatingConstructorAccessorImpl.java:45)
	at java.base/java.lang.reflect.Constructor.newInstanceWithCaller(Constructor.java:499)
	at java.base/java.lang.reflect.Constructor.newInstance(Constructor.java:480)
	at org.openqa.selenium.remote.ErrorCodec.decode(ErrorCodec.java:167)
	at org.openqa.selenium.remote.codec.w3c.W3CHttpResponseCodec.decode(W3CHttpResponseCodec.java:138)
	at org.openqa.selenium.remote.codec.w3c.W3CHttpResponseCodec.decode(W3CHttpResponseCodec.java:50)
	at org.openqa.selenium.remote.HttpCommandExecutor.execute(HttpCommandExecutor.java:190)
	at org.openqa.selenium.remote.service.DriverCommandExecutor.invokeExecute(DriverCommandExecutor.java:216)
	at org.openqa.selenium.remote.service.DriverCommandExecutor.execute(DriverCommandExecutor.java:174)
	at org.openqa.selenium.remote.RemoteWebDriver.execute(RemoteWebDriver.java:527)
	at org.openqa.selenium.remote.RemoteWebElement.execute(RemoteWebElement.java:223)
	at org.openqa.selenium.remote.RemoteWebElement.isDisplayed(RemoteWebElement.java:282)
	at jdk.internal.reflect.GeneratedMethodAccessor83.invoke(Unknown Source)
	at java.base/jdk.internal.reflect.DelegatingMethodAccessorImpl.invoke(DelegatingMethodAccessorImpl.java:43)
	at java.base/java.lang.reflect.Method.invoke(Method.java:568)
	at org.openqa.selenium.support.pagefactory.internal.LocatingElementHandler.invoke(LocatingElementHandler.java:51)
	at jdk.proxy2/jdk.proxy2.$Proxy43.isDisplayed(Unknown Source)
	at com.Capium365.Actions.Capium365_BankTab_Actions.Validatebankaccounts(Capium365_BankTab_Actions.java:47)
	at com.Capium365.StepDefination.Capium365_BankTab_Stepdefination.validate_bank_accounts(Capium365_BankTab_Stepdefination.java:33)
	at ✽.Validate bank accounts(file:///D:/Core%20Modules/Capium365/src/test/resources/Capium365FeatureFiles/Capium365_BankTab.feature:22)
</pre></div></td>
<td>33</td>
<td>com.Capium365.RunnerFiles.Capium365_BankTab_Runner@192c3f1e</td></tr>
<tr>
<td title='com.Capium365.RunnerFiles.Capium365_Receipts_CreditNotes_Runner.runScenario()'><b>runScenario</b><br>Test class: com.Capium365.RunnerFiles.Capium365_Receipts_CreditNotes_Runner<br>Test method: Runs Cucumber Scenarios<br>Parameters: "Validate Mousehover EditIcon", "Capium365 Receipts under Credit Notes"</td>
<td><div><pre>org.openqa.selenium.TimeoutException: Expected condition failed: waiting for visibility of element located by By.xpath: //span[contains(text(), &apos;Receipts&apos;)] (tried for 10 second(s) with 500 milliseconds interval)
Build info: version: &apos;4.23.0&apos;, revision: &apos;4df0a231af&apos;
System info: os.name: &apos;Windows 10&apos;, os.arch: &apos;amd64&apos;, os.version: &apos;10.0&apos;, java.version: &apos;17.0.12&apos;
Driver info: org.openqa.selenium.chrome.ChromeDriver
Capabilities {acceptInsecureCerts: false, browserName: chrome, browserVersion: 139.0.7258.128, chrome: {chromedriverVersion: 139.0.7258.138 (884e54ea8d4..., userDataDir: C:\Users\user\AppData\Local...}, fedcm:accounts: true, goog:chromeOptions: {debuggerAddress: localhost:55787}, networkConnectionEnabled: false, pageLoadStrategy: normal, platformName: windows, proxy: Proxy(), se:cdp: ws://localhost:55787/devtoo..., se:cdpVersion: 139.0.7258.128, setWindowRect: true, strictFileInteractability: false, timeouts: {implicit: 0, pageLoad: 300000, script: 30000}, unhandledPromptBehavior: dismiss and notify, webauthn:extension:credBlob: true, webauthn:extension:largeBlob: true, webauthn:extension:minPinLength: true, webauthn:extension:prf: true, webauthn:virtualAuthenticators: true}
Session ID: 266a3baf6bb8944658d371a91ba3d6b8
	at org.openqa.selenium.support.ui.WebDriverWait.timeoutException(WebDriverWait.java:84)
	at org.openqa.selenium.support.ui.FluentWait.until(FluentWait.java:228)
	at com.Capium365.Actions.Capium365_Receipts_PurchaseInvoice_Actions.clickOnReceiptsMenu(Capium365_Receipts_PurchaseInvoice_Actions.java:36)
	at com.Capium365.StepDefination.Capium365_Receipts_PurchaseInvoice_Stepdefination.click_on_receipts_menu(Capium365_Receipts_PurchaseInvoice_Stepdefination.java:21)
	at ✽.Click on Receipts Menu(file:///D:/Core%20Modules/Capium365/src/test/resources/Capium365FeatureFiles/Capium365_Receipts_CreditNotes.feature:57)
</pre></div><a href='#' onClick='toggleBox("stack-trace1791743095", this, "Click to show all stack frames", "Click to hide stack frames")'>Click to show all stack frames</a>
<div class='stack-trace' id='stack-trace1791743095'><pre>org.openqa.selenium.TimeoutException: Expected condition failed: waiting for visibility of element located by By.xpath: //span[contains(text(), &apos;Receipts&apos;)] (tried for 10 second(s) with 500 milliseconds interval)
Build info: version: &apos;4.23.0&apos;, revision: &apos;4df0a231af&apos;
System info: os.name: &apos;Windows 10&apos;, os.arch: &apos;amd64&apos;, os.version: &apos;10.0&apos;, java.version: &apos;17.0.12&apos;
Driver info: org.openqa.selenium.chrome.ChromeDriver
Capabilities {acceptInsecureCerts: false, browserName: chrome, browserVersion: 139.0.7258.128, chrome: {chromedriverVersion: 139.0.7258.138 (884e54ea8d4..., userDataDir: C:\Users\user\AppData\Local...}, fedcm:accounts: true, goog:chromeOptions: {debuggerAddress: localhost:55787}, networkConnectionEnabled: false, pageLoadStrategy: normal, platformName: windows, proxy: Proxy(), se:cdp: ws://localhost:55787/devtoo..., se:cdpVersion: 139.0.7258.128, setWindowRect: true, strictFileInteractability: false, timeouts: {implicit: 0, pageLoad: 300000, script: 30000}, unhandledPromptBehavior: dismiss and notify, webauthn:extension:credBlob: true, webauthn:extension:largeBlob: true, webauthn:extension:minPinLength: true, webauthn:extension:prf: true, webauthn:virtualAuthenticators: true}
Session ID: 266a3baf6bb8944658d371a91ba3d6b8
	at org.openqa.selenium.support.ui.WebDriverWait.timeoutException(WebDriverWait.java:84)
	at org.openqa.selenium.support.ui.FluentWait.until(FluentWait.java:228)
	at com.Capium365.Actions.Capium365_Receipts_PurchaseInvoice_Actions.clickOnReceiptsMenu(Capium365_Receipts_PurchaseInvoice_Actions.java:36)
	at com.Capium365.StepDefination.Capium365_Receipts_PurchaseInvoice_Stepdefination.click_on_receipts_menu(Capium365_Receipts_PurchaseInvoice_Stepdefination.java:21)
	at ✽.Click on Receipts Menu(file:///D:/Core%20Modules/Capium365/src/test/resources/Capium365FeatureFiles/Capium365_Receipts_CreditNotes.feature:57)
</pre></div></td>
<td>100</td>
<td>com.Capium365.RunnerFiles.Capium365_Receipts_CreditNotes_Runner@2e377400</td></tr>
<tr>
<td title='com.Capium365.RunnerFiles.Capium365_BankTab_Runner.runScenario()'><b>runScenario</b><br>Test class: com.Capium365.RunnerFiles.Capium365_BankTab_Runner<br>Test method: Runs Cucumber Scenarios<br>Parameters: "Verify headers in bank tab", "Validate bank tab"</td>
<td><div><pre>org.openqa.selenium.TimeoutException: Expected condition failed: waiting for visibility of element located by By.xpath: //div[@class=&apos;d-flex gap-20&apos;]//div[1] (tried for 10 second(s) with 500 milliseconds interval)
Build info: version: &apos;4.23.0&apos;, revision: &apos;4df0a231af&apos;
System info: os.name: &apos;Windows 10&apos;, os.arch: &apos;amd64&apos;, os.version: &apos;10.0&apos;, java.version: &apos;17.0.12&apos;
Driver info: org.openqa.selenium.chrome.ChromeDriver
Capabilities {acceptInsecureCerts: false, browserName: chrome, browserVersion: 139.0.7258.128, chrome: {chromedriverVersion: 139.0.7258.138 (884e54ea8d4..., userDataDir: C:\Users\user\AppData\Local...}, fedcm:accounts: true, goog:chromeOptions: {debuggerAddress: localhost:53564}, networkConnectionEnabled: false, pageLoadStrategy: normal, platformName: windows, proxy: Proxy(), se:cdp: ws://localhost:53564/devtoo..., se:cdpVersion: 139.0.7258.128, setWindowRect: true, strictFileInteractability: false, timeouts: {implicit: 0, pageLoad: 300000, script: 30000}, unhandledPromptBehavior: dismiss and notify, webauthn:extension:credBlob: true, webauthn:extension:largeBlob: true, webauthn:extension:minPinLength: true, webauthn:extension:prf: true, webauthn:virtualAuthenticators: true}
Session ID: 78e524eba0bce0154796eb4ef43f0572
	at org.openqa.selenium.support.ui.WebDriverWait.timeoutException(WebDriverWait.java:84)
	at org.openqa.selenium.support.ui.FluentWait.until(FluentWait.java:228)
	at com.Capium365.Actions.Capium365_BankTab_Actions.verifyheaders(Capium365_BankTab_Actions.java:309)
	at com.Capium365.StepDefination.Capium365_BankTab_Stepdefination.verify_headers(Capium365_BankTab_Stepdefination.java:96)
	at ✽.verify headers(file:///D:/Core%20Modules/Capium365/src/test/resources/Capium365FeatureFiles/Capium365_BankTab.feature:83)
</pre></div><a href='#' onClick='toggleBox("stack-trace157322525", this, "Click to show all stack frames", "Click to hide stack frames")'>Click to show all stack frames</a>
<div class='stack-trace' id='stack-trace157322525'><pre>org.openqa.selenium.TimeoutException: Expected condition failed: waiting for visibility of element located by By.xpath: //div[@class=&apos;d-flex gap-20&apos;]//div[1] (tried for 10 second(s) with 500 milliseconds interval)
Build info: version: &apos;4.23.0&apos;, revision: &apos;4df0a231af&apos;
System info: os.name: &apos;Windows 10&apos;, os.arch: &apos;amd64&apos;, os.version: &apos;10.0&apos;, java.version: &apos;17.0.12&apos;
Driver info: org.openqa.selenium.chrome.ChromeDriver
Capabilities {acceptInsecureCerts: false, browserName: chrome, browserVersion: 139.0.7258.128, chrome: {chromedriverVersion: 139.0.7258.138 (884e54ea8d4..., userDataDir: C:\Users\user\AppData\Local...}, fedcm:accounts: true, goog:chromeOptions: {debuggerAddress: localhost:53564}, networkConnectionEnabled: false, pageLoadStrategy: normal, platformName: windows, proxy: Proxy(), se:cdp: ws://localhost:53564/devtoo..., se:cdpVersion: 139.0.7258.128, setWindowRect: true, strictFileInteractability: false, timeouts: {implicit: 0, pageLoad: 300000, script: 30000}, unhandledPromptBehavior: dismiss and notify, webauthn:extension:credBlob: true, webauthn:extension:largeBlob: true, webauthn:extension:minPinLength: true, webauthn:extension:prf: true, webauthn:virtualAuthenticators: true}
Session ID: 78e524eba0bce0154796eb4ef43f0572
	at org.openqa.selenium.support.ui.WebDriverWait.timeoutException(WebDriverWait.java:84)
	at org.openqa.selenium.support.ui.FluentWait.until(FluentWait.java:228)
	at com.Capium365.Actions.Capium365_BankTab_Actions.verifyheaders(Capium365_BankTab_Actions.java:309)
	at com.Capium365.StepDefination.Capium365_BankTab_Stepdefination.verify_headers(Capium365_BankTab_Stepdefination.java:96)
	at ✽.verify headers(file:///D:/Core%20Modules/Capium365/src/test/resources/Capium365FeatureFiles/Capium365_BankTab.feature:83)
</pre></div></td>
<td>42</td>
<td>com.Capium365.RunnerFiles.Capium365_BankTab_Runner@192c3f1e</td></tr>
<tr>
<td title='com.Capium365.RunnerFiles.Capium365_BankTab_Runner.runScenario()'><b>runScenario</b><br>Test class: com.Capium365.RunnerFiles.Capium365_BankTab_Runner<br>Test method: Runs Cucumber Scenarios<br>Parameters: "Validate next arrow", "Validate bank tab"</td>
<td><div><pre>org.openqa.selenium.ElementClickInterceptedException: element click intercepted: Element &lt;span class=&quot;mat-button-wrapper&quot;&gt;...&lt;/span&gt; is not clickable at point (1006, 504). Other element would receive the click: &lt;div _ngcontent-adk-c77=&quot;&quot; class=&quot;ngx-spinner-overlay ng-tns-c77-0 ng-trigger ng-trigger-fadeIn ng-star-inserted&quot; style=&quot;background-color: rgba(51, 51, 51, 0.8); z-index: 99999; position: fixed; opacity: 1;&quot;&gt;...&lt;/div&gt;
  (Session info: chrome=139.0.7258.128)
Build info: version: &apos;4.23.0&apos;, revision: &apos;4df0a231af&apos;
System info: os.name: &apos;Windows 10&apos;, os.arch: &apos;amd64&apos;, os.version: &apos;10.0&apos;, java.version: &apos;17.0.12&apos;
Driver info: org.openqa.selenium.chrome.ChromeDriver
Command: [78e524eba0bce0154796eb4ef43f0572, clickElement {id=f.E060FAB1EF95C892C8BA69A76D7677B0.d.CC70BCDF7D77A0A9037CE6E0F505BCFA.e.1568}]
Capabilities {acceptInsecureCerts: false, browserName: chrome, browserVersion: 139.0.7258.128, chrome: {chromedriverVersion: 139.0.7258.138 (884e54ea8d4..., userDataDir: C:\Users\user\AppData\Local...}, fedcm:accounts: true, goog:chromeOptions: {debuggerAddress: localhost:53564}, networkConnectionEnabled: false, pageLoadStrategy: normal, platformName: windows, proxy: Proxy(), se:cdp: ws://localhost:53564/devtoo..., se:cdpVersion: 139.0.7258.128, setWindowRect: true, strictFileInteractability: false, timeouts: {implicit: 0, pageLoad: 300000, script: 30000}, unhandledPromptBehavior: dismiss and notify, webauthn:extension:credBlob: true, webauthn:extension:largeBlob: true, webauthn:extension:minPinLength: true, webauthn:extension:prf: true, webauthn:virtualAuthenticators: true}
Element: [[ChromeDriver: chrome on windows (78e524eba0bce0154796eb4ef43f0572)] -&gt; xpath: //span[@class=&apos;mat-button-wrapper&apos; and text()=&apos; 5 &apos;]]
Session ID: 78e524eba0bce0154796eb4ef43f0572
	at org.openqa.selenium.remote.ErrorCodec.decode(ErrorCodec.java:167)
	at org.openqa.selenium.remote.codec.w3c.W3CHttpResponseCodec.decode(W3CHttpResponseCodec.java:138)
	at org.openqa.selenium.remote.codec.w3c.W3CHttpResponseCodec.decode(W3CHttpResponseCodec.java:50)
	at org.openqa.selenium.remote.HttpCommandExecutor.execute(HttpCommandExecutor.java:190)
	at org.openqa.selenium.remote.service.DriverCommandExecutor.invokeExecute(DriverCommandExecutor.java:216)
	at org.openqa.selenium.remote.service.DriverCommandExecutor.execute(DriverCommandExecutor.java:174)
	at org.openqa.selenium.remote.RemoteWebDriver.execute(RemoteWebDriver.java:527)
	at org.openqa.selenium.remote.RemoteWebElement.execute(RemoteWebElement.java:223)
	at org.openqa.selenium.remote.RemoteWebElement.click(RemoteWebElement.java:76)
	at org.openqa.selenium.support.pagefactory.internal.LocatingElementHandler.invoke(LocatingElementHandler.java:51)
	at jdk.proxy2/jdk.proxy2.$Proxy43.click(Unknown Source)
	at com.Capium365.Actions.Capium365_BankTab_Actions.verifynextbuttonisdisabledwheneverthelastpagenumberishighlighted(Capium365_BankTab_Actions.java:215)
	at com.Capium365.StepDefination.Capium365_BankTab_Stepdefination.verify_next_button_is_disabled_whenever_the_last_page_number_is_highlighted(Capium365_BankTab_Stepdefination.java:126)
	at ✽.verify next button is disabled whenever the last page number is highlighted(file:///D:/Core%20Modules/Capium365/src/test/resources/Capium365FeatureFiles/Capium365_BankTab.feature:68)
... Removed 8 stack frames</pre></div><a href='#' onClick='toggleBox("stack-trace893734459", this, "Click to show all stack frames", "Click to hide stack frames")'>Click to show all stack frames</a>
<div class='stack-trace' id='stack-trace893734459'><pre>org.openqa.selenium.ElementClickInterceptedException: element click intercepted: Element &lt;span class=&quot;mat-button-wrapper&quot;&gt;...&lt;/span&gt; is not clickable at point (1006, 504). Other element would receive the click: &lt;div _ngcontent-adk-c77=&quot;&quot; class=&quot;ngx-spinner-overlay ng-tns-c77-0 ng-trigger ng-trigger-fadeIn ng-star-inserted&quot; style=&quot;background-color: rgba(51, 51, 51, 0.8); z-index: 99999; position: fixed; opacity: 1;&quot;&gt;...&lt;/div&gt;
  (Session info: chrome=139.0.7258.128)
Build info: version: &apos;4.23.0&apos;, revision: &apos;4df0a231af&apos;
System info: os.name: &apos;Windows 10&apos;, os.arch: &apos;amd64&apos;, os.version: &apos;10.0&apos;, java.version: &apos;17.0.12&apos;
Driver info: org.openqa.selenium.chrome.ChromeDriver
Command: [78e524eba0bce0154796eb4ef43f0572, clickElement {id=f.E060FAB1EF95C892C8BA69A76D7677B0.d.CC70BCDF7D77A0A9037CE6E0F505BCFA.e.1568}]
Capabilities {acceptInsecureCerts: false, browserName: chrome, browserVersion: 139.0.7258.128, chrome: {chromedriverVersion: 139.0.7258.138 (884e54ea8d4..., userDataDir: C:\Users\user\AppData\Local...}, fedcm:accounts: true, goog:chromeOptions: {debuggerAddress: localhost:53564}, networkConnectionEnabled: false, pageLoadStrategy: normal, platformName: windows, proxy: Proxy(), se:cdp: ws://localhost:53564/devtoo..., se:cdpVersion: 139.0.7258.128, setWindowRect: true, strictFileInteractability: false, timeouts: {implicit: 0, pageLoad: 300000, script: 30000}, unhandledPromptBehavior: dismiss and notify, webauthn:extension:credBlob: true, webauthn:extension:largeBlob: true, webauthn:extension:minPinLength: true, webauthn:extension:prf: true, webauthn:virtualAuthenticators: true}
Element: [[ChromeDriver: chrome on windows (78e524eba0bce0154796eb4ef43f0572)] -&gt; xpath: //span[@class=&apos;mat-button-wrapper&apos; and text()=&apos; 5 &apos;]]
Session ID: 78e524eba0bce0154796eb4ef43f0572
	at java.base/jdk.internal.reflect.NativeConstructorAccessorImpl.newInstance0(Native Method)
	at java.base/jdk.internal.reflect.NativeConstructorAccessorImpl.newInstance(NativeConstructorAccessorImpl.java:77)
	at java.base/jdk.internal.reflect.DelegatingConstructorAccessorImpl.newInstance(DelegatingConstructorAccessorImpl.java:45)
	at java.base/java.lang.reflect.Constructor.newInstanceWithCaller(Constructor.java:499)
	at java.base/java.lang.reflect.Constructor.newInstance(Constructor.java:480)
	at org.openqa.selenium.remote.ErrorCodec.decode(ErrorCodec.java:167)
	at org.openqa.selenium.remote.codec.w3c.W3CHttpResponseCodec.decode(W3CHttpResponseCodec.java:138)
	at org.openqa.selenium.remote.codec.w3c.W3CHttpResponseCodec.decode(W3CHttpResponseCodec.java:50)
	at org.openqa.selenium.remote.HttpCommandExecutor.execute(HttpCommandExecutor.java:190)
	at org.openqa.selenium.remote.service.DriverCommandExecutor.invokeExecute(DriverCommandExecutor.java:216)
	at org.openqa.selenium.remote.service.DriverCommandExecutor.execute(DriverCommandExecutor.java:174)
	at org.openqa.selenium.remote.RemoteWebDriver.execute(RemoteWebDriver.java:527)
	at org.openqa.selenium.remote.RemoteWebElement.execute(RemoteWebElement.java:223)
	at org.openqa.selenium.remote.RemoteWebElement.click(RemoteWebElement.java:76)
	at jdk.internal.reflect.GeneratedMethodAccessor91.invoke(Unknown Source)
	at java.base/jdk.internal.reflect.DelegatingMethodAccessorImpl.invoke(DelegatingMethodAccessorImpl.java:43)
	at java.base/java.lang.reflect.Method.invoke(Method.java:568)
	at org.openqa.selenium.support.pagefactory.internal.LocatingElementHandler.invoke(LocatingElementHandler.java:51)
	at jdk.proxy2/jdk.proxy2.$Proxy43.click(Unknown Source)
	at com.Capium365.Actions.Capium365_BankTab_Actions.verifynextbuttonisdisabledwheneverthelastpagenumberishighlighted(Capium365_BankTab_Actions.java:215)
	at com.Capium365.StepDefination.Capium365_BankTab_Stepdefination.verify_next_button_is_disabled_whenever_the_last_page_number_is_highlighted(Capium365_BankTab_Stepdefination.java:126)
	at ✽.verify next button is disabled whenever the last page number is highlighted(file:///D:/Core%20Modules/Capium365/src/test/resources/Capium365FeatureFiles/Capium365_BankTab.feature:68)
</pre></div></td>
<td>38</td>
<td>com.Capium365.RunnerFiles.Capium365_BankTab_Runner@192c3f1e</td></tr>
<tr>
<td title='com.Capium365.RunnerFiles.Capium365_Receipts_CreditNotes_Runner.runScenario()'><b>runScenario</b><br>Test class: com.Capium365.RunnerFiles.Capium365_Receipts_CreditNotes_Runner<br>Test method: Runs Cucumber Scenarios<br>Parameters: "Validate plus Icon Edit Purchase CreditNote Page", "Capium365 Receipts under Credit Notes"</td>
<td><div><pre>org.openqa.selenium.NoSuchElementException: no such element: Unable to locate element: {&quot;method&quot;:&quot;xpath&quot;,&quot;selector&quot;:&quot;//h6[normalize-space()=&apos;365&apos;]&quot;}
  (Session info: chrome=139.0.7258.128)
For documentation on this error, please visit: https://www.selenium.dev/documentation/webdriver/troubleshooting/errors#no-such-element-exception
Build info: version: &apos;4.23.0&apos;, revision: &apos;4df0a231af&apos;
System info: os.name: &apos;Windows 10&apos;, os.arch: &apos;amd64&apos;, os.version: &apos;10.0&apos;, java.version: &apos;17.0.12&apos;
Driver info: org.openqa.selenium.chrome.ChromeDriver
Command: [266a3baf6bb8944658d371a91ba3d6b8, findElement {value=//h6[normalize-space()=&apos;365&apos;], using=xpath}]
Capabilities {acceptInsecureCerts: false, browserName: chrome, browserVersion: 139.0.7258.128, chrome: {chromedriverVersion: 139.0.7258.138 (884e54ea8d4..., userDataDir: C:\Users\user\AppData\Local...}, fedcm:accounts: true, goog:chromeOptions: {debuggerAddress: localhost:55787}, networkConnectionEnabled: false, pageLoadStrategy: normal, platformName: windows, proxy: Proxy(), se:cdp: ws://localhost:55787/devtoo..., se:cdpVersion: 139.0.7258.128, setWindowRect: true, strictFileInteractability: false, timeouts: {implicit: 0, pageLoad: 300000, script: 30000}, unhandledPromptBehavior: dismiss and notify, webauthn:extension:credBlob: true, webauthn:extension:largeBlob: true, webauthn:extension:minPinLength: true, webauthn:extension:prf: true, webauthn:virtualAuthenticators: true}
Session ID: 266a3baf6bb8944658d371a91ba3d6b8
	at org.openqa.selenium.remote.ErrorCodec.decode(ErrorCodec.java:167)
	at org.openqa.selenium.remote.codec.w3c.W3CHttpResponseCodec.decode(W3CHttpResponseCodec.java:138)
	at org.openqa.selenium.remote.codec.w3c.W3CHttpResponseCodec.decode(W3CHttpResponseCodec.java:50)
	at org.openqa.selenium.remote.HttpCommandExecutor.execute(HttpCommandExecutor.java:190)
	at org.openqa.selenium.remote.service.DriverCommandExecutor.invokeExecute(DriverCommandExecutor.java:216)
	at org.openqa.selenium.remote.service.DriverCommandExecutor.execute(DriverCommandExecutor.java:174)
	at org.openqa.selenium.remote.RemoteWebDriver.execute(RemoteWebDriver.java:527)
	at org.openqa.selenium.remote.ElementLocation$ElementFinder$2.findElement(ElementLocation.java:165)
	at org.openqa.selenium.remote.ElementLocation.findElement(ElementLocation.java:59)
	at org.openqa.selenium.remote.RemoteWebDriver.findElement(RemoteWebDriver.java:357)
	at org.openqa.selenium.remote.RemoteWebDriver.findElement(RemoteWebDriver.java:351)
	at com.Capium.Utilites.HelperClass.isElementPresent(HelperClass.java:237)
	at com.Capium365.Actions.LoginActions.clickCapium365ClientLogin(LoginActions.java:97)
	at com.Capium365.StepDefination.LoginStepDefination.click_on_capium365_client_login(LoginStepDefination.java:34)
	at ✽.Click on Capium365 Client login(file:///D:/Core%20Modules/Capium365/src/test/resources/Capium365FeatureFiles/Capium365_Receipts_CreditNotes.feature:6)
... Removed 4 stack frames</pre></div><a href='#' onClick='toggleBox("stack-trace931981555", this, "Click to show all stack frames", "Click to hide stack frames")'>Click to show all stack frames</a>
<div class='stack-trace' id='stack-trace931981555'><pre>org.openqa.selenium.NoSuchElementException: no such element: Unable to locate element: {&quot;method&quot;:&quot;xpath&quot;,&quot;selector&quot;:&quot;//h6[normalize-space()=&apos;365&apos;]&quot;}
  (Session info: chrome=139.0.7258.128)
For documentation on this error, please visit: https://www.selenium.dev/documentation/webdriver/troubleshooting/errors#no-such-element-exception
Build info: version: &apos;4.23.0&apos;, revision: &apos;4df0a231af&apos;
System info: os.name: &apos;Windows 10&apos;, os.arch: &apos;amd64&apos;, os.version: &apos;10.0&apos;, java.version: &apos;17.0.12&apos;
Driver info: org.openqa.selenium.chrome.ChromeDriver
Command: [266a3baf6bb8944658d371a91ba3d6b8, findElement {value=//h6[normalize-space()=&apos;365&apos;], using=xpath}]
Capabilities {acceptInsecureCerts: false, browserName: chrome, browserVersion: 139.0.7258.128, chrome: {chromedriverVersion: 139.0.7258.138 (884e54ea8d4..., userDataDir: C:\Users\user\AppData\Local...}, fedcm:accounts: true, goog:chromeOptions: {debuggerAddress: localhost:55787}, networkConnectionEnabled: false, pageLoadStrategy: normal, platformName: windows, proxy: Proxy(), se:cdp: ws://localhost:55787/devtoo..., se:cdpVersion: 139.0.7258.128, setWindowRect: true, strictFileInteractability: false, timeouts: {implicit: 0, pageLoad: 300000, script: 30000}, unhandledPromptBehavior: dismiss and notify, webauthn:extension:credBlob: true, webauthn:extension:largeBlob: true, webauthn:extension:minPinLength: true, webauthn:extension:prf: true, webauthn:virtualAuthenticators: true}
Session ID: 266a3baf6bb8944658d371a91ba3d6b8
	at jdk.internal.reflect.GeneratedConstructorAccessor28.newInstance(Unknown Source)
	at java.base/jdk.internal.reflect.DelegatingConstructorAccessorImpl.newInstance(DelegatingConstructorAccessorImpl.java:45)
	at java.base/java.lang.reflect.Constructor.newInstanceWithCaller(Constructor.java:499)
	at java.base/java.lang.reflect.Constructor.newInstance(Constructor.java:480)
	at org.openqa.selenium.remote.ErrorCodec.decode(ErrorCodec.java:167)
	at org.openqa.selenium.remote.codec.w3c.W3CHttpResponseCodec.decode(W3CHttpResponseCodec.java:138)
	at org.openqa.selenium.remote.codec.w3c.W3CHttpResponseCodec.decode(W3CHttpResponseCodec.java:50)
	at org.openqa.selenium.remote.HttpCommandExecutor.execute(HttpCommandExecutor.java:190)
	at org.openqa.selenium.remote.service.DriverCommandExecutor.invokeExecute(DriverCommandExecutor.java:216)
	at org.openqa.selenium.remote.service.DriverCommandExecutor.execute(DriverCommandExecutor.java:174)
	at org.openqa.selenium.remote.RemoteWebDriver.execute(RemoteWebDriver.java:527)
	at org.openqa.selenium.remote.ElementLocation$ElementFinder$2.findElement(ElementLocation.java:165)
	at org.openqa.selenium.remote.ElementLocation.findElement(ElementLocation.java:59)
	at org.openqa.selenium.remote.RemoteWebDriver.findElement(RemoteWebDriver.java:357)
	at org.openqa.selenium.remote.RemoteWebDriver.findElement(RemoteWebDriver.java:351)
	at com.Capium.Utilites.HelperClass.isElementPresent(HelperClass.java:237)
	at com.Capium365.Actions.LoginActions.clickCapium365ClientLogin(LoginActions.java:97)
	at com.Capium365.StepDefination.LoginStepDefination.click_on_capium365_client_login(LoginStepDefination.java:34)
	at ✽.Click on Capium365 Client login(file:///D:/Core%20Modules/Capium365/src/test/resources/Capium365FeatureFiles/Capium365_Receipts_CreditNotes.feature:6)
</pre></div></td>
<td>71</td>
<td>com.Capium365.RunnerFiles.Capium365_Receipts_CreditNotes_Runner@2e377400</td></tr>
</table><p>
<table width='100%' border='1' class='invocation-passed'>
<tr><td colspan='4' align='center'><b>PASSED TESTS</b></td></tr>
<tr><td><b>Test method</b></td>
<td><b>Attribute(s)</b></td>
<td width="30%"><b>Exception</b></td>
<td width="10%"><b>Time (seconds)</b></td>
<td><b>Instance</b></td>
</tr>
<tr>
<td title='com.Capium365.RunnerFiles.Capium365_Receipts_Suppliers_Runner.runScenario()'><b>runScenario</b><br>Test class: com.Capium365.RunnerFiles.Capium365_Receipts_Suppliers_Runner<br>Test method: Runs Cucumber Scenarios<br>Parameters: "Validating Delete Option in Footer with Yes button", "Verify Suppliers in Receipts tab"</td>
<td></td>
<td>40</td>
<td>com.Capium365.RunnerFiles.Capium365_Receipts_Suppliers_Runner@1757cd72</td></tr>
<tr>
<td title='com.Capium365.RunnerFiles.Capium365_Dashboard_Runner.runScenario()'><b>runScenario</b><br>Test class: com.Capium365.RunnerFiles.Capium365_Dashboard_Runner<br>Test method: Runs Cucumber Scenarios<br>Parameters: "Add a new bank under My Business settings", "Dashboard Chart Validation"</td>
<td></td>
<td>42</td>
<td>com.Capium365.RunnerFiles.Capium365_Dashboard_Runner@8c3b9d</td></tr>
<tr>
<td title='com.Capium365.RunnerFiles.Capium365_Dashboard_Runner.runScenario()'><b>runScenario</b><br>Test class: com.Capium365.RunnerFiles.Capium365_Dashboard_Runner<br>Test method: Runs Cucumber Scenarios<br>Parameters: "Select a different theme color "Green"", "Dashboard Chart Validation"</td>
<td></td>
<td>35</td>
<td>com.Capium365.RunnerFiles.Capium365_Dashboard_Runner@8c3b9d</td></tr>
<tr>
<td title='com.Capium365.RunnerFiles.Capium365_Receipts_CreditNotes_Runner.runScenario()'><b>runScenario</b><br>Test class: com.Capium365.RunnerFiles.Capium365_Receipts_CreditNotes_Runner<br>Test method: Runs Cucumber Scenarios<br>Parameters: "Validate History popup Closed button", "Capium365 Receipts under Credit Notes"</td>
<td></td>
<td>43</td>
<td>com.Capium365.RunnerFiles.Capium365_Receipts_CreditNotes_Runner@2e377400</td></tr>
<tr>
<td title='com.Capium365.RunnerFiles.Capium365_Receipts_Receipts_Runner.runScenario()'><b>runScenario</b><br>Test class: com.Capium365.RunnerFiles.Capium365_Receipts_Receipts_Runner<br>Test method: Runs Cucumber Scenarios<br>Parameters: "Archive selected invoice", "Receipts"</td>
<td></td>
<td>77</td>
<td>com.Capium365.RunnerFiles.Capium365_Receipts_Receipts_Runner@561b6512</td></tr>
<tr>
<td title='com.Capium365.RunnerFiles.Capium365_Users_Runner.runScenario()'><b>runScenario</b><br>Test class: com.Capium365.RunnerFiles.Capium365_Users_Runner<br>Test method: Runs Cucumber Scenarios<br>Parameters: "Validate users tab", "Validate users tab"</td>
<td></td>
<td>41</td>
<td>com.Capium365.RunnerFiles.Capium365_Users_Runner@26b3fd41</td></tr>
<tr>
<td title='com.Capium365.RunnerFiles.Capium365_Receipts_Receipts_Runner.runScenario()'><b>runScenario</b><br>Test class: com.Capium365.RunnerFiles.Capium365_Receipts_Receipts_Runner<br>Test method: Runs Cucumber Scenarios<br>Parameters: "Verify Receipts Tab data displays correct data for selected "<Time Filter>"", "Receipts"</td>
<td></td>
<td>138</td>
<td>com.Capium365.RunnerFiles.Capium365_Receipts_Receipts_Runner@561b6512</td></tr>
<tr>
<td title='com.Capium365.RunnerFiles.Capium365_BankTab_Runner.runScenario()'><b>runScenario</b><br>Test class: com.Capium365.RunnerFiles.Capium365_BankTab_Runner<br>Test method: Runs Cucumber Scenarios<br>Parameters: "Validate add new account", "Validate bank tab"</td>
<td></td>
<td>49</td>
<td>com.Capium365.RunnerFiles.Capium365_BankTab_Runner@192c3f1e</td></tr>
<tr>
<td title='com.Capium365.RunnerFiles.Capium365_Dashboard_Runner.runScenario()'><b>runScenario</b><br>Test class: com.Capium365.RunnerFiles.Capium365_Dashboard_Runner<br>Test method: Runs Cucumber Scenarios<br>Parameters: "Verify Help tab in dashboard", "Dashboard Chart Validation"</td>
<td></td>
<td>35</td>
<td>com.Capium365.RunnerFiles.Capium365_Dashboard_Runner@8c3b9d</td></tr>
<tr>
<td title='com.Capium365.RunnerFiles.Capium365_Receipts_Suppliers_Runner.runScenario()'><b>runScenario</b><br>Test class: com.Capium365.RunnerFiles.Capium365_Receipts_Suppliers_Runner<br>Test method: Runs Cucumber Scenarios<br>Parameters: "Validating Search and Click on Edit Icon", "Verify Suppliers in Receipts tab"</td>
<td></td>
<td>44</td>
<td>com.Capium365.RunnerFiles.Capium365_Receipts_Suppliers_Runner@1757cd72</td></tr>
<tr>
<td title='com.Capium365.RunnerFiles.Capium365_Dashboard_Runner.runScenario()'><b>runScenario</b><br>Test class: com.Capium365.RunnerFiles.Capium365_Dashboard_Runner<br>Test method: Runs Cucumber Scenarios<br>Parameters: "Select a different theme color "Dark Blue"", "Dashboard Chart Validation"</td>
<td></td>
<td>35</td>
<td>com.Capium365.RunnerFiles.Capium365_Dashboard_Runner@8c3b9d</td></tr>
<tr>
<td title='com.Capium365.RunnerFiles.Capium365_Receipts_CreditNotes_Runner.runScenario()'><b>runScenario</b><br>Test class: com.Capium365.RunnerFiles.Capium365_Receipts_CreditNotes_Runner<br>Test method: Runs Cucumber Scenarios<br>Parameters: "Validate search bar", "Capium365 Receipts under Credit Notes"</td>
<td></td>
<td>39</td>
<td>com.Capium365.RunnerFiles.Capium365_Receipts_CreditNotes_Runner@2e377400</td></tr>
<tr>
<td title='com.Capium365.RunnerFiles.Capium365_Receipts_Suppliers_Runner.runScenario()'><b>runScenario</b><br>Test class: com.Capium365.RunnerFiles.Capium365_Receipts_Suppliers_Runner<br>Test method: Runs Cucumber Scenarios<br>Parameters: "Validate Add Supplier MainGrid", "Verify Suppliers in Receipts tab"</td>
<td></td>
<td>38</td>
<td>com.Capium365.RunnerFiles.Capium365_Receipts_Suppliers_Runner@1757cd72</td></tr>
<tr>
<td title='com.Capium365.RunnerFiles.Capium365_Dashboard_Runner.runScenario()'><b>runScenario</b><br>Test class: com.Capium365.RunnerFiles.Capium365_Dashboard_Runner<br>Test method: Runs Cucumber Scenarios<br>Parameters: "Verify essential UI elements are present", "Dashboard Chart Validation"</td>
<td></td>
<td>35</td>
<td>com.Capium365.RunnerFiles.Capium365_Dashboard_Runner@8c3b9d</td></tr>
<tr>
<td title='com.Capium365.RunnerFiles.Capium365_Receipts_CreditNotes_Runner.runScenario()'><b>runScenario</b><br>Test class: com.Capium365.RunnerFiles.Capium365_Receipts_CreditNotes_Runner<br>Test method: Runs Cucumber Scenarios<br>Parameters: "Validate Export to Excel", "Capium365 Receipts under Credit Notes"</td>
<td></td>
<td>73</td>
<td>com.Capium365.RunnerFiles.Capium365_Receipts_CreditNotes_Runner@2e377400</td></tr>
<tr>
<td title='com.Capium365.RunnerFiles.Capium365_Receipts_Receipts_Runner.runScenario()'><b>runScenario</b><br>Test class: com.Capium365.RunnerFiles.Capium365_Receipts_Receipts_Runner<br>Test method: Runs Cucumber Scenarios<br>Parameters: "User clicks on three dots for a receipt and selects Preview option", "Receipts"</td>
<td></td>
<td>42</td>
<td>com.Capium365.RunnerFiles.Capium365_Receipts_Receipts_Runner@561b6512</td></tr>
<tr>
<td title='com.Capium365.RunnerFiles.Capium365_Receipts_Suppliers_Runner.runScenario()'><b>runScenario</b><br>Test class: com.Capium365.RunnerFiles.Capium365_Receipts_Suppliers_Runner<br>Test method: Runs Cucumber Scenarios<br>Parameters: "Validating Delete Option in Footer", "Verify Suppliers in Receipts tab"</td>
<td></td>
<td>44</td>
<td>com.Capium365.RunnerFiles.Capium365_Receipts_Suppliers_Runner@1757cd72</td></tr>
<tr>
<td title='com.Capium365.RunnerFiles.Capium365_Receipts_Receipts_Runner.runScenario()'><b>runScenario</b><br>Test class: com.Capium365.RunnerFiles.Capium365_Receipts_Receipts_Runner<br>Test method: Runs Cucumber Scenarios<br>Parameters: "Action buttons appear on row hover", "Receipts"</td>
<td></td>
<td>42</td>
<td>com.Capium365.RunnerFiles.Capium365_Receipts_Receipts_Runner@561b6512</td></tr>
<tr>
<td title='com.Capium365.RunnerFiles.Capium365_Receipts_Suppliers_Runner.runScenario()'><b>runScenario</b><br>Test class: com.Capium365.RunnerFiles.Capium365_Receipts_Suppliers_Runner<br>Test method: Runs Cucumber Scenarios<br>Parameters: "Validate KeyBoard ErrowRight", "Verify Suppliers in Receipts tab"</td>
<td></td>
<td>40</td>
<td>com.Capium365.RunnerFiles.Capium365_Receipts_Suppliers_Runner@1757cd72</td></tr>
<tr>
<td title='com.Capium365.RunnerFiles.Capium365_Receipts_Suppliers_Runner.runScenario()'><b>runScenario</b><br>Test class: com.Capium365.RunnerFiles.Capium365_Receipts_Suppliers_Runner<br>Test method: Runs Cucumber Scenarios<br>Parameters: "Validate Add Supplier button", "Verify Suppliers in Receipts tab"</td>
<td></td>
<td>38</td>
<td>com.Capium365.RunnerFiles.Capium365_Receipts_Suppliers_Runner@1757cd72</td></tr>
<tr>
<td title='com.Capium365.RunnerFiles.Capium365_BankTab_Runner.runScenario()'><b>runScenario</b><br>Test class: com.Capium365.RunnerFiles.Capium365_BankTab_Runner<br>Test method: Runs Cucumber Scenarios<br>Parameters: "Validate goto page", "Validate bank tab"</td>
<td></td>
<td>37</td>
<td>com.Capium365.RunnerFiles.Capium365_BankTab_Runner@192c3f1e</td></tr>
<tr>
<td title='com.Capium365.RunnerFiles.Capium365_Receipts_CreditNotes_Runner.runScenario()'><b>runScenario</b><br>Test class: com.Capium365.RunnerFiles.Capium365_Receipts_CreditNotes_Runner<br>Test method: Runs Cucumber Scenarios<br>Parameters: "Validate Process Duplicate Upload popup with No button", "Capium365 Receipts under Credit Notes"</td>
<td></td>
<td>98</td>
<td>com.Capium365.RunnerFiles.Capium365_Receipts_CreditNotes_Runner@2e377400</td></tr>
<tr>
<td title='com.Capium365.RunnerFiles.Capium365_Receipts_CreditNotes_Runner.runScenario()'><b>runScenario</b><br>Test class: com.Capium365.RunnerFiles.Capium365_Receipts_CreditNotes_Runner<br>Test method: Runs Cucumber Scenarios<br>Parameters: "Validate CreditNotes Main Grid", "Capium365 Receipts under Credit Notes"</td>
<td></td>
<td>45</td>
<td>com.Capium365.RunnerFiles.Capium365_Receipts_CreditNotes_Runner@2e377400</td></tr>
<tr>
<td title='com.Capium365.RunnerFiles.Capium365_Dashboard_Runner.runScenario()'><b>runScenario</b><br>Test class: com.Capium365.RunnerFiles.Capium365_Dashboard_Runner<br>Test method: Runs Cucumber Scenarios<br>Parameters: "Verify Sales Flow "<Time Filter>" donut chart displays correct data for selected time filter", "Dashboard Chart Validation"</td>
<td></td>
<td>56</td>
<td>com.Capium365.RunnerFiles.Capium365_Dashboard_Runner@8c3b9d</td></tr>
<tr>
<td title='com.Capium365.RunnerFiles.Capium365_Receipts_Suppliers_Runner.runScenario()'><b>runScenario</b><br>Test class: com.Capium365.RunnerFiles.Capium365_Receipts_Suppliers_Runner<br>Test method: Runs Cucumber Scenarios<br>Parameters: "Validate Cancel Changes button in Edit Supplier Page", "Verify Suppliers in Receipts tab"</td>
<td></td>
<td>48</td>
<td>com.Capium365.RunnerFiles.Capium365_Receipts_Suppliers_Runner@1757cd72</td></tr>
<tr>
<td title='com.Capium365.RunnerFiles.Capium365_Dashboard_Runner.runScenario()'><b>runScenario</b><br>Test class: com.Capium365.RunnerFiles.Capium365_Dashboard_Runner<br>Test method: Runs Cucumber Scenarios<br>Parameters: "Select a different theme color "Blue"", "Dashboard Chart Validation"</td>
<td></td>
<td>35</td>
<td>com.Capium365.RunnerFiles.Capium365_Dashboard_Runner@8c3b9d</td></tr>
<tr>
<td title='com.Capium365.RunnerFiles.Capium365_Receipts_Receipts_Runner.runScenario()'><b>runScenario</b><br>Test class: com.Capium365.RunnerFiles.Capium365_Receipts_Receipts_Runner<br>Test method: Runs Cucumber Scenarios<br>Parameters: "Verify All Status dropdown under receipts", "Receipts"</td>
<td></td>
<td>71</td>
<td>com.Capium365.RunnerFiles.Capium365_Receipts_Receipts_Runner@561b6512</td></tr>
<tr>
<td title='com.Capium365.RunnerFiles.Capium365_Dashboard_Runner.runScenario()'><b>runScenario</b><br>Test class: com.Capium365.RunnerFiles.Capium365_Dashboard_Runner<br>Test method: Runs Cucumber Scenarios<br>Parameters: "Sign out using the profile popup", "Dashboard Chart Validation"</td>
<td></td>
<td>94</td>
<td>com.Capium365.RunnerFiles.Capium365_Dashboard_Runner@8c3b9d</td></tr>
<tr>
<td title='com.Capium365.RunnerFiles.Capium365_Receipts_CreditNotes_Runner.runScenario()'><b>runScenario</b><br>Test class: com.Capium365.RunnerFiles.Capium365_Receipts_CreditNotes_Runner<br>Test method: Runs Cucumber Scenarios<br>Parameters: "Validating Export from Footer", "Capium365 Receipts under Credit Notes"</td>
<td></td>
<td>43</td>
<td>com.Capium365.RunnerFiles.Capium365_Receipts_CreditNotes_Runner@2e377400</td></tr>
<tr>
<td title='com.Capium365.RunnerFiles.Capium365_Dashboard_Runner.runScenario()'><b>runScenario</b><br>Test class: com.Capium365.RunnerFiles.Capium365_Dashboard_Runner<br>Test method: Runs Cucumber Scenarios<br>Parameters: "Select a different theme color "Teal"", "Dashboard Chart Validation"</td>
<td></td>
<td>34</td>
<td>com.Capium365.RunnerFiles.Capium365_Dashboard_Runner@8c3b9d</td></tr>
<tr>
<td title='com.Capium365.RunnerFiles.Capium365_Receipts_CreditNotes_Runner.runScenario()'><b>runScenario</b><br>Test class: com.Capium365.RunnerFiles.Capium365_Receipts_CreditNotes_Runner<br>Test method: Runs Cucumber Scenarios<br>Parameters: "Validate Duplicate buttom in the main Grid", "Capium365 Receipts under Credit Notes"</td>
<td></td>
<td>85</td>
<td>com.Capium365.RunnerFiles.Capium365_Receipts_CreditNotes_Runner@2e377400</td></tr>
<tr>
<td title='com.Capium365.RunnerFiles.Capium365_Receipts_Suppliers_Runner.runScenario()'><b>runScenario</b><br>Test class: com.Capium365.RunnerFiles.Capium365_Receipts_Suppliers_Runner<br>Test method: Runs Cucumber Scenarios<br>Parameters: "Validate Add New Supplier Page with Mandatory Details with save button", "Verify Suppliers in Receipts tab"</td>
<td></td>
<td>43</td>
<td>com.Capium365.RunnerFiles.Capium365_Receipts_Suppliers_Runner@1757cd72</td></tr>
<tr>
<td title='com.Capium365.RunnerFiles.Capium365_Receipts_Receipts_Runner.runScenario()'><b>runScenario</b><br>Test class: com.Capium365.RunnerFiles.Capium365_Receipts_Receipts_Runner<br>Test method: Runs Cucumber Scenarios<br>Parameters: "Edit selected invoice using Bulk Edit", "Receipts"</td>
<td></td>
<td>60</td>
<td>com.Capium365.RunnerFiles.Capium365_Receipts_Receipts_Runner@561b6512</td></tr>
<tr>
<td title='com.Capium365.RunnerFiles.Capium365_Receipts_Suppliers_Runner.runScenario()'><b>runScenario</b><br>Test class: com.Capium365.RunnerFiles.Capium365_Receipts_Suppliers_Runner<br>Test method: Runs Cucumber Scenarios<br>Parameters: "Validate GotoPage inSupplier Screen", "Verify Suppliers in Receipts tab"</td>
<td></td>
<td>38</td>
<td>com.Capium365.RunnerFiles.Capium365_Receipts_Suppliers_Runner@1757cd72</td></tr>
<tr>
<td title='com.Capium365.RunnerFiles.Capium365_Dashboard_Runner.runScenario()'><b>runScenario</b><br>Test class: com.Capium365.RunnerFiles.Capium365_Dashboard_Runner<br>Test method: Runs Cucumber Scenarios<br>Parameters: "Select a different theme color "Sky Blue"", "Dashboard Chart Validation"</td>
<td></td>
<td>35</td>
<td>com.Capium365.RunnerFiles.Capium365_Dashboard_Runner@8c3b9d</td></tr>
<tr>
<td title='com.Capium365.RunnerFiles.Capium365_Users_Runner.runScenario()'><b>runScenario</b><br>Test class: com.Capium365.RunnerFiles.Capium365_Users_Runner<br>Test method: Runs Cucumber Scenarios<br>Parameters: "Validate edit icon in the row", "Validate users tab"</td>
<td></td>
<td>44</td>
<td>com.Capium365.RunnerFiles.Capium365_Users_Runner@26b3fd41</td></tr>
<tr>
<td title='com.Capium365.RunnerFiles.Capium365_Dashboard_Runner.runScenario()'><b>runScenario</b><br>Test class: com.Capium365.RunnerFiles.Capium365_Dashboard_Runner<br>Test method: Runs Cucumber Scenarios<br>Parameters: "Validate Invoice dashboard chart for 'Time Filter'", "Dashboard Chart Validation"</td>
<td></td>
<td>62</td>
<td>com.Capium365.RunnerFiles.Capium365_Dashboard_Runner@8c3b9d</td></tr>
<tr>
<td title='com.Capium365.RunnerFiles.Capium365_Dashboard_Runner.runScenario()'><b>runScenario</b><br>Test class: com.Capium365.RunnerFiles.Capium365_Dashboard_Runner<br>Test method: Runs Cucumber Scenarios<br>Parameters: "Filter Activity by "All Invoices"", "Dashboard Chart Validation"</td>
<td></td>
<td>67</td>
<td>com.Capium365.RunnerFiles.Capium365_Dashboard_Runner@8c3b9d</td></tr>
<tr>
<td title='com.Capium365.RunnerFiles.Capium365_Dashboard_Runner.runScenario()'><b>runScenario</b><br>Test class: com.Capium365.RunnerFiles.Capium365_Dashboard_Runner<br>Test method: Runs Cucumber Scenarios<br>Parameters: "Select a different theme color "Yellow"", "Dashboard Chart Validation"</td>
<td></td>
<td>35</td>
<td>com.Capium365.RunnerFiles.Capium365_Dashboard_Runner@8c3b9d</td></tr>
<tr>
<td title='com.Capium365.RunnerFiles.Capium365_Dashboard_Runner.runScenario()'><b>runScenario</b><br>Test class: com.Capium365.RunnerFiles.Capium365_Dashboard_Runner<br>Test method: Runs Cucumber Scenarios<br>Parameters: "User selects each account from the dropdown and verifies transaction data", "Dashboard Chart Validation"</td>
<td></td>
<td>47</td>
<td>com.Capium365.RunnerFiles.Capium365_Dashboard_Runner@8c3b9d</td></tr>
<tr>
<td title='com.Capium365.RunnerFiles.Capium365_Dashboard_Runner.runScenario()'><b>runScenario</b><br>Test class: com.Capium365.RunnerFiles.Capium365_Dashboard_Runner<br>Test method: Runs Cucumber Scenarios<br>Parameters: "Close profile popup by clicking outside", "Dashboard Chart Validation"</td>
<td></td>
<td>46</td>
<td>com.Capium365.RunnerFiles.Capium365_Dashboard_Runner@8c3b9d</td></tr>
<tr>
<td title='com.Capium365.RunnerFiles.Capium365_Receipts_Suppliers_Runner.runScenario()'><b>runScenario</b><br>Test class: com.Capium365.RunnerFiles.Capium365_Receipts_Suppliers_Runner<br>Test method: Runs Cucumber Scenarios<br>Parameters: "Validate  CrossButton in Edit Supplier History Tab", "Verify Suppliers in Receipts tab"</td>
<td></td>
<td>41</td>
<td>com.Capium365.RunnerFiles.Capium365_Receipts_Suppliers_Runner@1757cd72</td></tr>
<tr>
<td title='com.Capium365.RunnerFiles.Capium365_Dashboard_Runner.runScenario()'><b>runScenario</b><br>Test class: com.Capium365.RunnerFiles.Capium365_Dashboard_Runner<br>Test method: Runs Cucumber Scenarios<br>Parameters: "Select a different theme color "Purple"", "Dashboard Chart Validation"</td>
<td></td>
<td>35</td>
<td>com.Capium365.RunnerFiles.Capium365_Dashboard_Runner@8c3b9d</td></tr>
<tr>
<td title='com.Capium365.RunnerFiles.Capium365_Receipts_CreditNotes_Runner.runScenario()'><b>runScenario</b><br>Test class: com.Capium365.RunnerFiles.Capium365_Receipts_CreditNotes_Runner<br>Test method: Runs Cucumber Scenarios<br>Parameters: "Validate Suplier Dropdown in Edit Purchase CreditNote Page", "Capium365 Receipts under Credit Notes"</td>
<td></td>
<td>67</td>
<td>com.Capium365.RunnerFiles.Capium365_Receipts_CreditNotes_Runner@2e377400</td></tr>
<tr>
<td title='com.Capium365.RunnerFiles.Capium365_Receipts_CreditNotes_Runner.runScenario()'><b>runScenario</b><br>Test class: com.Capium365.RunnerFiles.Capium365_Receipts_CreditNotes_Runner<br>Test method: Runs Cucumber Scenarios<br>Parameters: "Validate VATRate Dropdown in Settings popup", "Capium365 Receipts under Credit Notes"</td>
<td></td>
<td>71</td>
<td>com.Capium365.RunnerFiles.Capium365_Receipts_CreditNotes_Runner@2e377400</td></tr>
<tr>
<td title='com.Capium365.RunnerFiles.Capium365_Receipts_Receipts_Runner.runScenario()'><b>runScenario</b><br>Test class: com.Capium365.RunnerFiles.Capium365_Receipts_Receipts_Runner<br>Test method: Runs Cucumber Scenarios<br>Parameters: "Action panel should appear on selecting a row checkbox", "Receipts"</td>
<td></td>
<td>51</td>
<td>com.Capium365.RunnerFiles.Capium365_Receipts_Receipts_Runner@561b6512</td></tr>
<tr>
<td title='com.Capium365.RunnerFiles.Capium365_Receipts_Suppliers_Runner.runScenario()'><b>runScenario</b><br>Test class: com.Capium365.RunnerFiles.Capium365_Receipts_Suppliers_Runner<br>Test method: Runs Cucumber Scenarios<br>Parameters: "Validate Cross button in Add New Supplier Page", "Verify Suppliers in Receipts tab"</td>
<td></td>
<td>40</td>
<td>com.Capium365.RunnerFiles.Capium365_Receipts_Suppliers_Runner@1757cd72</td></tr>
<tr>
<td title='com.Capium365.RunnerFiles.Capium365_Receipts_PurchaseInvoice_Runner.runScenario()'><b>runScenario</b><br>Test class: com.Capium365.RunnerFiles.Capium365_Receipts_PurchaseInvoice_Runner<br>Test method: Runs Cucumber Scenarios<br>Parameters: "Validate Confirm Delete No button in Popup", "Validating Purchase Invoice under Receipts tab"</td>
<td></td>
<td>60</td>
<td>com.Capium365.RunnerFiles.Capium365_Receipts_PurchaseInvoice_Runner@7494f96a</td></tr>
<tr>
<td title='com.Capium365.RunnerFiles.Capium365_Receipts_Suppliers_Runner.runScenario()'><b>runScenario</b><br>Test class: com.Capium365.RunnerFiles.Capium365_Receipts_Suppliers_Runner<br>Test method: Runs Cucumber Scenarios<br>Parameters: "Validate MousehoverEditIcon with No button", "Verify Suppliers in Receipts tab"</td>
<td></td>
<td>49</td>
<td>com.Capium365.RunnerFiles.Capium365_Receipts_Suppliers_Runner@1757cd72</td></tr>
<tr>
<td title='com.Capium365.RunnerFiles.Capium365_Receipts_Suppliers_Runner.runScenario()'><b>runScenario</b><br>Test class: com.Capium365.RunnerFiles.Capium365_Receipts_Suppliers_Runner<br>Test method: Runs Cucumber Scenarios<br>Parameters: "Validating Export from Footer", "Verify Suppliers in Receipts tab"</td>
<td></td>
<td>41</td>
<td>com.Capium365.RunnerFiles.Capium365_Receipts_Suppliers_Runner@1757cd72</td></tr>
<tr>
<td title='com.Capium365.RunnerFiles.Capium365_Receipts_Receipts_Runner.runScenario()'><b>runScenario</b><br>Test class: com.Capium365.RunnerFiles.Capium365_Receipts_Receipts_Runner<br>Test method: Runs Cucumber Scenarios<br>Parameters: "Receipts under receipts", "Receipts"</td>
<td></td>
<td>54</td>
<td>com.Capium365.RunnerFiles.Capium365_Receipts_Receipts_Runner@561b6512</td></tr>
<tr>
<td title='com.Capium365.RunnerFiles.Capium365_Receipts_Suppliers_Runner.runScenario()'><b>runScenario</b><br>Test class: com.Capium365.RunnerFiles.Capium365_Receipts_Suppliers_Runner<br>Test method: Runs Cucumber Scenarios<br>Parameters: "Validate Edit Supplier with Supplier Name with save and Exit button", "Verify Suppliers in Receipts tab"</td>
<td></td>
<td>42</td>
<td>com.Capium365.RunnerFiles.Capium365_Receipts_Suppliers_Runner@1757cd72</td></tr>
<tr>
<td title='com.Capium365.RunnerFiles.Capium365_Receipts_Suppliers_Runner.runScenario()'><b>runScenario</b><br>Test class: com.Capium365.RunnerFiles.Capium365_Receipts_Suppliers_Runner<br>Test method: Runs Cucumber Scenarios<br>Parameters: "Validate MousehoverEditIcon", "Verify Suppliers in Receipts tab"</td>
<td></td>
<td>50</td>
<td>com.Capium365.RunnerFiles.Capium365_Receipts_Suppliers_Runner@1757cd72</td></tr>
<tr>
<td title='com.Capium365.RunnerFiles.Capium365_Dashboard_Runner.runScenario()'><b>runScenario</b><br>Test class: com.Capium365.RunnerFiles.Capium365_Dashboard_Runner<br>Test method: Runs Cucumber Scenarios<br>Parameters: "Default filter selection on Activity tab", "Dashboard Chart Validation"</td>
<td></td>
<td>43</td>
<td>com.Capium365.RunnerFiles.Capium365_Dashboard_Runner@8c3b9d</td></tr>
<tr>
<td title='com.Capium365.RunnerFiles.Capium365_Receipts_CreditNotes_Runner.runScenario()'><b>runScenario</b><br>Test class: com.Capium365.RunnerFiles.Capium365_Receipts_CreditNotes_Runner<br>Test method: Runs Cucumber Scenarios<br>Parameters: "Validate Three dot in CreditNote MainGrid History Button", "Capium365 Receipts under Credit Notes"</td>
<td></td>
<td>48</td>
<td>com.Capium365.RunnerFiles.Capium365_Receipts_CreditNotes_Runner@2e377400</td></tr>
<tr>
<td title='com.Capium365.RunnerFiles.Capium365_Receipts_CreditNotes_Runner.runScenario()'><b>runScenario</b><br>Test class: com.Capium365.RunnerFiles.Capium365_Receipts_CreditNotes_Runner<br>Test method: Runs Cucumber Scenarios<br>Parameters: "Verify UploadCreditNotes button MainGrid", "Capium365 Receipts under Credit Notes"</td>
<td></td>
<td>72</td>
<td>com.Capium365.RunnerFiles.Capium365_Receipts_CreditNotes_Runner@2e377400</td></tr>
<tr>
<td title='com.Capium365.RunnerFiles.Capium365_Dashboard_Runner.runScenario()'><b>runScenario</b><br>Test class: com.Capium365.RunnerFiles.Capium365_Dashboard_Runner<br>Test method: Runs Cucumber Scenarios<br>Parameters: "Select a different theme color "Red"", "Dashboard Chart Validation"</td>
<td></td>
<td>35</td>
<td>com.Capium365.RunnerFiles.Capium365_Dashboard_Runner@8c3b9d</td></tr>
<tr>
<td title='com.Capium365.RunnerFiles.Capium365_Receipts_CreditNotes_Runner.runScenario()'><b>runScenario</b><br>Test class: com.Capium365.RunnerFiles.Capium365_Receipts_CreditNotes_Runner<br>Test method: Runs Cucumber Scenarios<br>Parameters: "Validate Confirm Archive button in CreditNote", "Capium365 Receipts under Credit Notes"</td>
<td></td>
<td>44</td>
<td>com.Capium365.RunnerFiles.Capium365_Receipts_CreditNotes_Runner@2e377400</td></tr>
<tr>
<td title='com.Capium365.RunnerFiles.Capium365_Receipts_Receipts_Runner.runScenario()'><b>runScenario</b><br>Test class: com.Capium365.RunnerFiles.Capium365_Receipts_Receipts_Runner<br>Test method: Runs Cucumber Scenarios<br>Parameters: "User clicks the Delete button for a receipt", "Receipts"</td>
<td></td>
<td>52</td>
<td>com.Capium365.RunnerFiles.Capium365_Receipts_Receipts_Runner@561b6512</td></tr>
<tr>
<td title='com.Capium365.RunnerFiles.Capium365_Receipts_Suppliers_Runner.runScenario()'><b>runScenario</b><br>Test class: com.Capium365.RunnerFiles.Capium365_Receipts_Suppliers_Runner<br>Test method: Runs Cucumber Scenarios<br>Parameters: "Validate VAT Rate Dropdown Edit Supplier Page", "Verify Suppliers in Receipts tab"</td>
<td></td>
<td>58</td>
<td>com.Capium365.RunnerFiles.Capium365_Receipts_Suppliers_Runner@1757cd72</td></tr>
<tr>
<td title='com.Capium365.RunnerFiles.Capium365_Receipts_Suppliers_Runner.runScenario()'><b>runScenario</b><br>Test class: com.Capium365.RunnerFiles.Capium365_Receipts_Suppliers_Runner<br>Test method: Runs Cucumber Scenarios<br>Parameters: "Validate Add Supplier Page", "Verify Suppliers in Receipts tab"</td>
<td></td>
<td>38</td>
<td>com.Capium365.RunnerFiles.Capium365_Receipts_Suppliers_Runner@1757cd72</td></tr>
<tr>
<td title='com.Capium365.RunnerFiles.Capium365_Receipts_Suppliers_Runner.runScenario()'><b>runScenario</b><br>Test class: com.Capium365.RunnerFiles.Capium365_Receipts_Suppliers_Runner<br>Test method: Runs Cucumber Scenarios<br>Parameters: "Validating Footer Cancel button", "Verify Suppliers in Receipts tab"</td>
<td></td>
<td>40</td>
<td>com.Capium365.RunnerFiles.Capium365_Receipts_Suppliers_Runner@1757cd72</td></tr>
<tr>
<td title='com.Capium365.RunnerFiles.Capium365_Receipts_CreditNotes_Runner.runScenario()'><b>runScenario</b><br>Test class: com.Capium365.RunnerFiles.Capium365_Receipts_CreditNotes_Runner<br>Test method: Runs Cucumber Scenarios<br>Parameters: "Valdidate Duplicate popup", "Capium365 Receipts under Credit Notes"</td>
<td></td>
<td>91</td>
<td>com.Capium365.RunnerFiles.Capium365_Receipts_CreditNotes_Runner@2e377400</td></tr>
<tr>
<td title='com.Capium365.RunnerFiles.Capium365_Users_Runner.runScenario()'><b>runScenario</b><br>Test class: com.Capium365.RunnerFiles.Capium365_Users_Runner<br>Test method: Runs Cucumber Scenarios<br>Parameters: "Validate Ckeck box", "Validate users tab"</td>
<td></td>
<td>37</td>
<td>com.Capium365.RunnerFiles.Capium365_Users_Runner@26b3fd41</td></tr>
<tr>
<td title='com.Capium365.RunnerFiles.Capium365_Users_Runner.runScenario()'><b>runScenario</b><br>Test class: com.Capium365.RunnerFiles.Capium365_Users_Runner<br>Test method: Runs Cucumber Scenarios<br>Parameters: "Validate add user button with unmandatory fields", "Validate users tab"</td>
<td></td>
<td>54</td>
<td>com.Capium365.RunnerFiles.Capium365_Users_Runner@26b3fd41</td></tr>
<tr>
<td title='com.Capium365.RunnerFiles.Capium365_Receipts_Receipts_Runner.runScenario()'><b>runScenario</b><br>Test class: com.Capium365.RunnerFiles.Capium365_Receipts_Receipts_Runner<br>Test method: Runs Cucumber Scenarios<br>Parameters: "User clicks the View button for a receipt", "Receipts"</td>
<td></td>
<td>43</td>
<td>com.Capium365.RunnerFiles.Capium365_Receipts_Receipts_Runner@561b6512</td></tr>
<tr>
<td title='com.Capium365.RunnerFiles.Capium365_Receipts_CreditNotes_Runner.runScenario()'><b>runScenario</b><br>Test class: com.Capium365.RunnerFiles.Capium365_Receipts_CreditNotes_Runner<br>Test method: Runs Cucumber Scenarios<br>Parameters: "Validate GotoPage Purchase CreditNote Screen", "Capium365 Receipts under Credit Notes"</td>
<td></td>
<td>39</td>
<td>com.Capium365.RunnerFiles.Capium365_Receipts_CreditNotes_Runner@2e377400</td></tr>
<tr>
<td title='com.Capium365.RunnerFiles.Capium365_Receipts_CreditNotes_Runner.runScenario()'><b>runScenario</b><br>Test class: com.Capium365.RunnerFiles.Capium365_Receipts_CreditNotes_Runner<br>Test method: Runs Cucumber Scenarios<br>Parameters: "Validate Process Duplicate Upload popup with Yes button", "Capium365 Receipts under Credit Notes"</td>
<td></td>
<td>87</td>
<td>com.Capium365.RunnerFiles.Capium365_Receipts_CreditNotes_Runner@2e377400</td></tr>
<tr>
<td title='com.Capium365.RunnerFiles.Capium365_Receipts_Suppliers_Runner.runScenario()'><b>runScenario</b><br>Test class: com.Capium365.RunnerFiles.Capium365_Receipts_Suppliers_Runner<br>Test method: Runs Cucumber Scenarios<br>Parameters: "Validate Click on Suppliers Menu", "Verify Suppliers in Receipts tab"</td>
<td></td>
<td>39</td>
<td>com.Capium365.RunnerFiles.Capium365_Receipts_Suppliers_Runner@1757cd72</td></tr>
<tr>
<td title='com.Capium365.RunnerFiles.Capium365_Receipts_CreditNotes_Runner.runScenario()'><b>runScenario</b><br>Test class: com.Capium365.RunnerFiles.Capium365_Receipts_CreditNotes_Runner<br>Test method: Runs Cucumber Scenarios<br>Parameters: "Validate Confirm Restore button in CreditNote", "Capium365 Receipts under Credit Notes"</td>
<td></td>
<td>53</td>
<td>com.Capium365.RunnerFiles.Capium365_Receipts_CreditNotes_Runner@2e377400</td></tr>
<tr>
<td title='com.Capium365.RunnerFiles.Capium365_Receipts_CreditNotes_Runner.runScenario()'><b>runScenario</b><br>Test class: com.Capium365.RunnerFiles.Capium365_Receipts_CreditNotes_Runner<br>Test method: Runs Cucumber Scenarios<br>Parameters: "Verify All Status Dropdown", "Capium365 Receipts under Credit Notes"</td>
<td></td>
<td>66</td>
<td>com.Capium365.RunnerFiles.Capium365_Receipts_CreditNotes_Runner@2e377400</td></tr>
<tr>
<td title='com.Capium365.RunnerFiles.Capium365_Users_Runner.runScenario()'><b>runScenario</b><br>Test class: com.Capium365.RunnerFiles.Capium365_Users_Runner<br>Test method: Runs Cucumber Scenarios<br>Parameters: "Validate add user button with mandatory fields", "Validate users tab"</td>
<td></td>
<td>39</td>
<td>com.Capium365.RunnerFiles.Capium365_Users_Runner@26b3fd41</td></tr>
<tr>
<td title='com.Capium365.RunnerFiles.Capium365_Receipts_Suppliers_Runner.runScenario()'><b>runScenario</b><br>Test class: com.Capium365.RunnerFiles.Capium365_Receipts_Suppliers_Runner<br>Test method: Runs Cucumber Scenarios<br>Parameters: "Validate NextButton Supplier Menu", "Verify Suppliers in Receipts tab"</td>
<td></td>
<td>38</td>
<td>com.Capium365.RunnerFiles.Capium365_Receipts_Suppliers_Runner@1757cd72</td></tr>
<tr>
<td title='com.Capium365.RunnerFiles.Capium365_Receipts_CreditNotes_Runner.runScenario()'><b>runScenario</b><br>Test class: com.Capium365.RunnerFiles.Capium365_Receipts_CreditNotes_Runner<br>Test method: Runs Cucumber Scenarios<br>Parameters: "Validate Three dot in CreditNote MainGrid", "Capium365 Receipts under Credit Notes"</td>
<td></td>
<td>43</td>
<td>com.Capium365.RunnerFiles.Capium365_Receipts_CreditNotes_Runner@2e377400</td></tr>
<tr>
<td title='com.Capium365.RunnerFiles.Capium365_Dashboard_Runner.runScenario()'><b>runScenario</b><br>Test class: com.Capium365.RunnerFiles.Capium365_Dashboard_Runner<br>Test method: Runs Cucumber Scenarios<br>Parameters: "Verify Top Account Names "<Time Filter>" donut chart displays correct data for selected time filter", "Dashboard Chart Validation"</td>
<td></td>
<td>175</td>
<td>com.Capium365.RunnerFiles.Capium365_Dashboard_Runner@8c3b9d</td></tr>
<tr>
<td title='com.Capium365.RunnerFiles.Capium365_Receipts_Suppliers_Runner.runScenario()'><b>runScenario</b><br>Test class: com.Capium365.RunnerFiles.Capium365_Receipts_Suppliers_Runner<br>Test method: Runs Cucumber Scenarios<br>Parameters: "Validate History Tab in Edit Supplier Page", "Verify Suppliers in Receipts tab"</td>
<td></td>
<td>49</td>
<td>com.Capium365.RunnerFiles.Capium365_Receipts_Suppliers_Runner@1757cd72</td></tr>
<tr>
<td title='com.Capium365.RunnerFiles.Capium365_Receipts_Suppliers_Runner.runScenario()'><b>runScenario</b><br>Test class: com.Capium365.RunnerFiles.Capium365_Receipts_Suppliers_Runner<br>Test method: Runs Cucumber Scenarios<br>Parameters: "Validate search bar", "Verify Suppliers in Receipts tab"</td>
<td></td>
<td>38</td>
<td>com.Capium365.RunnerFiles.Capium365_Receipts_Suppliers_Runner@1757cd72</td></tr>
<tr>
<td title='com.Capium365.RunnerFiles.Capium365_BankTab_Runner.runScenario()'><b>runScenario</b><br>Test class: com.Capium365.RunnerFiles.Capium365_BankTab_Runner<br>Test method: Runs Cucumber Scenarios<br>Parameters: "Verify refresh account", "Validate bank tab"</td>
<td></td>
<td>34</td>
<td>com.Capium365.RunnerFiles.Capium365_BankTab_Runner@192c3f1e</td></tr>
<tr>
<td title='com.Capium365.RunnerFiles.Capium365_Dashboard_Runner.runScenario()'><b>runScenario</b><br>Test class: com.Capium365.RunnerFiles.Capium365_Dashboard_Runner<br>Test method: Runs Cucumber Scenarios<br>Parameters: "Validate Transactions dashboard chart for 'This Year'", "Dashboard Chart Validation"</td>
<td></td>
<td>80</td>
<td>com.Capium365.RunnerFiles.Capium365_Dashboard_Runner@8c3b9d</td></tr>
<tr>
<td title='com.Capium365.RunnerFiles.Capium365_Receipts_CreditNotes_Runner.runScenario()'><b>runScenario</b><br>Test class: com.Capium365.RunnerFiles.Capium365_Receipts_CreditNotes_Runner<br>Test method: Runs Cucumber Scenarios<br>Parameters: "Validate Confirm Delete button in CreditNote", "Capium365 Receipts under Credit Notes"</td>
<td></td>
<td>50</td>
<td>com.Capium365.RunnerFiles.Capium365_Receipts_CreditNotes_Runner@2e377400</td></tr>
<tr>
<td title='com.Capium365.RunnerFiles.Capium365_BankTab_Runner.runScenario()'><b>runScenario</b><br>Test class: com.Capium365.RunnerFiles.Capium365_BankTab_Runner<br>Test method: Runs Cucumber Scenarios<br>Parameters: "Validate previous arrow", "Validate bank tab"</td>
<td></td>
<td>36</td>
<td>com.Capium365.RunnerFiles.Capium365_BankTab_Runner@192c3f1e</td></tr>
<tr>
<td title='com.Capium365.RunnerFiles.Capium365_Dashboard_Runner.runScenario()'><b>runScenario</b><br>Test class: com.Capium365.RunnerFiles.Capium365_Dashboard_Runner<br>Test method: Runs Cucumber Scenarios<br>Parameters: "Open profile popup", "Dashboard Chart Validation"</td>
<td></td>
<td>38</td>
<td>com.Capium365.RunnerFiles.Capium365_Dashboard_Runner@8c3b9d</td></tr>
<tr>
<td title='com.Capium365.RunnerFiles.Capium365_Dashboard_Runner.runScenario()'><b>runScenario</b><br>Test class: com.Capium365.RunnerFiles.Capium365_Dashboard_Runner<br>Test method: Runs Cucumber Scenarios<br>Parameters: "Add a new support ticket", "Dashboard Chart Validation"</td>
<td></td>
<td>49</td>
<td>com.Capium365.RunnerFiles.Capium365_Dashboard_Runner@8c3b9d</td></tr>
<tr>
<td title='com.Capium365.RunnerFiles.Capium365_BankTab_Runner.runScenario()'><b>runScenario</b><br>Test class: com.Capium365.RunnerFiles.Capium365_BankTab_Runner<br>Test method: Runs Cucumber Scenarios<br>Parameters: "Validate bank tab", "Validate bank tab"</td>
<td></td>
<td>43</td>
<td>com.Capium365.RunnerFiles.Capium365_BankTab_Runner@192c3f1e</td></tr>
<tr>
<td title='com.Capium365.RunnerFiles.Capium365_Users_Runner.runScenario()'><b>runScenario</b><br>Test class: com.Capium365.RunnerFiles.Capium365_Users_Runner<br>Test method: Runs Cucumber Scenarios<br>Parameters: "Validate Export to excel", "Validate users tab"</td>
<td></td>
<td>40</td>
<td>com.Capium365.RunnerFiles.Capium365_Users_Runner@26b3fd41</td></tr>
<tr>
<td title='com.Capium365.RunnerFiles.Capium365_Receipts_CreditNotes_Runner.runScenario()'><b>runScenario</b><br>Test class: com.Capium365.RunnerFiles.Capium365_Receipts_CreditNotes_Runner<br>Test method: Runs Cucumber Scenarios<br>Parameters: "Validate PreviousButton Purchase CreditNote Menu", "Capium365 Receipts under Credit Notes"</td>
<td></td>
<td>41</td>
<td>com.Capium365.RunnerFiles.Capium365_Receipts_CreditNotes_Runner@2e377400</td></tr>
<tr>
<td title='com.Capium365.RunnerFiles.Capium365_Receipts_Suppliers_Runner.runScenario()'><b>runScenario</b><br>Test class: com.Capium365.RunnerFiles.Capium365_Receipts_Suppliers_Runner<br>Test method: Runs Cucumber Scenarios<br>Parameters: "Validate VAT Rate Dropdown Add New Supplier Page", "Verify Suppliers in Receipts tab"</td>
<td></td>
<td>60</td>
<td>com.Capium365.RunnerFiles.Capium365_Receipts_Suppliers_Runner@1757cd72</td></tr>
<tr>
<td title='com.Capium365.RunnerFiles.Capium365_Receipts_Suppliers_Runner.runScenario()'><b>runScenario</b><br>Test class: com.Capium365.RunnerFiles.Capium365_Receipts_Suppliers_Runner<br>Test method: Runs Cucumber Scenarios<br>Parameters: "Validate Edit Supplier with Supplier Name with save button", "Verify Suppliers in Receipts tab"</td>
<td></td>
<td>42</td>
<td>com.Capium365.RunnerFiles.Capium365_Receipts_Suppliers_Runner@1757cd72</td></tr>
<tr>
<td title='com.Capium365.RunnerFiles.Capium365_Dashboard_Runner.runScenario()'><b>runScenario</b><br>Test class: com.Capium365.RunnerFiles.Capium365_Dashboard_Runner<br>Test method: Runs Cucumber Scenarios<br>Parameters: "Verify Top Earners "<Time Filter>" donut chart displays correct data for selected time filter", "Dashboard Chart Validation"</td>
<td></td>
<td>59</td>
<td>com.Capium365.RunnerFiles.Capium365_Dashboard_Runner@8c3b9d</td></tr>
<tr>
<td title='com.Capium365.RunnerFiles.Capium365_Receipts_Suppliers_Runner.runScenario()'><b>runScenario</b><br>Test class: com.Capium365.RunnerFiles.Capium365_Receipts_Suppliers_Runner<br>Test method: Runs Cucumber Scenarios<br>Parameters: "Validate Export Functionlity in the Main Grid", "Verify Suppliers in Receipts tab"</td>
<td></td>
<td>46</td>
<td>com.Capium365.RunnerFiles.Capium365_Receipts_Suppliers_Runner@1757cd72</td></tr>
<tr>
<td title='com.Capium365.RunnerFiles.Capium365_Receipts_Receipts_Runner.runScenario()'><b>runScenario</b><br>Test class: com.Capium365.RunnerFiles.Capium365_Receipts_Receipts_Runner<br>Test method: Runs Cucumber Scenarios<br>Parameters: "Validate invoices filtered by "<Status>" match the displayed count", "Receipts"</td>
<td></td>
<td>117</td>
<td>com.Capium365.RunnerFiles.Capium365_Receipts_Receipts_Runner@561b6512</td></tr>
<tr>
<td title='com.Capium365.RunnerFiles.Capium365_Receipts_Suppliers_Runner.runScenario()'><b>runScenario</b><br>Test class: com.Capium365.RunnerFiles.Capium365_Receipts_Suppliers_Runner<br>Test method: Runs Cucumber Scenarios<br>Parameters: "Validate DateDropdown in Suppliers Main Grid", "Verify Suppliers in Receipts tab"</td>
<td></td>
<td>65</td>
<td>com.Capium365.RunnerFiles.Capium365_Receipts_Suppliers_Runner@1757cd72</td></tr>
<tr>
<td title='com.Capium365.RunnerFiles.Capium365_Receipts_CreditNotes_Runner.runScenario()'><b>runScenario</b><br>Test class: com.Capium365.RunnerFiles.Capium365_Receipts_CreditNotes_Runner<br>Test method: Runs Cucumber Scenarios<br>Parameters: "Validate SettingsIcon in Edit Purchase CreditNote Page", "Capium365 Receipts under Credit Notes"</td>
<td></td>
<td>60</td>
<td>com.Capium365.RunnerFiles.Capium365_Receipts_CreditNotes_Runner@2e377400</td></tr>
<tr>
<td title='com.Capium365.RunnerFiles.Capium365_Receipts_Receipts_Runner.runScenario()'><b>runScenario</b><br>Test class: com.Capium365.RunnerFiles.Capium365_Receipts_Receipts_Runner<br>Test method: Runs Cucumber Scenarios<br>Parameters: "User clicks on three dots for a receipt and selects history option", "Receipts"</td>
<td></td>
<td>47</td>
<td>com.Capium365.RunnerFiles.Capium365_Receipts_Receipts_Runner@561b6512</td></tr>
<tr>
<td title='com.Capium365.RunnerFiles.Capium365_Receipts_Receipts_Runner.runScenario()'><b>runScenario</b><br>Test class: com.Capium365.RunnerFiles.Capium365_Receipts_Receipts_Runner<br>Test method: Runs Cucumber Scenarios<br>Parameters: "Restore an archived invoice", "Receipts"</td>
<td></td>
<td>61</td>
<td>com.Capium365.RunnerFiles.Capium365_Receipts_Receipts_Runner@561b6512</td></tr>
<tr>
<td title='com.Capium365.RunnerFiles.Capium365_Receipts_Suppliers_Runner.runScenario()'><b>runScenario</b><br>Test class: com.Capium365.RunnerFiles.Capium365_Receipts_Suppliers_Runner<br>Test method: Runs Cucumber Scenarios<br>Parameters: "Validate Add New Supplier Page with Mandatory Details with save and Exit button", "Verify Suppliers in Receipts tab"</td>
<td></td>
<td>42</td>
<td>com.Capium365.RunnerFiles.Capium365_Receipts_Suppliers_Runner@1757cd72</td></tr>
<tr>
<td title='com.Capium365.RunnerFiles.Capium365_Receipts_CreditNotes_Runner.runScenario()'><b>runScenario</b><br>Test class: com.Capium365.RunnerFiles.Capium365_Receipts_CreditNotes_Runner<br>Test method: Runs Cucumber Scenarios<br>Parameters: "Verify Date Dropdown", "Capium365 Receipts under Credit Notes"</td>
<td></td>
<td>66</td>
<td>com.Capium365.RunnerFiles.Capium365_Receipts_CreditNotes_Runner@2e377400</td></tr>
<tr>
<td title='com.Capium365.RunnerFiles.Capium365_Receipts_Receipts_Runner.runScenario()'><b>runScenario</b><br>Test class: com.Capium365.RunnerFiles.Capium365_Receipts_Receipts_Runner<br>Test method: Runs Cucumber Scenarios<br>Parameters: "User clicks the Edit button for a receipt", "Receipts"</td>
<td></td>
<td>42</td>
<td>com.Capium365.RunnerFiles.Capium365_Receipts_Receipts_Runner@561b6512</td></tr>
<tr>
<td title='com.Capium365.RunnerFiles.Capium365_Receipts_Suppliers_Runner.runScenario()'><b>runScenario</b><br>Test class: com.Capium365.RunnerFiles.Capium365_Receipts_Suppliers_Runner<br>Test method: Runs Cucumber Scenarios<br>Parameters: "Validate PreviousButton Supplier Menu", "Verify Suppliers in Receipts tab"</td>
<td></td>
<td>39</td>
<td>com.Capium365.RunnerFiles.Capium365_Receipts_Suppliers_Runner@1757cd72</td></tr>
<tr>
<td title='com.Capium365.RunnerFiles.Capium365_Dashboard_Runner.runScenario()'><b>runScenario</b><br>Test class: com.Capium365.RunnerFiles.Capium365_Dashboard_Runner<br>Test method: Runs Cucumber Scenarios<br>Parameters: "Verify Expenses "<Time Filter>" Flow donut chart displays correct data for selected time filter", "Dashboard Chart Validation"</td>
<td></td>
<td>58</td>
<td>com.Capium365.RunnerFiles.Capium365_Dashboard_Runner@8c3b9d</td></tr>
<tr>
<td title='com.Capium365.RunnerFiles.Capium365_Dashboard_Runner.runScenario()'><b>runScenario</b><br>Test class: com.Capium365.RunnerFiles.Capium365_Dashboard_Runner<br>Test method: Runs Cucumber Scenarios<br>Parameters: "Click + and Select "Invoices"", "Dashboard Chart Validation"</td>
<td></td>
<td>106</td>
<td>com.Capium365.RunnerFiles.Capium365_Dashboard_Runner@8c3b9d</td></tr>
<tr>
<td title='com.Capium365.RunnerFiles.Capium365_Receipts_Suppliers_Runner.runScenario()'><b>runScenario</b><br>Test class: com.Capium365.RunnerFiles.Capium365_Receipts_Suppliers_Runner<br>Test method: Runs Cucumber Scenarios<br>Parameters: "Validate VAT Rate Dropdown Edit Supplier Page", "Verify Suppliers in Receipts tab"</td>
<td></td>
<td>80</td>
<td>com.Capium365.RunnerFiles.Capium365_Receipts_Suppliers_Runner@1757cd72</td></tr>
<tr>
<td title='com.Capium365.RunnerFiles.Capium365_Users_Runner.runScenario()'><b>runScenario</b><br>Test class: com.Capium365.RunnerFiles.Capium365_Users_Runner<br>Test method: Runs Cucumber Scenarios<br>Parameters: "Validate status dropdown", "Validate users tab"</td>
<td></td>
<td>47</td>
<td>com.Capium365.RunnerFiles.Capium365_Users_Runner@26b3fd41</td></tr>
<tr>
<td title='com.Capium365.RunnerFiles.Capium365_Receipts_Receipts_Runner.runScenario()'><b>runScenario</b><br>Test class: com.Capium365.RunnerFiles.Capium365_Receipts_Receipts_Runner<br>Test method: Runs Cucumber Scenarios<br>Parameters: "Validate Export functionality in Receipts Tab", "Receipts"</td>
<td></td>
<td>50</td>
<td>com.Capium365.RunnerFiles.Capium365_Receipts_Receipts_Runner@561b6512</td></tr>
<tr>
<td title='com.Capium365.RunnerFiles.Capium365_Users_Runner.runScenario()'><b>runScenario</b><br>Test class: com.Capium365.RunnerFiles.Capium365_Users_Runner<br>Test method: Runs Cucumber Scenarios<br>Parameters: "Validate search bar", "Validate users tab"</td>
<td></td>
<td>38</td>
<td>com.Capium365.RunnerFiles.Capium365_Users_Runner@26b3fd41</td></tr>
<tr>
<td title='com.Capium365.RunnerFiles.Capium365_BankTab_Runner.runScenario()'><b>runScenario</b><br>Test class: com.Capium365.RunnerFiles.Capium365_BankTab_Runner<br>Test method: Runs Cucumber Scenarios<br>Parameters: "Validate Export to excel", "Validate bank tab"</td>
<td></td>
<td>39</td>
<td>com.Capium365.RunnerFiles.Capium365_BankTab_Runner@192c3f1e</td></tr>
<tr>
<td title='com.Capium365.RunnerFiles.Capium365_Receipts_Receipts_Runner.runScenario()'><b>runScenario</b><br>Test class: com.Capium365.RunnerFiles.Capium365_Receipts_Receipts_Runner<br>Test method: Runs Cucumber Scenarios<br>Parameters: "Validate Upload Receipts functionality in Receipts tab", "Receipts"</td>
<td></td>
<td>75</td>
<td>com.Capium365.RunnerFiles.Capium365_Receipts_Receipts_Runner@561b6512</td></tr>
<tr>
<td title='com.Capium365.RunnerFiles.Capium365_Receipts_CreditNotes_Runner.runScenario()'><b>runScenario</b><br>Test class: com.Capium365.RunnerFiles.Capium365_Receipts_CreditNotes_Runner<br>Test method: Runs Cucumber Scenarios<br>Parameters: "Validate EditSupplier button", "Capium365 Receipts under Credit Notes"</td>
<td></td>
<td>47</td>
<td>com.Capium365.RunnerFiles.Capium365_Receipts_CreditNotes_Runner@2e377400</td></tr>
<tr>
<td title='com.Capium365.RunnerFiles.Capium365_Receipts_CreditNotes_Runner.runScenario()'><b>runScenario</b><br>Test class: com.Capium365.RunnerFiles.Capium365_Receipts_CreditNotes_Runner<br>Test method: Runs Cucumber Scenarios<br>Parameters: "Validate NextButton Purchase CreditNote Menu", "Capium365 Receipts under Credit Notes"</td>
<td></td>
<td>41</td>
<td>com.Capium365.RunnerFiles.Capium365_Receipts_CreditNotes_Runner@2e377400</td></tr>
<tr>
<td title='com.Capium365.RunnerFiles.Capium365_Receipts_CreditNotes_Runner.runScenario()'><b>runScenario</b><br>Test class: com.Capium365.RunnerFiles.Capium365_Receipts_CreditNotes_Runner<br>Test method: Runs Cucumber Scenarios<br>Parameters: "Validate cancel button in Upload CreditNotes Page", "Capium365 Receipts under Credit Notes"</td>
<td></td>
<td>57</td>
<td>com.Capium365.RunnerFiles.Capium365_Receipts_CreditNotes_Runner@2e377400</td></tr>
<tr>
<td title='com.Capium365.RunnerFiles.Capium365_Dashboard_Runner.runScenario()'><b>runScenario</b><br>Test class: com.Capium365.RunnerFiles.Capium365_Dashboard_Runner<br>Test method: Runs Cucumber Scenarios<br>Parameters: "Verify Announcement tab in dashborad", "Dashboard Chart Validation"</td>
<td></td>
<td>33</td>
<td>com.Capium365.RunnerFiles.Capium365_Dashboard_Runner@8c3b9d</td></tr>
<tr>
<td title='com.Capium365.RunnerFiles.Capium365_Receipts_CreditNotes_Runner.runScenario()'><b>runScenario</b><br>Test class: com.Capium365.RunnerFiles.Capium365_Receipts_CreditNotes_Runner<br>Test method: Runs Cucumber Scenarios<br>Parameters: "Validate No of Suppliers in CreditNotes", "Capium365 Receipts under Credit Notes"</td>
<td></td>
<td>75</td>
<td>com.Capium365.RunnerFiles.Capium365_Receipts_CreditNotes_Runner@2e377400</td></tr>
<tr>
<td title='com.Capium365.RunnerFiles.Capium365_Receipts_Suppliers_Runner.runScenario()'><b>runScenario</b><br>Test class: com.Capium365.RunnerFiles.Capium365_Receipts_Suppliers_Runner<br>Test method: Runs Cucumber Scenarios<br>Parameters: "Validate CancelChanges button Add new Supplier button", "Verify Suppliers in Receipts tab"</td>
<td></td>
<td>47</td>
<td>com.Capium365.RunnerFiles.Capium365_Receipts_Suppliers_Runner@1757cd72</td></tr>
<tr>
<td title='com.Capium365.RunnerFiles.Capium365_Dashboard_Runner.runScenario()'><b>runScenario</b><br>Test class: com.Capium365.RunnerFiles.Capium365_Dashboard_Runner<br>Test method: Runs Cucumber Scenarios<br>Parameters: "Verify activity logs are filtered correctly by time range", "Dashboard Chart Validation"</td>
<td></td>
<td>60</td>
<td>com.Capium365.RunnerFiles.Capium365_Dashboard_Runner@8c3b9d</td></tr>
<tr>
<td title='com.Capium365.RunnerFiles.Capium365_Receipts_Suppliers_Runner.runScenario()'><b>runScenario</b><br>Test class: com.Capium365.RunnerFiles.Capium365_Receipts_Suppliers_Runner<br>Test method: Runs Cucumber Scenarios<br>Parameters: "Validate MousehoverDeleteIcon", "Verify Suppliers in Receipts tab"</td>
<td></td>
<td>50</td>
<td>com.Capium365.RunnerFiles.Capium365_Receipts_Suppliers_Runner@1757cd72</td></tr>
<tr>
<td title='com.Capium365.RunnerFiles.Capium365_Dashboard_Runner.runScenario()'><b>runScenario</b><br>Test class: com.Capium365.RunnerFiles.Capium365_Dashboard_Runner<br>Test method: Runs Cucumber Scenarios<br>Parameters: "Select a different theme color "Black"", "Dashboard Chart Validation"</td>
<td></td>
<td>35</td>
<td>com.Capium365.RunnerFiles.Capium365_Dashboard_Runner@8c3b9d</td></tr>
</table><p>
</body>
</html>