<?xml version="1.0" encoding="UTF-8"?>
<!-- Generated by org.testng.reporters.JUnitReportReporter -->
<testsuite hostname="DESKTOP-3PKNHUN" failures="0" tests="47" name="com.Capium365.RunnerFiles.Capium365_Receipts_PurchaseInvoice_Runner" time="2699.385" errors="9" timestamp="2025-08-21T11:53:58 IST" skipped="0">
  <testcase classname="com.Capium365.RunnerFiles.Capium365_Receipts_PurchaseInvoice_Runner" name="runScenario" time="73.730"/>
  <testcase classname="com.Capium365.RunnerFiles.Capium365_Receipts_PurchaseInvoice_Runner" name="runScenario" time="48.050"/>
  <testcase classname="com.Capium365.RunnerFiles.Capium365_Receipts_PurchaseInvoice_Runner" name="runScenario" time="44.577"/>
  <testcase classname="com.Capium365.RunnerFiles.Capium365_Receipts_PurchaseInvoice_Runner" name="runScenario" time="37.335"/>
  <testcase classname="com.Capium365.RunnerFiles.Capium365_Receipts_PurchaseInvoice_Runner" name="runScenario" time="71.743">
    <error message="no such element: Unable to locate element: {&quot;method&quot;:&quot;xpath&quot;,&quot;selector&quot;:&quot;//h6[normalize-space()=&#039;365&#039;]&quot;}
  (Session info: chrome=139.0.7258.128)
For documentation on this error, please visit: https://www.selenium.dev/documentation/webdriver/troubleshooting/errors#no-such-element-exception
Build info: version: &#039;4.23.0&#039;, revision: &#039;4df0a231af&#039;
System info: os.name: &#039;Windows 10&#039;, os.arch: &#039;amd64&#039;, os.version: &#039;10.0&#039;, java.version: &#039;17.0.12&#039;
Driver info: org.openqa.selenium.chrome.ChromeDriver
Command: [e42172841f15646a51900cc12130bfaa, findElement {using=xpath, value=//h6[normalize-space()=&#039;365&#039;]}]
Capabilities {acceptInsecureCerts: false, browserName: chrome, browserVersion: 139.0.7258.128, chrome: {chromedriverVersion: 139.0.7258.138 (884e54ea8d4..., userDataDir: C:\Users\user\AppData\Local...}, fedcm:accounts: true, goog:chromeOptions: {debuggerAddress: localhost:59873}, networkConnectionEnabled: false, pageLoadStrategy: normal, platformName: windows, proxy: Proxy(), se:cdp: ws://localhost:59873/devtoo..., se:cdpVersion: 139.0.7258.128, setWindowRect: true, strictFileInteractability: false, timeouts: {implicit: 0, pageLoad: 300000, script: 30000}, unhandledPromptBehavior: dismiss and notify, webauthn:extension:credBlob: true, webauthn:extension:largeBlob: true, webauthn:extension:minPinLength: true, webauthn:extension:prf: true, webauthn:virtualAuthenticators: true}
Session ID: e42172841f15646a51900cc12130bfaa" type="org.openqa.selenium.NoSuchElementException">
      <![CDATA[org.openqa.selenium.NoSuchElementException: no such element: Unable to locate element: {"method":"xpath","selector":"//h6[normalize-space()='365']"}
  (Session info: chrome=139.0.7258.128)
For documentation on this error, please visit: https://www.selenium.dev/documentation/webdriver/troubleshooting/errors#no-such-element-exception
Build info: version: '4.23.0', revision: '4df0a231af'
System info: os.name: 'Windows 10', os.arch: 'amd64', os.version: '10.0', java.version: '17.0.12'
Driver info: org.openqa.selenium.chrome.ChromeDriver
Command: [e42172841f15646a51900cc12130bfaa, findElement {using=xpath, value=//h6[normalize-space()='365']}]
Capabilities {acceptInsecureCerts: false, browserName: chrome, browserVersion: 139.0.7258.128, chrome: {chromedriverVersion: 139.0.7258.138 (884e54ea8d4..., userDataDir: C:\Users\user\AppData\Local...}, fedcm:accounts: true, goog:chromeOptions: {debuggerAddress: localhost:59873}, networkConnectionEnabled: false, pageLoadStrategy: normal, platformName: windows, proxy: Proxy(), se:cdp: ws://localhost:59873/devtoo..., se:cdpVersion: 139.0.7258.128, setWindowRect: true, strictFileInteractability: false, timeouts: {implicit: 0, pageLoad: 300000, script: 30000}, unhandledPromptBehavior: dismiss and notify, webauthn:extension:credBlob: true, webauthn:extension:largeBlob: true, webauthn:extension:minPinLength: true, webauthn:extension:prf: true, webauthn:virtualAuthenticators: true}
Session ID: e42172841f15646a51900cc12130bfaa
at jdk.internal.reflect.GeneratedConstructorAccessor28.newInstance(Unknown Source)
at java.base/jdk.internal.reflect.DelegatingConstructorAccessorImpl.newInstance(DelegatingConstructorAccessorImpl.java:45)
at java.base/java.lang.reflect.Constructor.newInstanceWithCaller(Constructor.java:499)
at java.base/java.lang.reflect.Constructor.newInstance(Constructor.java:480)
at org.openqa.selenium.remote.ErrorCodec.decode(ErrorCodec.java:167)
at org.openqa.selenium.remote.codec.w3c.W3CHttpResponseCodec.decode(W3CHttpResponseCodec.java:138)
at org.openqa.selenium.remote.codec.w3c.W3CHttpResponseCodec.decode(W3CHttpResponseCodec.java:50)
at org.openqa.selenium.remote.HttpCommandExecutor.execute(HttpCommandExecutor.java:190)
at org.openqa.selenium.remote.service.DriverCommandExecutor.invokeExecute(DriverCommandExecutor.java:216)
at org.openqa.selenium.remote.service.DriverCommandExecutor.execute(DriverCommandExecutor.java:174)
at org.openqa.selenium.remote.RemoteWebDriver.execute(RemoteWebDriver.java:527)
at org.openqa.selenium.remote.ElementLocation$ElementFinder$2.findElement(ElementLocation.java:165)
at org.openqa.selenium.remote.ElementLocation.findElement(ElementLocation.java:59)
at org.openqa.selenium.remote.RemoteWebDriver.findElement(RemoteWebDriver.java:357)
at org.openqa.selenium.remote.RemoteWebDriver.findElement(RemoteWebDriver.java:351)
at com.Capium.Utilites.HelperClass.isElementPresent(HelperClass.java:237)
at com.Capium365.Actions.LoginActions.clickCapium365ClientLogin(LoginActions.java:97)
at com.Capium365.StepDefination.LoginStepDefination.click_on_capium365_client_login(LoginStepDefination.java:34)
at ✽.Click on Capium365 Client login(file:///D:/Core%20Modules/Capium365/src/test/resources/Capium365FeatureFiles/Capium365_Receipts_PurchaseInvoice.feature:6)
]]>
    </error>
  </testcase> <!-- runScenario -->
  <testcase classname="com.Capium365.RunnerFiles.Capium365_Receipts_PurchaseInvoice_Runner" name="runScenario" time="44.239"/>
  <testcase classname="com.Capium365.RunnerFiles.Capium365_Receipts_PurchaseInvoice_Runner" name="runScenario" time="46.910"/>
  <testcase classname="com.Capium365.RunnerFiles.Capium365_Receipts_PurchaseInvoice_Runner" name="runScenario" time="53.909"/>
  <testcase classname="com.Capium365.RunnerFiles.Capium365_Receipts_PurchaseInvoice_Runner" name="runScenario" time="48.394"/>
  <testcase classname="com.Capium365.RunnerFiles.Capium365_Receipts_PurchaseInvoice_Runner" name="runScenario" time="44.478"/>
  <testcase classname="com.Capium365.RunnerFiles.Capium365_Receipts_PurchaseInvoice_Runner" name="runScenario" time="100.663">
    <error message="Expected condition failed: waiting for visibility of element located by By.xpath: //span[contains(text(), &#039;Receipts&#039;)] (tried for 10 second(s) with 500 milliseconds interval)
Build info: version: &#039;4.23.0&#039;, revision: &#039;4df0a231af&#039;
System info: os.name: &#039;Windows 10&#039;, os.arch: &#039;amd64&#039;, os.version: &#039;10.0&#039;, java.version: &#039;17.0.12&#039;
Driver info: org.openqa.selenium.chrome.ChromeDriver
Capabilities {acceptInsecureCerts: false, browserName: chrome, browserVersion: 139.0.7258.128, chrome: {chromedriverVersion: 139.0.7258.138 (884e54ea8d4..., userDataDir: C:\Users\user\AppData\Local...}, fedcm:accounts: true, goog:chromeOptions: {debuggerAddress: localhost:59873}, networkConnectionEnabled: false, pageLoadStrategy: normal, platformName: windows, proxy: Proxy(), se:cdp: ws://localhost:59873/devtoo..., se:cdpVersion: 139.0.7258.128, setWindowRect: true, strictFileInteractability: false, timeouts: {implicit: 0, pageLoad: 300000, script: 30000}, unhandledPromptBehavior: dismiss and notify, webauthn:extension:credBlob: true, webauthn:extension:largeBlob: true, webauthn:extension:minPinLength: true, webauthn:extension:prf: true, webauthn:virtualAuthenticators: true}
Session ID: e42172841f15646a51900cc12130bfaa" type="org.openqa.selenium.TimeoutException">
      <![CDATA[org.openqa.selenium.TimeoutException: Expected condition failed: waiting for visibility of element located by By.xpath: //span[contains(text(), 'Receipts')] (tried for 10 second(s) with 500 milliseconds interval)
Build info: version: '4.23.0', revision: '4df0a231af'
System info: os.name: 'Windows 10', os.arch: 'amd64', os.version: '10.0', java.version: '17.0.12'
Driver info: org.openqa.selenium.chrome.ChromeDriver
Capabilities {acceptInsecureCerts: false, browserName: chrome, browserVersion: 139.0.7258.128, chrome: {chromedriverVersion: 139.0.7258.138 (884e54ea8d4..., userDataDir: C:\Users\user\AppData\Local...}, fedcm:accounts: true, goog:chromeOptions: {debuggerAddress: localhost:59873}, networkConnectionEnabled: false, pageLoadStrategy: normal, platformName: windows, proxy: Proxy(), se:cdp: ws://localhost:59873/devtoo..., se:cdpVersion: 139.0.7258.128, setWindowRect: true, strictFileInteractability: false, timeouts: {implicit: 0, pageLoad: 300000, script: 30000}, unhandledPromptBehavior: dismiss and notify, webauthn:extension:credBlob: true, webauthn:extension:largeBlob: true, webauthn:extension:minPinLength: true, webauthn:extension:prf: true, webauthn:virtualAuthenticators: true}
Session ID: e42172841f15646a51900cc12130bfaa
at org.openqa.selenium.support.ui.WebDriverWait.timeoutException(WebDriverWait.java:84)
at org.openqa.selenium.support.ui.FluentWait.until(FluentWait.java:228)
at com.Capium365.Actions.Capium365_Receipts_PurchaseInvoice_Actions.clickOnReceiptsMenu(Capium365_Receipts_PurchaseInvoice_Actions.java:36)
at com.Capium365.StepDefination.Capium365_Receipts_PurchaseInvoice_Stepdefination.click_on_receipts_menu(Capium365_Receipts_PurchaseInvoice_Stepdefination.java:21)
at ✽.Click on Receipts Menu(file:///D:/Core%20Modules/Capium365/src/test/resources/Capium365FeatureFiles/Capium365_Receipts_PurchaseInvoice.feature:89)
]]>
    </error>
  </testcase> <!-- runScenario -->
  <testcase classname="com.Capium365.RunnerFiles.Capium365_Receipts_PurchaseInvoice_Runner" name="runScenario" time="57.740"/>
  <testcase classname="com.Capium365.RunnerFiles.Capium365_Receipts_PurchaseInvoice_Runner" name="runScenario" time="71.669">
    <error message="no such element: Unable to locate element: {&quot;method&quot;:&quot;xpath&quot;,&quot;selector&quot;:&quot;//h6[normalize-space()=&#039;365&#039;]&quot;}
  (Session info: chrome=139.0.7258.128)
For documentation on this error, please visit: https://www.selenium.dev/documentation/webdriver/troubleshooting/errors#no-such-element-exception
Build info: version: &#039;4.23.0&#039;, revision: &#039;4df0a231af&#039;
System info: os.name: &#039;Windows 10&#039;, os.arch: &#039;amd64&#039;, os.version: &#039;10.0&#039;, java.version: &#039;17.0.12&#039;
Driver info: org.openqa.selenium.chrome.ChromeDriver
Command: [e42172841f15646a51900cc12130bfaa, findElement {using=xpath, value=//h6[normalize-space()=&#039;365&#039;]}]
Capabilities {acceptInsecureCerts: false, browserName: chrome, browserVersion: 139.0.7258.128, chrome: {chromedriverVersion: 139.0.7258.138 (884e54ea8d4..., userDataDir: C:\Users\user\AppData\Local...}, fedcm:accounts: true, goog:chromeOptions: {debuggerAddress: localhost:59873}, networkConnectionEnabled: false, pageLoadStrategy: normal, platformName: windows, proxy: Proxy(), se:cdp: ws://localhost:59873/devtoo..., se:cdpVersion: 139.0.7258.128, setWindowRect: true, strictFileInteractability: false, timeouts: {implicit: 0, pageLoad: 300000, script: 30000}, unhandledPromptBehavior: dismiss and notify, webauthn:extension:credBlob: true, webauthn:extension:largeBlob: true, webauthn:extension:minPinLength: true, webauthn:extension:prf: true, webauthn:virtualAuthenticators: true}
Session ID: e42172841f15646a51900cc12130bfaa" type="org.openqa.selenium.NoSuchElementException">
      <![CDATA[org.openqa.selenium.NoSuchElementException: no such element: Unable to locate element: {"method":"xpath","selector":"//h6[normalize-space()='365']"}
  (Session info: chrome=139.0.7258.128)
For documentation on this error, please visit: https://www.selenium.dev/documentation/webdriver/troubleshooting/errors#no-such-element-exception
Build info: version: '4.23.0', revision: '4df0a231af'
System info: os.name: 'Windows 10', os.arch: 'amd64', os.version: '10.0', java.version: '17.0.12'
Driver info: org.openqa.selenium.chrome.ChromeDriver
Command: [e42172841f15646a51900cc12130bfaa, findElement {using=xpath, value=//h6[normalize-space()='365']}]
Capabilities {acceptInsecureCerts: false, browserName: chrome, browserVersion: 139.0.7258.128, chrome: {chromedriverVersion: 139.0.7258.138 (884e54ea8d4..., userDataDir: C:\Users\user\AppData\Local...}, fedcm:accounts: true, goog:chromeOptions: {debuggerAddress: localhost:59873}, networkConnectionEnabled: false, pageLoadStrategy: normal, platformName: windows, proxy: Proxy(), se:cdp: ws://localhost:59873/devtoo..., se:cdpVersion: 139.0.7258.128, setWindowRect: true, strictFileInteractability: false, timeouts: {implicit: 0, pageLoad: 300000, script: 30000}, unhandledPromptBehavior: dismiss and notify, webauthn:extension:credBlob: true, webauthn:extension:largeBlob: true, webauthn:extension:minPinLength: true, webauthn:extension:prf: true, webauthn:virtualAuthenticators: true}
Session ID: e42172841f15646a51900cc12130bfaa
at jdk.internal.reflect.GeneratedConstructorAccessor28.newInstance(Unknown Source)
at java.base/jdk.internal.reflect.DelegatingConstructorAccessorImpl.newInstance(DelegatingConstructorAccessorImpl.java:45)
at java.base/java.lang.reflect.Constructor.newInstanceWithCaller(Constructor.java:499)
at java.base/java.lang.reflect.Constructor.newInstance(Constructor.java:480)
at org.openqa.selenium.remote.ErrorCodec.decode(ErrorCodec.java:167)
at org.openqa.selenium.remote.codec.w3c.W3CHttpResponseCodec.decode(W3CHttpResponseCodec.java:138)
at org.openqa.selenium.remote.codec.w3c.W3CHttpResponseCodec.decode(W3CHttpResponseCodec.java:50)
at org.openqa.selenium.remote.HttpCommandExecutor.execute(HttpCommandExecutor.java:190)
at org.openqa.selenium.remote.service.DriverCommandExecutor.invokeExecute(DriverCommandExecutor.java:216)
at org.openqa.selenium.remote.service.DriverCommandExecutor.execute(DriverCommandExecutor.java:174)
at org.openqa.selenium.remote.RemoteWebDriver.execute(RemoteWebDriver.java:527)
at org.openqa.selenium.remote.ElementLocation$ElementFinder$2.findElement(ElementLocation.java:165)
at org.openqa.selenium.remote.ElementLocation.findElement(ElementLocation.java:59)
at org.openqa.selenium.remote.RemoteWebDriver.findElement(RemoteWebDriver.java:357)
at org.openqa.selenium.remote.RemoteWebDriver.findElement(RemoteWebDriver.java:351)
at com.Capium.Utilites.HelperClass.isElementPresent(HelperClass.java:237)
at com.Capium365.Actions.LoginActions.clickCapium365ClientLogin(LoginActions.java:97)
at com.Capium365.StepDefination.LoginStepDefination.click_on_capium365_client_login(LoginStepDefination.java:34)
at ✽.Click on Capium365 Client login(file:///D:/Core%20Modules/Capium365/src/test/resources/Capium365FeatureFiles/Capium365_Receipts_PurchaseInvoice.feature:6)
]]>
    </error>
  </testcase> <!-- runScenario -->
  <testcase classname="com.Capium365.RunnerFiles.Capium365_Receipts_PurchaseInvoice_Runner" name="runScenario" time="60.764"/>
  <testcase classname="com.Capium365.RunnerFiles.Capium365_Receipts_PurchaseInvoice_Runner" name="runScenario" time="51.338"/>
  <testcase classname="com.Capium365.RunnerFiles.Capium365_Receipts_PurchaseInvoice_Runner" name="runScenario" time="44.881"/>
  <testcase classname="com.Capium365.RunnerFiles.Capium365_Receipts_PurchaseInvoice_Runner" name="runScenario" time="46.479"/>
  <testcase classname="com.Capium365.RunnerFiles.Capium365_Receipts_PurchaseInvoice_Runner" name="runScenario" time="72.101">
    <error message="no such element: Unable to locate element: {&quot;method&quot;:&quot;xpath&quot;,&quot;selector&quot;:&quot;//h6[normalize-space()=&#039;365&#039;]&quot;}
  (Session info: chrome=139.0.7258.128)
For documentation on this error, please visit: https://www.selenium.dev/documentation/webdriver/troubleshooting/errors#no-such-element-exception
Build info: version: &#039;4.23.0&#039;, revision: &#039;4df0a231af&#039;
System info: os.name: &#039;Windows 10&#039;, os.arch: &#039;amd64&#039;, os.version: &#039;10.0&#039;, java.version: &#039;17.0.12&#039;
Driver info: org.openqa.selenium.chrome.ChromeDriver
Command: [e42172841f15646a51900cc12130bfaa, findElement {using=xpath, value=//h6[normalize-space()=&#039;365&#039;]}]
Capabilities {acceptInsecureCerts: false, browserName: chrome, browserVersion: 139.0.7258.128, chrome: {chromedriverVersion: 139.0.7258.138 (884e54ea8d4..., userDataDir: C:\Users\user\AppData\Local...}, fedcm:accounts: true, goog:chromeOptions: {debuggerAddress: localhost:59873}, networkConnectionEnabled: false, pageLoadStrategy: normal, platformName: windows, proxy: Proxy(), se:cdp: ws://localhost:59873/devtoo..., se:cdpVersion: 139.0.7258.128, setWindowRect: true, strictFileInteractability: false, timeouts: {implicit: 0, pageLoad: 300000, script: 30000}, unhandledPromptBehavior: dismiss and notify, webauthn:extension:credBlob: true, webauthn:extension:largeBlob: true, webauthn:extension:minPinLength: true, webauthn:extension:prf: true, webauthn:virtualAuthenticators: true}
Session ID: e42172841f15646a51900cc12130bfaa" type="org.openqa.selenium.NoSuchElementException">
      <![CDATA[org.openqa.selenium.NoSuchElementException: no such element: Unable to locate element: {"method":"xpath","selector":"//h6[normalize-space()='365']"}
  (Session info: chrome=139.0.7258.128)
For documentation on this error, please visit: https://www.selenium.dev/documentation/webdriver/troubleshooting/errors#no-such-element-exception
Build info: version: '4.23.0', revision: '4df0a231af'
System info: os.name: 'Windows 10', os.arch: 'amd64', os.version: '10.0', java.version: '17.0.12'
Driver info: org.openqa.selenium.chrome.ChromeDriver
Command: [e42172841f15646a51900cc12130bfaa, findElement {using=xpath, value=//h6[normalize-space()='365']}]
Capabilities {acceptInsecureCerts: false, browserName: chrome, browserVersion: 139.0.7258.128, chrome: {chromedriverVersion: 139.0.7258.138 (884e54ea8d4..., userDataDir: C:\Users\user\AppData\Local...}, fedcm:accounts: true, goog:chromeOptions: {debuggerAddress: localhost:59873}, networkConnectionEnabled: false, pageLoadStrategy: normal, platformName: windows, proxy: Proxy(), se:cdp: ws://localhost:59873/devtoo..., se:cdpVersion: 139.0.7258.128, setWindowRect: true, strictFileInteractability: false, timeouts: {implicit: 0, pageLoad: 300000, script: 30000}, unhandledPromptBehavior: dismiss and notify, webauthn:extension:credBlob: true, webauthn:extension:largeBlob: true, webauthn:extension:minPinLength: true, webauthn:extension:prf: true, webauthn:virtualAuthenticators: true}
Session ID: e42172841f15646a51900cc12130bfaa
at jdk.internal.reflect.GeneratedConstructorAccessor28.newInstance(Unknown Source)
at java.base/jdk.internal.reflect.DelegatingConstructorAccessorImpl.newInstance(DelegatingConstructorAccessorImpl.java:45)
at java.base/java.lang.reflect.Constructor.newInstanceWithCaller(Constructor.java:499)
at java.base/java.lang.reflect.Constructor.newInstance(Constructor.java:480)
at org.openqa.selenium.remote.ErrorCodec.decode(ErrorCodec.java:167)
at org.openqa.selenium.remote.codec.w3c.W3CHttpResponseCodec.decode(W3CHttpResponseCodec.java:138)
at org.openqa.selenium.remote.codec.w3c.W3CHttpResponseCodec.decode(W3CHttpResponseCodec.java:50)
at org.openqa.selenium.remote.HttpCommandExecutor.execute(HttpCommandExecutor.java:190)
at org.openqa.selenium.remote.service.DriverCommandExecutor.invokeExecute(DriverCommandExecutor.java:216)
at org.openqa.selenium.remote.service.DriverCommandExecutor.execute(DriverCommandExecutor.java:174)
at org.openqa.selenium.remote.RemoteWebDriver.execute(RemoteWebDriver.java:527)
at org.openqa.selenium.remote.ElementLocation$ElementFinder$2.findElement(ElementLocation.java:165)
at org.openqa.selenium.remote.ElementLocation.findElement(ElementLocation.java:59)
at org.openqa.selenium.remote.RemoteWebDriver.findElement(RemoteWebDriver.java:357)
at org.openqa.selenium.remote.RemoteWebDriver.findElement(RemoteWebDriver.java:351)
at com.Capium.Utilites.HelperClass.isElementPresent(HelperClass.java:237)
at com.Capium365.Actions.LoginActions.clickCapium365ClientLogin(LoginActions.java:97)
at com.Capium365.StepDefination.LoginStepDefination.click_on_capium365_client_login(LoginStepDefination.java:34)
at ✽.Click on Capium365 Client login(file:///D:/Core%20Modules/Capium365/src/test/resources/Capium365FeatureFiles/Capium365_Receipts_PurchaseInvoice.feature:6)
]]>
    </error>
  </testcase> <!-- runScenario -->
  <testcase classname="com.Capium365.RunnerFiles.Capium365_Receipts_PurchaseInvoice_Runner" name="runScenario" time="44.776"/>
  <testcase classname="com.Capium365.RunnerFiles.Capium365_Receipts_PurchaseInvoice_Runner" name="runScenario" time="36.888"/>
  <testcase classname="com.Capium365.RunnerFiles.Capium365_Receipts_PurchaseInvoice_Runner" name="runScenario" time="99.484">
    <error message="Expected condition failed: waiting for visibility of element located by By.xpath: //span[contains(text(), &#039;Receipts&#039;)] (tried for 10 second(s) with 500 milliseconds interval)
Build info: version: &#039;4.23.0&#039;, revision: &#039;4df0a231af&#039;
System info: os.name: &#039;Windows 10&#039;, os.arch: &#039;amd64&#039;, os.version: &#039;10.0&#039;, java.version: &#039;17.0.12&#039;
Driver info: org.openqa.selenium.chrome.ChromeDriver
Capabilities {acceptInsecureCerts: false, browserName: chrome, browserVersion: 139.0.7258.128, chrome: {chromedriverVersion: 139.0.7258.138 (884e54ea8d4..., userDataDir: C:\Users\user\AppData\Local...}, fedcm:accounts: true, goog:chromeOptions: {debuggerAddress: localhost:59873}, networkConnectionEnabled: false, pageLoadStrategy: normal, platformName: windows, proxy: Proxy(), se:cdp: ws://localhost:59873/devtoo..., se:cdpVersion: 139.0.7258.128, setWindowRect: true, strictFileInteractability: false, timeouts: {implicit: 0, pageLoad: 300000, script: 30000}, unhandledPromptBehavior: dismiss and notify, webauthn:extension:credBlob: true, webauthn:extension:largeBlob: true, webauthn:extension:minPinLength: true, webauthn:extension:prf: true, webauthn:virtualAuthenticators: true}
Session ID: e42172841f15646a51900cc12130bfaa" type="org.openqa.selenium.TimeoutException">
      <![CDATA[org.openqa.selenium.TimeoutException: Expected condition failed: waiting for visibility of element located by By.xpath: //span[contains(text(), 'Receipts')] (tried for 10 second(s) with 500 milliseconds interval)
Build info: version: '4.23.0', revision: '4df0a231af'
System info: os.name: 'Windows 10', os.arch: 'amd64', os.version: '10.0', java.version: '17.0.12'
Driver info: org.openqa.selenium.chrome.ChromeDriver
Capabilities {acceptInsecureCerts: false, browserName: chrome, browserVersion: 139.0.7258.128, chrome: {chromedriverVersion: 139.0.7258.138 (884e54ea8d4..., userDataDir: C:\Users\user\AppData\Local...}, fedcm:accounts: true, goog:chromeOptions: {debuggerAddress: localhost:59873}, networkConnectionEnabled: false, pageLoadStrategy: normal, platformName: windows, proxy: Proxy(), se:cdp: ws://localhost:59873/devtoo..., se:cdpVersion: 139.0.7258.128, setWindowRect: true, strictFileInteractability: false, timeouts: {implicit: 0, pageLoad: 300000, script: 30000}, unhandledPromptBehavior: dismiss and notify, webauthn:extension:credBlob: true, webauthn:extension:largeBlob: true, webauthn:extension:minPinLength: true, webauthn:extension:prf: true, webauthn:virtualAuthenticators: true}
Session ID: e42172841f15646a51900cc12130bfaa
at org.openqa.selenium.support.ui.WebDriverWait.timeoutException(WebDriverWait.java:84)
at org.openqa.selenium.support.ui.FluentWait.until(FluentWait.java:228)
at com.Capium365.Actions.Capium365_Receipts_PurchaseInvoice_Actions.clickOnReceiptsMenu(Capium365_Receipts_PurchaseInvoice_Actions.java:36)
at com.Capium365.StepDefination.Capium365_Receipts_PurchaseInvoice_Stepdefination.click_on_receipts_menu(Capium365_Receipts_PurchaseInvoice_Stepdefination.java:21)
at ✽.Click on Receipts Menu(file:///D:/Core%20Modules/Capium365/src/test/resources/Capium365FeatureFiles/Capium365_Receipts_PurchaseInvoice.feature:419)
]]>
    </error>
  </testcase> <!-- runScenario -->
  <testcase classname="com.Capium365.RunnerFiles.Capium365_Receipts_PurchaseInvoice_Runner" name="runScenario" time="101.325">
    <error message="Expected condition failed: waiting for visibility of element located by By.xpath: //span[contains(text(), &#039;Receipts&#039;)] (tried for 10 second(s) with 500 milliseconds interval)
Build info: version: &#039;4.23.0&#039;, revision: &#039;4df0a231af&#039;
System info: os.name: &#039;Windows 10&#039;, os.arch: &#039;amd64&#039;, os.version: &#039;10.0&#039;, java.version: &#039;17.0.12&#039;
Driver info: org.openqa.selenium.chrome.ChromeDriver
Capabilities {acceptInsecureCerts: false, browserName: chrome, browserVersion: 139.0.7258.128, chrome: {chromedriverVersion: 139.0.7258.138 (884e54ea8d4..., userDataDir: C:\Users\user\AppData\Local...}, fedcm:accounts: true, goog:chromeOptions: {debuggerAddress: localhost:59873}, networkConnectionEnabled: false, pageLoadStrategy: normal, platformName: windows, proxy: Proxy(), se:cdp: ws://localhost:59873/devtoo..., se:cdpVersion: 139.0.7258.128, setWindowRect: true, strictFileInteractability: false, timeouts: {implicit: 0, pageLoad: 300000, script: 30000}, unhandledPromptBehavior: dismiss and notify, webauthn:extension:credBlob: true, webauthn:extension:largeBlob: true, webauthn:extension:minPinLength: true, webauthn:extension:prf: true, webauthn:virtualAuthenticators: true}
Session ID: e42172841f15646a51900cc12130bfaa" type="org.openqa.selenium.TimeoutException">
      <![CDATA[org.openqa.selenium.TimeoutException: Expected condition failed: waiting for visibility of element located by By.xpath: //span[contains(text(), 'Receipts')] (tried for 10 second(s) with 500 milliseconds interval)
Build info: version: '4.23.0', revision: '4df0a231af'
System info: os.name: 'Windows 10', os.arch: 'amd64', os.version: '10.0', java.version: '17.0.12'
Driver info: org.openqa.selenium.chrome.ChromeDriver
Capabilities {acceptInsecureCerts: false, browserName: chrome, browserVersion: 139.0.7258.128, chrome: {chromedriverVersion: 139.0.7258.138 (884e54ea8d4..., userDataDir: C:\Users\user\AppData\Local...}, fedcm:accounts: true, goog:chromeOptions: {debuggerAddress: localhost:59873}, networkConnectionEnabled: false, pageLoadStrategy: normal, platformName: windows, proxy: Proxy(), se:cdp: ws://localhost:59873/devtoo..., se:cdpVersion: 139.0.7258.128, setWindowRect: true, strictFileInteractability: false, timeouts: {implicit: 0, pageLoad: 300000, script: 30000}, unhandledPromptBehavior: dismiss and notify, webauthn:extension:credBlob: true, webauthn:extension:largeBlob: true, webauthn:extension:minPinLength: true, webauthn:extension:prf: true, webauthn:virtualAuthenticators: true}
Session ID: e42172841f15646a51900cc12130bfaa
at org.openqa.selenium.support.ui.WebDriverWait.timeoutException(WebDriverWait.java:84)
at org.openqa.selenium.support.ui.FluentWait.until(FluentWait.java:228)
at com.Capium365.Actions.Capium365_Receipts_PurchaseInvoice_Actions.clickOnReceiptsMenu(Capium365_Receipts_PurchaseInvoice_Actions.java:36)
at com.Capium365.StepDefination.Capium365_Receipts_PurchaseInvoice_Stepdefination.click_on_receipts_menu(Capium365_Receipts_PurchaseInvoice_Stepdefination.java:21)
at ✽.Click on Receipts Menu(file:///D:/Core%20Modules/Capium365/src/test/resources/Capium365FeatureFiles/Capium365_Receipts_PurchaseInvoice.feature:297)
]]>
    </error>
  </testcase> <!-- runScenario -->
  <testcase classname="com.Capium365.RunnerFiles.Capium365_Receipts_PurchaseInvoice_Runner" name="runScenario" time="42.674"/>
  <testcase classname="com.Capium365.RunnerFiles.Capium365_Receipts_PurchaseInvoice_Runner" name="runScenario" time="46.714"/>
  <testcase classname="com.Capium365.RunnerFiles.Capium365_Receipts_PurchaseInvoice_Runner" name="runScenario" time="72.394"/>
  <testcase classname="com.Capium365.RunnerFiles.Capium365_Receipts_PurchaseInvoice_Runner" name="runScenario" time="77.640"/>
  <testcase classname="com.Capium365.RunnerFiles.Capium365_Receipts_PurchaseInvoice_Runner" name="runScenario" time="41.051"/>
  <testcase classname="com.Capium365.RunnerFiles.Capium365_Receipts_PurchaseInvoice_Runner" name="runScenario" time="50.907"/>
  <testcase classname="com.Capium365.RunnerFiles.Capium365_Receipts_PurchaseInvoice_Runner" name="runScenario" time="38.693"/>
  <testcase classname="com.Capium365.RunnerFiles.Capium365_Receipts_PurchaseInvoice_Runner" name="runScenario" time="44.399"/>
  <testcase classname="com.Capium365.RunnerFiles.Capium365_Receipts_PurchaseInvoice_Runner" name="runScenario" time="69.842"/>
  <testcase classname="com.Capium365.RunnerFiles.Capium365_Receipts_PurchaseInvoice_Runner" name="runScenario" time="42.455"/>
  <testcase classname="com.Capium365.RunnerFiles.Capium365_Receipts_PurchaseInvoice_Runner" name="runScenario" time="38.767"/>
  <testcase classname="com.Capium365.RunnerFiles.Capium365_Receipts_PurchaseInvoice_Runner" name="runScenario" time="101.010">
    <error message="Expected condition failed: waiting for visibility of element located by By.xpath: //span[contains(text(), &#039;Receipts&#039;)] (tried for 10 second(s) with 500 milliseconds interval)
Build info: version: &#039;4.23.0&#039;, revision: &#039;4df0a231af&#039;
System info: os.name: &#039;Windows 10&#039;, os.arch: &#039;amd64&#039;, os.version: &#039;10.0&#039;, java.version: &#039;17.0.12&#039;
Driver info: org.openqa.selenium.chrome.ChromeDriver
Capabilities {acceptInsecureCerts: false, browserName: chrome, browserVersion: 139.0.7258.128, chrome: {chromedriverVersion: 139.0.7258.138 (884e54ea8d4..., userDataDir: C:\Users\user\AppData\Local...}, fedcm:accounts: true, goog:chromeOptions: {debuggerAddress: localhost:59873}, networkConnectionEnabled: false, pageLoadStrategy: normal, platformName: windows, proxy: Proxy(), se:cdp: ws://localhost:59873/devtoo..., se:cdpVersion: 139.0.7258.128, setWindowRect: true, strictFileInteractability: false, timeouts: {implicit: 0, pageLoad: 300000, script: 30000}, unhandledPromptBehavior: dismiss and notify, webauthn:extension:credBlob: true, webauthn:extension:largeBlob: true, webauthn:extension:minPinLength: true, webauthn:extension:prf: true, webauthn:virtualAuthenticators: true}
Session ID: e42172841f15646a51900cc12130bfaa" type="org.openqa.selenium.TimeoutException">
      <![CDATA[org.openqa.selenium.TimeoutException: Expected condition failed: waiting for visibility of element located by By.xpath: //span[contains(text(), 'Receipts')] (tried for 10 second(s) with 500 milliseconds interval)
Build info: version: '4.23.0', revision: '4df0a231af'
System info: os.name: 'Windows 10', os.arch: 'amd64', os.version: '10.0', java.version: '17.0.12'
Driver info: org.openqa.selenium.chrome.ChromeDriver
Capabilities {acceptInsecureCerts: false, browserName: chrome, browserVersion: 139.0.7258.128, chrome: {chromedriverVersion: 139.0.7258.138 (884e54ea8d4..., userDataDir: C:\Users\user\AppData\Local...}, fedcm:accounts: true, goog:chromeOptions: {debuggerAddress: localhost:59873}, networkConnectionEnabled: false, pageLoadStrategy: normal, platformName: windows, proxy: Proxy(), se:cdp: ws://localhost:59873/devtoo..., se:cdpVersion: 139.0.7258.128, setWindowRect: true, strictFileInteractability: false, timeouts: {implicit: 0, pageLoad: 300000, script: 30000}, unhandledPromptBehavior: dismiss and notify, webauthn:extension:credBlob: true, webauthn:extension:largeBlob: true, webauthn:extension:minPinLength: true, webauthn:extension:prf: true, webauthn:virtualAuthenticators: true}
Session ID: e42172841f15646a51900cc12130bfaa
at org.openqa.selenium.support.ui.WebDriverWait.timeoutException(WebDriverWait.java:84)
at org.openqa.selenium.support.ui.FluentWait.until(FluentWait.java:228)
at com.Capium365.Actions.Capium365_Receipts_PurchaseInvoice_Actions.clickOnReceiptsMenu(Capium365_Receipts_PurchaseInvoice_Actions.java:36)
at com.Capium365.StepDefination.Capium365_Receipts_PurchaseInvoice_Stepdefination.click_on_receipts_menu(Capium365_Receipts_PurchaseInvoice_Stepdefination.java:21)
at ✽.Click on Receipts Menu(file:///D:/Core%20Modules/Capium365/src/test/resources/Capium365FeatureFiles/Capium365_Receipts_PurchaseInvoice.feature:192)
]]>
    </error>
  </testcase> <!-- runScenario -->
  <testcase classname="com.Capium365.RunnerFiles.Capium365_Receipts_PurchaseInvoice_Runner" name="runScenario" time="74.795"/>
  <testcase classname="com.Capium365.RunnerFiles.Capium365_Receipts_PurchaseInvoice_Runner" name="runScenario" time="36.060"/>
  <testcase classname="com.Capium365.RunnerFiles.Capium365_Receipts_PurchaseInvoice_Runner" name="runScenario" time="37.841"/>
  <testcase classname="com.Capium365.RunnerFiles.Capium365_Receipts_PurchaseInvoice_Runner" name="runScenario" time="46.280"/>
  <testcase classname="com.Capium365.RunnerFiles.Capium365_Receipts_PurchaseInvoice_Runner" name="runScenario" time="100.133">
    <error message="Expected condition failed: waiting for visibility of element located by By.xpath: //span[contains(text(), &#039;Receipts&#039;)] (tried for 10 second(s) with 500 milliseconds interval)
Build info: version: &#039;4.23.0&#039;, revision: &#039;4df0a231af&#039;
System info: os.name: &#039;Windows 10&#039;, os.arch: &#039;amd64&#039;, os.version: &#039;10.0&#039;, java.version: &#039;17.0.12&#039;
Driver info: org.openqa.selenium.chrome.ChromeDriver
Capabilities {acceptInsecureCerts: false, browserName: chrome, browserVersion: 139.0.7258.128, chrome: {chromedriverVersion: 139.0.7258.138 (884e54ea8d4..., userDataDir: C:\Users\user\AppData\Local...}, fedcm:accounts: true, goog:chromeOptions: {debuggerAddress: localhost:59873}, networkConnectionEnabled: false, pageLoadStrategy: normal, platformName: windows, proxy: Proxy(), se:cdp: ws://localhost:59873/devtoo..., se:cdpVersion: 139.0.7258.128, setWindowRect: true, strictFileInteractability: false, timeouts: {implicit: 0, pageLoad: 300000, script: 30000}, unhandledPromptBehavior: dismiss and notify, webauthn:extension:credBlob: true, webauthn:extension:largeBlob: true, webauthn:extension:minPinLength: true, webauthn:extension:prf: true, webauthn:virtualAuthenticators: true}
Session ID: e42172841f15646a51900cc12130bfaa" type="org.openqa.selenium.TimeoutException">
      <![CDATA[org.openqa.selenium.TimeoutException: Expected condition failed: waiting for visibility of element located by By.xpath: //span[contains(text(), 'Receipts')] (tried for 10 second(s) with 500 milliseconds interval)
Build info: version: '4.23.0', revision: '4df0a231af'
System info: os.name: 'Windows 10', os.arch: 'amd64', os.version: '10.0', java.version: '17.0.12'
Driver info: org.openqa.selenium.chrome.ChromeDriver
Capabilities {acceptInsecureCerts: false, browserName: chrome, browserVersion: 139.0.7258.128, chrome: {chromedriverVersion: 139.0.7258.138 (884e54ea8d4..., userDataDir: C:\Users\user\AppData\Local...}, fedcm:accounts: true, goog:chromeOptions: {debuggerAddress: localhost:59873}, networkConnectionEnabled: false, pageLoadStrategy: normal, platformName: windows, proxy: Proxy(), se:cdp: ws://localhost:59873/devtoo..., se:cdpVersion: 139.0.7258.128, setWindowRect: true, strictFileInteractability: false, timeouts: {implicit: 0, pageLoad: 300000, script: 30000}, unhandledPromptBehavior: dismiss and notify, webauthn:extension:credBlob: true, webauthn:extension:largeBlob: true, webauthn:extension:minPinLength: true, webauthn:extension:prf: true, webauthn:virtualAuthenticators: true}
Session ID: e42172841f15646a51900cc12130bfaa
at org.openqa.selenium.support.ui.WebDriverWait.timeoutException(WebDriverWait.java:84)
at org.openqa.selenium.support.ui.FluentWait.until(FluentWait.java:228)
at com.Capium365.Actions.Capium365_Receipts_PurchaseInvoice_Actions.clickOnReceiptsMenu(Capium365_Receipts_PurchaseInvoice_Actions.java:36)
at com.Capium365.StepDefination.Capium365_Receipts_PurchaseInvoice_Stepdefination.click_on_receipts_menu(Capium365_Receipts_PurchaseInvoice_Stepdefination.java:21)
at ✽.Click on Receipts Menu(file:///D:/Core%20Modules/Capium365/src/test/resources/Capium365FeatureFiles/Capium365_Receipts_PurchaseInvoice.feature:269)
]]>
    </error>
  </testcase> <!-- runScenario -->
  <testcase classname="com.Capium365.RunnerFiles.Capium365_Receipts_PurchaseInvoice_Runner" name="runScenario" time="42.303"/>
  <testcase classname="com.Capium365.RunnerFiles.Capium365_Receipts_PurchaseInvoice_Runner" name="runScenario" time="72.076">
    <error message="no such element: Unable to locate element: {&quot;method&quot;:&quot;xpath&quot;,&quot;selector&quot;:&quot;//h6[normalize-space()=&#039;365&#039;]&quot;}
  (Session info: chrome=139.0.7258.128)
For documentation on this error, please visit: https://www.selenium.dev/documentation/webdriver/troubleshooting/errors#no-such-element-exception
Build info: version: &#039;4.23.0&#039;, revision: &#039;4df0a231af&#039;
System info: os.name: &#039;Windows 10&#039;, os.arch: &#039;amd64&#039;, os.version: &#039;10.0&#039;, java.version: &#039;17.0.12&#039;
Driver info: org.openqa.selenium.chrome.ChromeDriver
Command: [e42172841f15646a51900cc12130bfaa, findElement {using=xpath, value=//h6[normalize-space()=&#039;365&#039;]}]
Capabilities {acceptInsecureCerts: false, browserName: chrome, browserVersion: 139.0.7258.128, chrome: {chromedriverVersion: 139.0.7258.138 (884e54ea8d4..., userDataDir: C:\Users\user\AppData\Local...}, fedcm:accounts: true, goog:chromeOptions: {debuggerAddress: localhost:59873}, networkConnectionEnabled: false, pageLoadStrategy: normal, platformName: windows, proxy: Proxy(), se:cdp: ws://localhost:59873/devtoo..., se:cdpVersion: 139.0.7258.128, setWindowRect: true, strictFileInteractability: false, timeouts: {implicit: 0, pageLoad: 300000, script: 30000}, unhandledPromptBehavior: dismiss and notify, webauthn:extension:credBlob: true, webauthn:extension:largeBlob: true, webauthn:extension:minPinLength: true, webauthn:extension:prf: true, webauthn:virtualAuthenticators: true}
Session ID: e42172841f15646a51900cc12130bfaa" type="org.openqa.selenium.NoSuchElementException">
      <![CDATA[org.openqa.selenium.NoSuchElementException: no such element: Unable to locate element: {"method":"xpath","selector":"//h6[normalize-space()='365']"}
  (Session info: chrome=139.0.7258.128)
For documentation on this error, please visit: https://www.selenium.dev/documentation/webdriver/troubleshooting/errors#no-such-element-exception
Build info: version: '4.23.0', revision: '4df0a231af'
System info: os.name: 'Windows 10', os.arch: 'amd64', os.version: '10.0', java.version: '17.0.12'
Driver info: org.openqa.selenium.chrome.ChromeDriver
Command: [e42172841f15646a51900cc12130bfaa, findElement {using=xpath, value=//h6[normalize-space()='365']}]
Capabilities {acceptInsecureCerts: false, browserName: chrome, browserVersion: 139.0.7258.128, chrome: {chromedriverVersion: 139.0.7258.138 (884e54ea8d4..., userDataDir: C:\Users\user\AppData\Local...}, fedcm:accounts: true, goog:chromeOptions: {debuggerAddress: localhost:59873}, networkConnectionEnabled: false, pageLoadStrategy: normal, platformName: windows, proxy: Proxy(), se:cdp: ws://localhost:59873/devtoo..., se:cdpVersion: 139.0.7258.128, setWindowRect: true, strictFileInteractability: false, timeouts: {implicit: 0, pageLoad: 300000, script: 30000}, unhandledPromptBehavior: dismiss and notify, webauthn:extension:credBlob: true, webauthn:extension:largeBlob: true, webauthn:extension:minPinLength: true, webauthn:extension:prf: true, webauthn:virtualAuthenticators: true}
Session ID: e42172841f15646a51900cc12130bfaa
at jdk.internal.reflect.GeneratedConstructorAccessor28.newInstance(Unknown Source)
at java.base/jdk.internal.reflect.DelegatingConstructorAccessorImpl.newInstance(DelegatingConstructorAccessorImpl.java:45)
at java.base/java.lang.reflect.Constructor.newInstanceWithCaller(Constructor.java:499)
at java.base/java.lang.reflect.Constructor.newInstance(Constructor.java:480)
at org.openqa.selenium.remote.ErrorCodec.decode(ErrorCodec.java:167)
at org.openqa.selenium.remote.codec.w3c.W3CHttpResponseCodec.decode(W3CHttpResponseCodec.java:138)
at org.openqa.selenium.remote.codec.w3c.W3CHttpResponseCodec.decode(W3CHttpResponseCodec.java:50)
at org.openqa.selenium.remote.HttpCommandExecutor.execute(HttpCommandExecutor.java:190)
at org.openqa.selenium.remote.service.DriverCommandExecutor.invokeExecute(DriverCommandExecutor.java:216)
at org.openqa.selenium.remote.service.DriverCommandExecutor.execute(DriverCommandExecutor.java:174)
at org.openqa.selenium.remote.RemoteWebDriver.execute(RemoteWebDriver.java:527)
at org.openqa.selenium.remote.ElementLocation$ElementFinder$2.findElement(ElementLocation.java:165)
at org.openqa.selenium.remote.ElementLocation.findElement(ElementLocation.java:59)
at org.openqa.selenium.remote.RemoteWebDriver.findElement(RemoteWebDriver.java:357)
at org.openqa.selenium.remote.RemoteWebDriver.findElement(RemoteWebDriver.java:351)
at com.Capium.Utilites.HelperClass.isElementPresent(HelperClass.java:237)
at com.Capium365.Actions.LoginActions.clickCapium365ClientLogin(LoginActions.java:97)
at com.Capium365.StepDefination.LoginStepDefination.click_on_capium365_client_login(LoginStepDefination.java:34)
at ✽.Click on Capium365 Client login(file:///D:/Core%20Modules/Capium365/src/test/resources/Capium365FeatureFiles/Capium365_Receipts_PurchaseInvoice.feature:6)
]]>
    </error>
  </testcase> <!-- runScenario -->
  <testcase classname="com.Capium365.RunnerFiles.Capium365_Receipts_PurchaseInvoice_Runner" name="runScenario" time="40.701"/>
  <testcase classname="com.Capium365.RunnerFiles.Capium365_Receipts_PurchaseInvoice_Runner" name="runScenario" time="61.832"/>
  <testcase classname="com.Capium365.RunnerFiles.Capium365_Receipts_PurchaseInvoice_Runner" name="runScenario" time="65.381"/>
  <testcase classname="com.Capium365.RunnerFiles.Capium365_Receipts_PurchaseInvoice_Runner" name="runScenario" time="45.383"/>
  <testcase classname="com.Capium365.RunnerFiles.Capium365_Receipts_PurchaseInvoice_Runner" name="runScenario" time="70.019"/>
  <testcase classname="com.Capium365.RunnerFiles.Capium365_Receipts_PurchaseInvoice_Runner" name="runScenario" time="38.562"/>
</testsuite> <!-- com.Capium365.RunnerFiles.Capium365_Receipts_PurchaseInvoice_Runner -->
